netcdf aeronet_aod {
dimensions:
	nvars = 8 ;
	nlocs = 2951 ;
	nstring = 50 ;
	ndatetime = 20 ;
variables:
	float aerosol_optical_depth_1@ObsValue(nlocs) ;
	int aerosol_optical_depth_1@PreQC(nlocs) ;
	float aerosol_optical_depth_1@ObsError(nlocs) ;
	float aerosol_optical_depth_2@ObsValue(nlocs) ;
	int aerosol_optical_depth_2@PreQC(nlocs) ;
	float aerosol_optical_depth_2@ObsError(nlocs) ;
	float aerosol_optical_depth_3@ObsValue(nlocs) ;
	int aerosol_optical_depth_3@PreQC(nlocs) ;
	float aerosol_optical_depth_3@ObsError(nlocs) ;
	float aerosol_optical_depth_4@ObsValue(nlocs) ;
	int aerosol_optical_depth_4@PreQC(nlocs) ;
	float aerosol_optical_depth_4@ObsError(nlocs) ;
	float aerosol_optical_depth_5@ObsValue(nlocs) ;
	int aerosol_optical_depth_5@PreQC(nlocs) ;
	float aerosol_optical_depth_5@ObsError(nlocs) ;
	float aerosol_optical_depth_6@ObsValue(nlocs) ;
	int aerosol_optical_depth_6@PreQC(nlocs) ;
	float aerosol_optical_depth_6@ObsError(nlocs) ;
	float aerosol_optical_depth_7@ObsValue(nlocs) ;
	int aerosol_optical_depth_7@PreQC(nlocs) ;
	float aerosol_optical_depth_7@ObsError(nlocs) ;
	float aerosol_optical_depth_8@ObsValue(nlocs) ;
	int aerosol_optical_depth_8@PreQC(nlocs) ;
	float aerosol_optical_depth_8@ObsError(nlocs) ;
	float time@MetaData(nlocs) ;
	float latitude@MetaData(nlocs) ;
		string latitude@MetaData:units = "degree" ;
	float longitude@MetaData(nlocs) ;
		string longitude@MetaData:units = "degree" ;
	float station_elevation@MetaData(nlocs) ;
		string station_elevation@MetaData:units = "m" ;
	int surface_type@MetaData(nlocs) ;
	char station_id@MetaData(nlocs, nstring) ;
	char datetime@MetaData(nlocs, ndatetime) ;
	float frequency@VarMetaData(nvars) ;
	int sensor_channel@VarMetaData(nvars) ;

// global attributes:
		:nvars = 8 ;
		:nlocs = 2951 ;
		:observation_type = "Aod" ;
		:date_time = 2022092512 ;
		:sensor = "aeronet" ;
		:surface_type = "ocean=0,land=1,costal=2" ;
data:

 aerosol_optical_depth_4@ObsValue = 0.033226, 0.026394, 0.055188, 0.028161, 
    0.027444, 0.027047, 0.0275, 0.025532, 0.025077, 0.024619, 0.027488, 
    0.028073, 0.028604, 0.028689, 0.02871, 0.02941, 0.029227, 0.029252, 
    0.029525, 0.029784, 0.031187, 0.03109, 0.030705, 0.030396, 0.030784, 
    0.030539, 0.029836, 0.031274, 0.031516, 0.031647, 0.168967, 0.169454, 
    0.056453, 0.050283, 0.051423, 0.050607, 0.050856, 0.049757, 0.049818, _, 
    0.070297, 0.072103, 0.077372, 0.076875, 0.061038, 0.084739, 0.061414, 
    0.266978, 0.270265, 0.269948, 0.268574, 0.271165, 0.274636, 0.271492, 
    0.267714, 0.268049, 0.263427, 0.262552, 0.260942, 0.260446, 0.268907, 
    0.270312, 0.278158, 0.277068, 0.278348, 0.286808, 0.293641, 0.298616, 
    0.294488, 0.299257, 0.297814, 0.303819, 0.301686, 0.297789, 0.293784, 
    0.292828, 0.296588, 0.294446, 0.295805, 0.297593, 0.304384, 0.300496, 
    0.092367, 0.090671, 0.096048, 0.094599, 0.093416, 0.097596, 0.09387, 
    0.096267, 0.099029, 0.103374, 0.1004, 0.09954, 0.101749, 0.102708, 
    0.09893, 0.105508, 0.104333, 0.106467, 0.108601, 0.110573, 0.109419, 
    0.110766, 0.110035, 0.111212, 0.114101, 0.114784, 0.117227, 0.115167, 
    0.120983, 0.117892, 0.120752, 0.141937, 0.13707, 0.139284, 0.139592, 
    0.138884, 0.14664, 0.03566, 0.035013, 0.033444, 0.03335, 0.031305, 
    0.034294, 0.036398, 0.028997, 0.030322, 0.022648, 0.022569, 0.023046, 
    0.023015, 0.022404, 0.02202, 0.021736, 0.021234, 0.020717, 0.020261, 
    0.02062, 0.019348, 0.01915, 0.019017, 0.018989, 0.018125, 0.017937, 
    0.017897, 0.068858, 0.075562, 0.069103, 0.072139, 0.073082, 0.072473, 
    0.073529, 0.074335, 0.07398, 0.072917, 0.062405, 0.110193, 0.109136, 
    0.109029, 0.107904, 0.10786, 0.105025, 0.10384, 0.106595, 0.105217, 
    0.107592, 0.104876, 0.103309, 0.103091, 0.100774, 0.10271, 0.102184, 
    0.099607, 0.100014, 0.106396, 0.100482, 0.099278, 0.096535, 0.096908, 
    0.092557, 0.091727, 0.093628, 0.090684, 0.091034, 0.102367, 0.088339, 
    0.090241, 0.090638, 0.092201, 0.090606, 0.091342, 0.094135, 0.090953, 
    0.094419, 0.093085, 0.101614, 0.091661, 0.08769, 0.093283, 0.086214, 
    0.086713, 0.083798, 0.091409, 0.08697, 0.086455, 0.084503, 0.08468, 
    0.083337, 0.084292, 0.085819, 0.085634, 0.089599, 0.088588, 0.085452, 
    0.086918, 0.090527, 0.096055, 0.093393, 0.089988, 0.089856, 0.08733, 
    0.01243, 0.012561, 0.012968, 0.012559, 0.012463, 0.013001, 0.01302, 
    0.024477, 0.023788, 0.023428, 0.023351, 0.038835, 0.036901, 0.040021, 
    0.040328, 0.037937, 0.040796, 0.040939, 0.044511, 0.041628, 0.040754, 
    0.043766, 0.041064, 0.039582, 0.04101, 0.042066, 0.039567, 0.039943, 
    0.035429, 0.034268, 0.03556, 0.039344, 0.041529, 0.041711, 0.038769, 
    0.041857, 0.045603, 0.039103, 0.043444, 0.044427, 0.042346, 0.043815, 
    0.044201, 0.041216, 0.043721, 0.038728, 0.055221, 0.043743, 0.048735, 
    0.043262, 0.047675, 0.041916, 0.038698, 0.039251, 0.042399, 0.04118, 
    0.040052, 0.037438, 0.043715, 0.046392, 0.04253, 0.047928, 0.042656, 
    0.050639, 0.051721, 0.052044, 0.047308, 0.047822, 0.047932, 0.049492, 
    0.049524, 0.050652, 0.050595, 0.055908, 0.058389, 0.050691, 0.05205, 
    0.053713, 0.04981, 0.048531, 0.048196, 0.052381, 0.064491, 0.07742, 
    0.08909, 0.064861, 0.051638, 0.048133, 0.048879, 0.049253, 0.052318, 
    0.063518, 0.053908, 0.055985, 0.054135, 0.05901, 0.043621, 0.050013, 
    0.054322, 0.05507, 0.050031, 0.057845, 0.05623, 0.061237, 0.050358, 
    0.055736, 0.077515, 0.061208, 0.049986, 0.099857, 0.046312, 0.0502, 
    0.069936, 0.061937, 0.059233, 0.098977, 0.127069, 0.058872, 0.107858, 
    0.08855, 0.062379, 0.118913, 0.121896, 0.114582, 0.080409, 0.087751, 
    0.085735, 0.215147, 0.213959, 0.217445, 0.213998, 0.214539, 0.211048, 
    0.205036, 0.200922, 0.20065, 0.200344, 0.200904, 0.199883, 0.199356, 
    0.198944, 0.202077, 0.198871, 0.199061, 0.203691, 0.196505, 0.201224, 
    0.206587, 0.206923, 0.205205, 0.199961, 0.199076, 0.203598, 0.2144, 
    0.216303, 0.067096, 0.069322, 0.066604, 0.057993, 0.058267, 0.059272, 
    0.056316, 0.060126, 0.067519, 0.064218, 0.078952, 0.081772, 0.079394, 
    0.07447, 0.067374, 0.090879, 0.092931, 0.08252, 0.095618, 0.094095, 
    0.07059, 0.074148, 0.074947, 0.072493, 0.075261, 0.081399, 0.084345, 
    0.093956, 0.09457, 0.103844, 0.138924, 0.099314, 0.411902, 0.408445, 
    0.401841, 0.416653, 0.404489, 0.396583, 0.401199, 0.403742, 0.377598, 
    0.378289, 0.363989, 0.381866, 0.370382, 0.324384, 0.324967, 0.329816, 
    0.334093, 0.301776, 0.315077, 0.319234, 0.311149, 0.308505, 0.316718, 
    0.289253, 0.294898, 0.284669, 0.280231, 0.266734, 0.284503, 0.286883, 
    0.272677, 0.273847, 0.269279, 0.63616, 0.596012, 0.736217, 0.58224, 
    0.556189, 0.537997, 0.527109, 0.530389, 0.537285, 0.044827, 0.049673, 
    0.0497, 0.233986, 0.230262, 0.266773, 0.210963, 0.189017, 0.19622, 
    0.188727, 0.188811, 0.193807, 0.186625, 0.191931, 0.183748, 0.198882, 
    0.203417, 0.184741, 0.213697, 0.196765, 0.214073, 0.229249, 0.228403, 
    0.234097, 0.2513, 0.228731, 0.173721, 0.196356, 0.062434, 0.068375, 
    0.070631, 0.081201, 0.185989, 0.162965, 0.16945, 0.162458, 0.168527, 
    0.1483, 0.143704, 0.152464, 0.147599, 0.139195, 0.16569, 0.180199, 
    0.161022, 0.166217, 0.154528, 0.156473, 0.1436, 0.136981, 0.148138, 
    0.156889, 0.02879, 0.02975, 0.027473, 0.028195, 0.030395, 0.032074, 
    0.030343, 0.017397, 0.016163, 0.015503, 0.015715, 0.019595, 0.028136, 
    0.038686, 0.040466, 0.043107, 0.043759, 0.054421, 0.060645, 0.066771, 
    0.064947, 0.063527, 0.081152, 0.089984, 0.064096, 0.056089, 0.055689, 
    0.037053, 0.039729, 0.03813, 0.030633, 0.02599, 0.024613, 0.022082, 
    0.019701, 0.018607, 0.018898, 0.020418, 0.022349, 0.025016, 0.027583, 
    0.048098, 0.051987, 0.054468, 0.079167, 0.056677, 0.044865, 0.05608, 
    0.061151, 0.059675, 0.056201, 0.065465, 0.06364, 0.08042, 0.06913, 
    0.055753, 0.057599, 0.045413, 0.095696, 0.023134, 0.023217, 0.023609, 
    0.023197, 0.023255, 0.022574, 0.022302, 0.02224, 0.022315, 0.021749, 
    0.021407, 0.02125, 0.021987, 0.021264, 0.021389, 0.021549, 0.021383, 
    0.021606, 0.02203, 0.022078, 0.022085, 0.022568, 0.023079, 0.022553, 
    0.021995, 0.02245, 0.022778, 0.023275, 0.023756, 0.02408, 0.024109, 
    0.024536, 0.024622, 0.024096, 0.023725, 0.023959, 0.025108, 0.024213, 
    0.024314, 0.023918, 0.02499, 0.024136, 0.024533, 0.025297, 0.025731, 
    0.02559, 0.02655, 0.025822, 0.024788, 0.025086, 0.025169, 0.309455, 
    0.30431, 0.292845, 0.285065, 0.290991, 0.3047, 0.27784, 0.29459, 
    0.310781, 0.291676, 0.276602, 0.27587, 0.272266, 0.2742, 0.277112, 
    0.278101, 0.277736, 0.273593, 0.30066, 0.283022, 0.289721, 0.307919, 
    0.306786, 0.019729, 0.019159, 0.019316, 0.019951, 0.018214, 0.018599, 
    0.017193, 0.01719, 0.01869, 0.017957, 0.018279, 0.021195, 0.019941, 
    0.019836, 0.021321, 0.026959, 0.022588, 0.021479, 0.020594, 0.020888, 
    0.020268, 0.019723, 0.022183, 0.021661, 0.018179, 0.0203, 0.019058, 
    0.021751, 0.019494, 0.08967, 0.114816, 0.110385, 0.113053, 0.082407, 
    0.093875, 0.098839, 0.120855, 0.104669, 0.085878, 0.084685, 0.077714, 
    0.081611, 0.064804, 0.065699, 0.072818, 0.093878, 0.085559, 0.068312, 
    0.063072, 0.048287, 0.048385, 0.054122, 0.051313, 0.059125, 0.051451, 
    0.065587, 0.064076, 0.076228, 0.065031, 0.057252, 0.067939, 0.083995, 
    0.099658, 0.059166, 0.056441, 0.067714, 0.048329, 0.049622, 0.057685, 
    0.065607, 0.064439, 0.047455, 0.063458, 0.052149, 0.06349, 0.118145, 
    0.08035, 0.073584, 0.064867, 0.068901, 0.076922, 0.063776, 0.057077, 
    0.11005, 0.121214, _, _, 0.077361, 0.086081, 0.065583, 0.054696, 
    0.055045, 0.04861, 0.041207, 0.041808, 0.037227, 0.039718, 0.045532, 
    0.04531, 0.045046, 0.046719, 0.052679, 0.047926, 0.05018, 0.04684, 
    0.045729, 0.051347, 0.056859, 0.057647, 0.054837, 0.055677, 0.051652, 
    0.048062, 0.048048, 0.063527, 0.064289, 0.074398, 0.066225, 0.080522, 
    0.090902, 0.087674, 0.082737, 0.10114, 0.093844, 0.061614, 0.041876, 
    0.0435, 0.058306, 0.071783, 0.040574, 0.043677, 0.045018, 0.055323, 
    0.050556, 0.046737, 0.044908, 0.050593, 0.040937, 0.035719, 0.046096, 
    0.034366, 0.037935, 0.034317, 0.034438, 0.04032, 0.030799, 0.033591, 
    0.037443, 0.033774, 0.037121, 0.042994, 0.043704, 0.044724, 0.046146, 
    0.047716, 0.046209, 0.046322, 0.047815, 0.048002, 0.048475, 0.049176, 
    0.05164, 0.05371, 0.052426, 0.053412, 0.055451, 0.139801, 0.179203, 
    0.167648, 0.055494, 0.050327, 0.047957, 0.04518, 0.045793, 0.04531, 
    0.045125, 0.044711, 0.045769, 0.04516, 0.048218, 0.046474, 0.044999, 
    0.043534, 0.041367, 0.043177, 0.039903, 0.041351, 0.040364, 0.038999, 
    0.037485, 0.038379, 0.038647, 0.040026, 0.041903, 0.042198, 0.039091, 
    0.04025, 0.042578, 0.042989, 0.035625, 0.037887, 0.036621, 0.038338, 
    0.036937, 0.039183, 0.038789, 0.042132, 0.0378, 0.039446, 0.325749, 
    0.321972, 0.333464, 0.32591, 0.325214, 0.327706, 0.3303, 0.330859, 
    0.327952, 0.31974, 0.320539, 0.332294, 0.328537, 0.503667, 0.391834, 
    0.398153, 0.402085, 0.400326, 0.410358, 0.032966, 0.952704, 0.831651, 
    0.908322, 0.882933, 0.947153, 0.963821, 1.147238, 1.139979, 1.111745, 
    1.036298, 0.968817, 0.945836, 0.991461, 1.058113, 1.03488, 1.051646, 
    1.077214, 1.024718, 1.103559, 1.080518, 1.051132, 1.049838, 1.019743, 
    1.094134, 0.998665, 0.977024, 0.976175, 1.327574, 0.056721, 0.058131, 
    0.059924, 0.0603, 0.055145, 0.0537, 0.052292, 0.051196, 0.051507, 
    0.054305, 0.055363, 0.053578, 0.056117, 0.052815, 0.050792, 0.04906, 
    0.049333, 0.047795, 0.046935, 0.047031, 0.046986, 0.052217, 0.04539, 
    0.04917, 0.045974, 0.043896, 0.042477, 0.041695, 0.040628, 0.045723, 
    0.044461, 0.042584, 0.042182, 0.045799, 0.036441, 0.035937, 0.035968, 
    0.034245, 0.035582, 0.63224, 0.634443, 0.634656, 0.650538, 0.643228, 
    0.638471, 0.601946, 0.607945, 0.605538, 0.60036, 0.618488, 0.630739, 
    0.655017, 0.646557, 0.637424, 0.634405, 0.639334, 0.641761, 0.652347, 
    0.655634, 0.650029, 0.655729, 0.583609, 0.593413, 0.580593, 0.582986, 
    0.555133, 0.542599, 0.510388, 0.524539, 0.509034, 0.500599, 0.492025, 
    0.041026, 0.03206, 0.021905, 0.01967, 0.025755, 0.021628, 0.016779, 
    0.016532, 0.015984, 0.016022, 0.016137, 0.015909, 0.016028, 0.015951, 
    0.015656, 0.015581, 0.015617, 0.015739, 0.015711, 0.015875, 0.015737, 
    0.01673, 0.015816, 0.015368, 0.015861, 0.016218, 0.025565, 0.014797, 
    0.015613, 0.020558, 0.01679, 0.015345, 0.014978, 0.042661, 0.017541, 
    0.026099, 0.024356, 0.055442, 0.034893, 0.050393, 0.044849, 0.056985, 
    0.041835, 0.039468, 0.037944, 0.038997, 0.074951, 0.06451, 0.067762, 
    0.061989, 0.051695, 0.053539, 0.052233, 0.050935, 0.056151, 0.062307, 
    0.049729, 0.050535, 0.051835, 0.045588, 0.045557, 0.042609, 0.046509, 
    0.046032, 0.041036, 0.043141, 0.041706, 0.04317, 0.039321, 0.043233, 
    0.039937, 0.040141, 0.039482, 0.037773, 0.164266, 0.200446, 0.027242, 
    0.02688, 0.026303, 0.026597, 0.026459, 0.025404, 0.025836, 0.025463, 
    0.025844, 0.025279, 0.025529, 0.025816, 0.025096, 0.024897, 0.024836, 
    0.02345, 0.022862, 0.023385, 0.023145, 0.022295, 0.023215, 0.043563, 
    0.034679, 0.035117, 0.034567, 0.034391, 0.034444, 0.034367, 0.034373, 
    0.03408, 0.034212, 0.034002, 0.03415, 0.034055, 0.033829, 0.033867, 
    0.034007, 0.105392, 0.106096, 0.098334, 0.101188, 0.100919, 0.100563, 
    0.102698, 0.099389, 0.094443, 0.101715, 0.105493, 0.098982, 0.096416, 
    0.096354, 0.103298, 0.088764, 0.09734, 0.09678, 0.09627, 0.099235, 
    0.101221, 0.10517, 0.109576, 0.109526, 0.109738, 0.109506, 0.108511, 
    0.112967, 0.111294, 0.107701, 0.106439, 0.107446, 0.018355, 0.018381, 
    0.018247, 0.018487, 0.018845, 0.018971, 0.018092, 0.064719, 0.06546, 
    0.063903, 0.065416, 0.069892, 0.069102, 0.072439, 0.076119, 0.079307, 
    0.085142, 0.086735, 0.087082, 0.088836, 0.089995, 0.09044, 0.089723, 
    0.093026, 0.096828, 0.098207, 0.098987, 0.099304, 0.104737, 0.101928, 
    0.105516, 0.101893, 0.103637, 0.103192, 0.102636, 0.102369, 0.103248, 
    0.104914, 0.106009, 0.103922, 0.271065, 0.268261, 0.269957, 0.26885, 
    0.086618, 0.079419, 0.071359, 0.071267, 0.076936, 0.081348, 0.089114, 
    0.103467, 0.096249, 0.097263, 0.068623, 0.071033, 0.068817, 0.070515, 
    0.065126, 0.07644, 0.404204, 0.351244, 0.329023, 0.302246, 0.283263, 
    0.283662, 0.075073, 0.072011, 0.044988, 0.047747, 0.046895, 0.06103, 
    0.045867, 0.0511, 0.063654, 0.066148, 0.049891, 0.059278, 0.064548, 
    0.054754, 0.069463, 0.047287, 0.037715, 0.035202, 0.038555, 0.038289, 
    0.036653, 0.037535, 0.038789, 0.03826, 0.037065, 0.026121, 0.025857, 
    0.025741, 0.025475, 0.025568, 0.02514, 0.024902, 0.024923, 0.025107, 
    0.025467, 0.025862, 0.026062, 0.026186, 0.026385, 0.027407, 0.027668, 
    0.027404, 0.028028, 0.028259, 0.029021, 0.028048, 0.028544, 0.028478, 
    0.028548, 0.02859, 0.028426, 0.028623, 0.028955, 0.040131, 0.040771, 
    0.04075, 0.040912, 0.04043, 0.039434, 0.039548, 0.037995, 0.040587, 
    0.042468, 0.04175, 0.048203, 0.051686, 0.055571, 0.047651, 0.046733, 
    0.045771, 0.045431, 0.018641, 0.018239, 0.018331, 0.018249, 0.01819, 
    0.017796, 0.017558, 0.09284, 0.086067, 0.330348, 0.340805, 0.354465, 
    0.348829, 0.338294, 0.359058, 0.356386, 0.353106, 0.351782, 0.343821, 
    0.344087, 0.358477, 0.351423, 0.346087, 0.361161, 0.354328, 0.372563, 
    0.389875, 0.385367, 0.385519, 0.369649, 0.374488, 0.368828, 0.371306, 
    0.366559, 0.368501, 0.368596, 0.37416, 0.375724, 0.381006, 0.383091, 
    0.384459, 0.388526, 0.039054, 0.039313, 0.039394, 0.03942, 0.039747, 
    0.040305, 0.039244, 0.038785, 0.038801, 0.038776, 0.040232, 0.040417, 
    0.040124, 0.039282, 0.039524, 0.090494, 0.344633, 0.342384, 0.356848, 
    0.351975, 0.351685, 0.347695, 0.342979, 0.354316, 0.357402, 0.365721, 
    0.371666, 0.37444, 0.382053, 0.398709, 0.395339, 0.403679, 0.404936, 
    0.436629, 0.473793, 0.466224, 0.037859, 0.038242, 0.036407, 0.034781, 
    0.031782, 0.032835, 0.028691, 0.063032, 0.062287, 0.062368, 0.051288, 
    0.050999, 0.058778, 0.054162, 0.063169, 0.062463, 0.063108, 0.0449, 
    0.047568, 0.047616, 0.034056, 0.033457, 0.032947, 0.031966, 0.032809, 
    0.033902, 0.034199, 0.034516, 0.035023, 0.033963, 0.034682, 0.033507, 
    0.034082, 0.035155, 0.033833, 0.032516, 0.032703, 0.031403, 0.029666, 
    0.030438, 0.03409, 0.032075, 0.031316, 0.02899, 0.026929, 0.025356, 
    0.025306, 0.025544, 0.024557, 0.019924, 0.019503, 0.019932, 0.019091, 
    0.019902, 0.019866, 0.027682, 0.028745, 0.025747, 0.024868, 0.026123, 
    0.031763, 0.027613, 0.02635, 0.193352, 0.131718, 0.128083, 0.143934, 
    0.145099, 0.132533, 0.102281, 0.111325, 0.042063, 0.042768, 0.041703, 
    0.041619, 0.041492, 0.038899, 0.037483, 0.078774, 0.084558, _, _, _, _, 
    _, _, _, _, _, _, _, _, _, _, _, _, _, 0.04582, 0.042655, 0.0381, 
    0.037699, 0.036638, 0.035303, 0.034434, 0.034497, 0.037619, 0.050334, 
    0.105473, 0.105204, 0.103217, 0.099427, 0.100809, 0.100258, 0.09936, 
    0.096966, 0.09828, 0.098604, 0.095897, 0.039652, 0.039555, 0.039414, 
    0.039562, 0.039355, 0.039627, 0.039572, 0.040016, 0.040397, 0.041459, 
    0.040919, 0.041228, 0.041274, 0.041585, 0.042281, 0.042588, 0.042692, 
    0.039641, 0.039301, 0.040715, 0.097718, 0.073223, 0.052692, 0.057022, 
    0.066357, 0.069362, 0.06194, 0.057923, 0.049473, 0.051023, 0.058525, 
    0.058037, 0.058377, 0.446262, 0.434083, 0.439766, 0.432752, 0.443703, 
    0.429042, 0.462818, 0.446228, 0.470964, 0.495167, 0.466602, 0.489102, 
    0.500229, 0.491459, 0.489283, 0.500417, 0.515596, 0.507899, 0.429242, 
    0.435897, 0.378913, 0.3605, 0.336535, 0.342998, 0.359591, 0.359508, 
    0.356852, 0.26157, 0.234319, 0.22453, 0.022047, 0.023562, 0.022635, 
    0.023285, 0.023553, 0.022067, 0.023404, 0.023759, 0.022565, 0.023873, 
    0.022784, 0.023493, 0.025293, 0.023972, 0.025211, 0.025734, 0.025362, 
    0.02444, 0.024677, 0.023877, 0.022733, 0.024029, 0.023899, 0.023981, 
    0.024058, 0.023006, 0.023, 0.023093, 0.023667, 0.023158, 0.022782, 
    0.023753, 0.023382, 0.022924, 0.023245, 0.022634, 0.023344, 0.023667, 
    0.022817, 0.023836, 0.023421, 0.024321, 0.024334, 0.025607, 0.02376, 
    0.02539, 0.025668, 0.025946, 0.026071, 0.026055, 0.026432, 0.026559, 
    0.026935, 0.027188, 0.026553, 0.027031, 0.026572, 0.026583, 0.027457, 
    0.027862, 0.028315, 0.027999, 0.026871, 0.026699, 0.026708, 0.026446, 
    0.026315, 0.026884, 0.026598, 0.039629, 0.116527, 0.091536, 0.088754, 
    0.076044, 0.083714, 0.074148, 0.079711, 0.077993, 0.077897, 0.072828, 
    0.073179, 0.072488, 0.071715, 0.075945, 0.077553, 0.081946, 0.078413, 
    0.080801, 0.016124, 0.01641, 0.016513, 0.016469, 0.016346, 0.016584, 
    0.016423, 0.016187, 0.016288, 0.015499, 0.015856, 0.01561, 0.015809, 
    0.015612, 0.015818, 0.01576, 0.089107, 0.088153, 0.087158, 0.084667, 
    0.084726, 0.082432, 0.081988, 0.080296, 0.079755, 0.079705, 0.07646, 
    0.073907, 0.074383, 0.076299, 0.077554, 0.075161, 0.074692, 0.074774, 
    0.063964, 0.070538, 0.068928, 0.070279, 0.071744, 0.071018, 0.073608, 
    0.078571, 0.067434, 0.063993, 0.066941, 0.063499, 0.064922, 0.061005, 
    0.062158, 0.064884, 0.064341, 0.065428, 0.067259, 0.065736, 0.061951, 
    0.06301, 0.062769, 0.06386, 0.06185, 0.059641, 0.059162, 0.062044, 
    0.060066, 0.061134, 0.064216, 0.0641, 0.064518, 0.061721, 0.060983, 
    0.069177, 0.06887, 0.06734, 0.158405, 0.183799, 0.146587, 0.132117, 
    0.097959, 0.093799, 0.095426, 0.101872, 0.100355, 0.099313, 0.09647, 
    0.103718, 0.091174, 0.092622, 0.092216, 0.100224, 0.077545, 0.076481, 
    0.076755, 0.078093, 0.072106, 0.087415, 0.074737, 0.076163, 0.055809, 
    0.056667, 0.064994, 0.062545, 0.06652, 0.077901, 0.071714, 0.071971, 
    0.077076, 0.07064, 0.070038, 0.079108, 0.082514, 0.074093, 0.071769, 
    0.06875, 0.073365, 0.06937, 0.06846, 0.064954, 0.063012, 0.064391, 
    0.064106, 0.064063, 0.062716, 0.063515, 0.064667, 0.063094, 0.061647, 
    0.05976, 0.058696, 0.055464, 0.055078, 0.055991, 0.055521, 0.136984, 
    0.119298, 0.015203, 0.01502, 0.01507, 0.015112, 0.015163, 0.014955, 
    0.015016, 0.015176, 0.01495, 0.01543, 0.015327, 0.015527, 0.044683, 
    0.044187, 0.043174, 0.040377, 0.039252, 0.038721, 0.038133, 0.037256, 
    0.037458, 0.037374, 0.03485, 0.033682, 0.033316, 0.032722, 0.031734, 
    0.030538, 0.031116, 0.030353, 0.029424, 0.028387, 0.0272, 0.027714, 
    0.026766, 0.02755, 0.029165, 0.029538, 0.029764, 0.029155, 0.029679, 
    0.030183, 0.029324, 0.03227, 0.03118, 0.031843, 0.028475, 0.032187, 
    0.030198, 0.030725, 0.029372, 0.028694, 0.027611, 0.013112, 0.013008, 
    0.013354, 0.013239, 0.013661, 0.01356, 0.013413, 0.013353, 0.013387, 
    0.013403, 0.013439, 0.013611, 0.013802, 0.014027, 0.013844, 0.014029, 
    0.013927, 0.013796, 0.099712, 0.097712, 0.104504, 0.09092, 0.059581, 
    0.05899, 0.053366, _, 0.046533, 0.048153, 0.046053, 0.044225, 0.062669, 
    0.058102, 0.060202, 0.054586, 0.067747, 0.31079, 0.305419, 0.305777, 
    0.312506, 0.310967, 0.310919, 0.309888, 0.308561, 0.308002, 0.308763, 
    0.309058, 0.308221, 0.309354, 0.312775, 0.313073, 0.312369, 0.305479, 
    0.308123, 0.304006, 0.301551, 0.29957, 0.293765, 0.292648, 0.29418, 
    0.292804, 0.289837, 0.293091, 0.287164, 0.287169, 0.287026, 0.28393, 
    0.280253, 0.288905, 0.282381, 0.282905, 0.279712, 0.280811, 0.277265, 
    0.27596, 0.273676, 0.272056, 0.272333, 0.274444, 0.274504, 0.27357, 
    0.270946, 0.271034, 0.268712, 0.269923, 0.270674, 0.269562, 0.271592, 
    0.270509, 0.269562, 0.267001, 0.266977, 0.266619, 0.268673, 0.269345, 
    0.270681, 0.266524, 0.267071, 0.266575, 0.26763, 0.265223, 0.264814, 
    0.266983, 0.267013, 0.269047, 0.267864, 0.268163, 0.267049, 0.266856, 
    0.267379, 0.270591, 0.27146, 0.272434, 0.275303, 0.274407, 0.274171, 
    0.276869, 0.27901, 0.739748, 0.040986, 0.039911, 0.039837, 0.039518, 
    0.038168, 0.036705, 0.036328, 0.035815, 0.034454, 0.033876, 0.033649, 
    0.033002, 0.032043, 0.03097, 0.030598, 0.02905, 0.027372, 0.0279, 
    0.027315, 0.026319, 0.025978, 0.026504, 0.026122, 0.028522, 0.029265, 
    0.0289, 0.075419, 0.077693, 0.082635, 0.078307, 0.083203, 0.084522, 
    0.079772, 0.079532, 0.082231, 0.08076, 0.081962, 0.081082, 0.083039, 
    0.084853, 0.085669, 0.091715, 0.094346, 0.094059, 0.092966, 0.100385, 
    0.102268, 0.104823, 0.117713, 0.118519, 0.121852, 0.12369, 0.128079, 
    0.119061, 0.256053, 0.242721, 0.24289, 0.232402, 0.231401, 0.228125, 
    0.236055, 0.245894, 0.247785, 0.246259, 0.253371, 0.256401, 0.258667, 
    0.2626, 0.273182, 0.283679, 0.278448, 0.277181, 0.255924, 0.265204, 
    0.268939, 0.25593, 0.262135, 0.2747, 0.26149, 0.266574, 0.277735, 
    0.27594, 0.264932, 0.268903, 0.270993, 0.27995, 0.276333, 0.281478, 
    0.281603, 0.271796, 0.277225, 0.281223, 0.302477, 0.29851, 0.300623, 
    0.294667, 0.304713, 0.192754, 0.172075, 0.171506, 0.622712, 0.700817, 
    0.770594, 0.883496, 0.668392, 0.779242, 0.761745, 0.735361, 0.058126, 
    0.09981, 0.094579, 0.098023, 0.085264, 0.088236, 0.086255, 0.086376, 
    0.084986, 0.076649, 0.075762, 0.068103, 0.085138, 0.087247, 0.083556, 
    0.180221, 0.231936, 0.264887, 0.224758, 0.184477, 0.180085, 0.178912, 
    0.181972, 0.183495, 0.185004, 0.188172, 0.189765, 0.185386, 0.185069, 
    0.183214, 0.181095, 0.177938, 0.174593, 0.17362, 0.175954, 0.175184, 
    0.023562, 0.023326, 0.022832, 0.022526, 0.022239, 0.021989, 0.022107, 
    0.022023, 0.021772, 0.02184, 0.021588, 0.021574, 0.021488, 0.021595, 
    0.021341, 0.022057, 0.313627, 0.281426, 0.270359, 0.313522, 0.323344, 
    0.358144, 0.344535, 0.033792, 0.033619, 0.033733, 0.033785, 0.033846, 
    0.033952, 0.033485, 0.034066, 0.034303, 0.034313, 0.027868, 0.028469, 
    0.02817, 0.028848, 0.028442, 0.0284, 0.027838, 0.028507, 0.027705, 
    0.028077, 0.027462, 0.027692, 0.027541, 0.026224, 0.026254, 0.02626, 
    0.175305, 0.171904, 0.180083, 0.009704, 0.009706, 0.0098, 0.009957, 
    0.009858, 0.010142, 0.248909, 0.254884, 0.254421, 0.253733, 0.234613, 
    0.216612, 0.195585, 0.189526, 0.176571, 0.172317, 0.170044, 0.158129, 
    0.165919, 0.167101, 0.158894, 0.15714, 0.153449, 0.157975, 0.165553, 
    0.158836, 0.186291, 0.170116, 0.168381, 0.185789, 0.214411, 0.207745, 
    0.202245, 0.197573, 0.194707, 0.197563, 0.065189, 0.060212, 0.063829, 
    0.057335, 0.065261, 0.061772, 0.051123, 0.054435, 0.061143, 0.041534, 
    0.05045, 0.04983, 0.049219, 0.048124, 0.047821, 0.047151, 0.046546, 
    0.04466, 0.043649, 0.043894, 0.045613, 0.046302, 0.046906, 0.046944, 
    0.046868, 0.046881, 0.046759, 0.047036, 0.047694, 0.048332, 0.049327, 
    0.049082, 0.362212, 0.346999, 0.350076, 0.342001, 0.319066, 0.272994, 
    0.251914, 0.242447, 0.253261, 0.251234, 0.245041, 0.24076, 0.237659, 
    0.236469, 0.227833, 0.227665, 0.221123, 0.226485, 0.226878, 0.233602, 
    0.233082, 0.226661, 0.225562, 0.231376, 0.229687, 0.227078, 0.233413, 
    0.240811, 0.233492, 0.056412, 0.055761, 0.056346, 0.057099, 0.056075, 
    0.054807, 0.05611, 0.056798, 0.056455, 0.057205, 0.42878, 0.40107, 
    0.413026, 0.411732, 0.408327, 0.167525, 0.151845, 0.121785, 0.123117, 
    0.133337, 0.150371, 0.151373, 0.152029, 0.139714, 0.126086, 0.124901, 
    0.159966, 0.121794, 0.135232, 0.136565, 0.141724, 0.232955, 0.249358, 
    0.24254, 0.246745, 0.247696, 0.230702, 0.23841, 0.244691, 0.246907, 
    0.237642, 0.241285, 0.261628, 0.249991, 0.268577, 0.252487, 0.270767, 
    0.27139, 0.257072, 0.27571, 0.293656, 0.298285, 0.319317, 0.313797, 
    0.326545, 0.335755, 0.351865, 0.352482, 0.363535, 0.417742, 0.375336, 
    0.379071, 0.41045, 0.391016, 0.373196, 0.36425, 0.391839, 0.389791, 
    0.392695, 0.390143, 0.431704, 0.404057, 0.390643, 0.385643, 0.39689, 
    0.399332, 0.412559, 0.441572, 0.448606, 0.102755, 0.079471, 0.07555, 
    0.081908, 0.068604, 0.077883, 0.069072, 0.07127, 0.067927, 0.074451, 
    0.070233, 0.066375, 0.06735, 0.065166, 0.067365, 0.065354, 0.063611, 
    0.060772, 0.059706, 0.059711, 0.061961, 0.061846, 0.068621, 0.071692, 
    0.069381, 0.072242, 0.087756, 0.085371, 0.079975, 0.076733, 0.072629, 
    0.080402, 0.08399, 0.079759, 0.136318, 0.127461, 0.12851, 0.128204, 
    0.130636, 0.129469, 0.130093, 0.127976, 0.127039, 0.128579, 0.12887, 
    0.127921, 0.129505, 0.131467, 0.125488, 0.122802, 0.119854, 0.121274, 
    0.130249, 0.128354, 0.13162, 0.126952, 0.125843, 0.122905, 0.117381, 
    0.11946, 0.118025, 0.119705, 0.116701, 0.117484, 0.118539, 0.124397, 
    0.124137, 0.123577, 0.127099, 0.126952, 0.124771, 0.122318, 0.121636, 
    0.123889, 0.121655, 0.121263, 0.115255, 0.106767, 0.099313, 0.097726, 
    0.096835, 0.098488, 0.100823, 0.099699, 0.0997, 0.098921, 0.094364, 
    0.091899, 0.087803, 0.087836, 0.088628, 0.04926, 0.049949, 0.051293, 
    0.055164, 0.071784, 0.067766, 0.064293, 0.073658, 0.059125, 0.051641, 
    0.056833, _, _, _, _, _, _, _, _, _, _, _, _, 0.122552, 0.122902, 
    0.116475, 0.113489, 0.116677, 0.106124, 0.109515, 0.107178, 0.110043, 
    0.108953, 0.105127, 0.104102, 0.108002, 0.113283, 0.10796, 0.112464, 
    0.110208, 0.110748, 0.113182, 0.11006, 0.113715, 0.104297, 0.105129, 
    0.107519, 0.106275, 0.101362, 0.104024, 0.102379, 0.100391, 0.101269, 
    0.099879, 0.09932, 0.096359, 0.099611, 0.099084, 0.095724, 0.094389, 
    0.095399, 0.096249, 0.096518, 0.096841, 0.095975, 0.099857, 0.102467, 
    0.100494, 0.103634, 0.105111, 0.099681, 0.099682, 0.098208, 0.101327, 
    0.102988, 0.103774, 0.105426, 0.103128, 0.109124, 0.108708, 0.105779, 
    0.106185, 0.106656, 0.10975, 0.108443, 0.10968, 0.109695, 0.01574, 
    0.015579, 0.015767, 0.015334, 0.015335, 0.071516, 0.058636, 0.054374, 
    0.076546, 0.101919, 0.0953, 0.119132, 0.028889, 0.029064, 0.029989, 
    0.030146, 0.030018, 0.030388, 0.03064, 0.030881, 0.031193, 0.031276, 
    0.03155, _, _, _, _, _, _, _, _, _, _, _, _, _, _, _, _, _, _, 0.436767, 
    0.433122, 0.429108, 0.417197, 0.438947, 0.465039, 0.467803, 0.472972, 
    0.45601, 0.461498, 0.453021, 0.135454, 0.136033, 0.148337, 0.038305, 
    0.038637, 0.038082, 0.037956, 0.038051, 0.037929, 0.038505, 0.038767, 
    0.038487, 0.038919, 0.039112, 0.038288, 0.086185, 0.086414, 0.092038, 
    0.100436, 0.108669, 0.120469, 0.130146, 0.127294, 0.244864, 0.24359, 
    0.242067, 0.243561, 0.247559, 0.246442, 0.251318, 0.251546, 0.250955, 
    0.252405, 0.246914, 0.2461, 0.243588, 0.241051, 0.240328, 0.240451, 
    0.238629, 0.236527, 0.23516, 0.236362, 0.233177, 0.231363, 0.229721, 
    0.226997, 0.224731, 0.225672, 0.233376, 0.231532, 0.235419, 0.238981, 
    0.240016, 0.240763, 0.24166, 0.245634, 0.244207, 0.244298, 0.245469, 
    0.244037, 0.245427, 0.243231, 0.246993, 0.250317, 0.251938, 0.251727, 
    0.251957, 0.252158, 0.254564, 0.254925, 0.256606, 0.254946, 0.253016, 
    0.252291, 0.25057, 0.249682, 0.249145, 0.248285, 0.249861, 0.251895, 
    0.253493, 0.256057, 0.257338, 0.260032, 0.262179, _, _, _, _, _, _, _, _, 
    _, _, _, _, _, _, _, _, _, _, _, _, _, _, _, _, _, _, _, _, _, _, _, _, 
    _, _, _, 0.259019, 0.259314, 0.253459, 0.255138, 0.254613, 0.25433, 
    0.254574, 0.256486, 0.253226, 0.249246, 0.247992, 0.248314, 0.247695, 
    0.23594, 0.237702, 0.240363, 0.240621, 0.238292, 0.233617, 0.236858, 
    0.235467, 0.23177, 0.235083, 0.231575, 0.236691, 0.230878, 0.232436, 
    0.234589, 0.233426, 0.234483, 0.234812, 0.232337, 0.238777, 0.232097, 
    0.238379, 0.241853, 0.23818, 0.239383, 0.243314, 0.250082, 0.247044, 
    0.246789, 0.249397, 0.257072, 0.254584, 0.26522, 0.266539, 0.265573, 
    0.25998, 0.257871, 0.247292, 0.247645, 0.24783, 0.248626, 0.249476, 
    0.247962, 0.248781, 0.04158, 0.041589, 0.041492, 0.041348, 0.04084, 
    0.040379, 0.039723, 0.039541, 0.039188, 0.038427, 0.038169, 0.038103, 
    0.038597, 0.038243, 0.038272, 0.037959, 0.032565, 0.032284, 0.031727, 
    0.031552, 0.030878, 0.030409, 0.030516, 0.030441, 0.03048, 0.03013, 
    0.029846, 0.029375, 0.028263, 0.028219, 0.028165, 0.028373, 0.028204, 
    0.027978, 0.028038, 0.027411, 0.027206, 0.02722, 0.086553, 0.090589, 
    0.079488, 0.076422, 0.066637, 0.061945, 0.063499, 0.063761, 0.063061, 
    0.066676, 0.070861, 0.07549, 0.06801, 0.070316, 0.072742, 0.093435, 
    0.083388, 0.068376, 0.063848, 0.05208, 0.060402, 0.045147, 0.046577, 
    0.044617, 0.049108, 0.048197, 0.047602, 0.042198, 0.044734, 0.041794, 
    0.043601, 0.044978, 0.047387, 0.045144, 0.047091, 0.164659, 0.163903, 
    0.163145, 0.161127, 0.161065, 0.161436, 0.161779, 0.160943, 0.160061, 
    0.156232, 0.157132, 0.15626, 0.159541, 0.166566, 0.167313, 0.16246, 
    0.169893, 0.180456, 0.17636, 0.178857, 0.174359, 0.188892, 0.175132, 
    0.174924, 0.204827, 0.206246, 0.23042, 0.191163, 0.182903, 0.185847, 
    0.179809, 0.178514, 0.176481, 0.174765, 0.173644, 0.172678, 0.17008, 
    0.169193, 0.168533, 0.166548, 0.168734, 0.179424, 0.171398, 0.175321, 
    0.173312, 0.174681, 0.178536, 0.092894, 0.090839, 0.086512, 0.085676, 
    0.085771, 0.089053, 0.092727, 0.092638, 0.094417, 0.093002, 0.090679, 
    0.087861, 0.085354, 0.083944, 0.083801, 0.082949, 0.080202, 0.077341, 
    0.07467, 0.100426, 0.127426, 0.135505, 0.129914, 0.013512, 0.013558, 
    0.013591, 0.013214, 0.013688, 0.013141, 0.013335, 0.01309, 0.013206, 
    0.012866, 0.013098, 0.013041, 0.013017, 0.012996, 0.013068, 0.012935, 
    0.013242, 0.049094, 0.044591, 0.044278, 0.057569, 0.051038, 0.271241, 
    0.285792, 0.279118, 0.270081, 0.260393, 0.269712, 0.279732, 0.254325, 
    0.263625, 0.266848, 0.263387, 0.258972, 0.263881, 0.266563, 0.261606, 
    0.267907, 0.262115, 0.2603, 0.268924, 0.268969, 0.266731, 0.269137, 
    0.274774, 0.286769, 0.287923, 0.28931, 0.275506, 0.268309, 0.019902, 
    0.02691, 0.027089, 0.021547, 0.02068, 0.021493, 0.020803, 0.026181, 
    0.024579, 0.023265, 0.022438, 0.023203, 0.022306, 0.023891, 0.023161, 
    0.023089, 0.021296, 0.021799, 0.023052, _, _, _, _, _, 0.049128, 
    0.046878, 0.046635, 0.046628, 0.046648, 0.046608, 0.046126, 0.046028, 
    0.045704, 0.04456, 0.04264, 0.042695, 0.042616, 0.041695, 0.040627, 
    0.040745, 0.040562, 0.039622, 0.039361, 0.038879, 0.038493, 0.038031, 
    0.03817, 0.038356, 0.038547, 0.040292, 0.044548, 0.042001, 0.042728, 
    0.043522, 0.043026, 0.042835, 0.042421, 0.044898, 0.04775, 0.049072, 
    0.062802, 0.061006, 0.056325, 0.054237, 0.047485, 0.048217, 0.046444, 
    0.044995, 0.044006, 0.044786, 0.053446, 0.05007, 0.046004, 0.042784, 
    0.043533, 0.044688, 0.04467, 0.047697, 0.052449, 0.058279 ;
}
