netcdf aeronet_aod {
dimensions:
	nvars = 8 ;
	nlocs = 2951 ;
	nstring = 50 ;
	ndatetime = 20 ;
variables:
	float aerosol_optical_depth_1@ObsValue(nlocs) ;
	int aerosol_optical_depth_1@PreQC(nlocs) ;
	float aerosol_optical_depth_1@ObsError(nlocs) ;
	float aerosol_optical_depth_2@ObsValue(nlocs) ;
	int aerosol_optical_depth_2@PreQC(nlocs) ;
	float aerosol_optical_depth_2@ObsError(nlocs) ;
	float aerosol_optical_depth_3@ObsValue(nlocs) ;
	int aerosol_optical_depth_3@PreQC(nlocs) ;
	float aerosol_optical_depth_3@ObsError(nlocs) ;
	float aerosol_optical_depth_4@ObsValue(nlocs) ;
	int aerosol_optical_depth_4@PreQC(nlocs) ;
	float aerosol_optical_depth_4@ObsError(nlocs) ;
	float aerosol_optical_depth_5@ObsValue(nlocs) ;
	int aerosol_optical_depth_5@PreQC(nlocs) ;
	float aerosol_optical_depth_5@ObsError(nlocs) ;
	float aerosol_optical_depth_6@ObsValue(nlocs) ;
	int aerosol_optical_depth_6@PreQC(nlocs) ;
	float aerosol_optical_depth_6@ObsError(nlocs) ;
	float aerosol_optical_depth_7@ObsValue(nlocs) ;
	int aerosol_optical_depth_7@PreQC(nlocs) ;
	float aerosol_optical_depth_7@ObsError(nlocs) ;
	float aerosol_optical_depth_8@ObsValue(nlocs) ;
	int aerosol_optical_depth_8@PreQC(nlocs) ;
	float aerosol_optical_depth_8@ObsError(nlocs) ;
	float time@MetaData(nlocs) ;
	float latitude@MetaData(nlocs) ;
		string latitude@MetaData:units = "degree" ;
	float longitude@MetaData(nlocs) ;
		string longitude@MetaData:units = "degree" ;
	float station_elevation@MetaData(nlocs) ;
		string station_elevation@MetaData:units = "m" ;
	int surface_type@MetaData(nlocs) ;
	char station_id@MetaData(nlocs, nstring) ;
	char datetime@MetaData(nlocs, ndatetime) ;
	float frequency@VarMetaData(nvars) ;
	int sensor_channel@VarMetaData(nvars) ;

// global attributes:
		:nvars = 8 ;
		:nlocs = 2951 ;
		:observation_type = "Aod" ;
		:date_time = 2022092512 ;
		:sensor = "aeronet" ;
		:surface_type = "ocean=0,land=1,costal=2" ;
data:

 aerosol_optical_depth_5@ObsValue = 0.044508, 0.037387, 0.064716, 0.038643, 
    0.037792, 0.037723, 0.037682, 0.035063, 0.034269, 0.033629, 0.041484, 
    0.042568, 0.043431, 0.043213, 0.043655, 0.044615, 0.044604, 0.044802, 
    0.045359, 0.04593, 0.048045, 0.047863, 0.047229, 0.046861, 0.047442, 
    0.046982, 0.046273, 0.048422, 0.049259, 0.048676, 0.194043, 0.193298, 
    0.078716, 0.068328, 0.068791, 0.068208, 0.067721, 0.066745, 0.066506, 
    0.129127, 0.12017, 0.124728, 0.133921, 0.130664, 0.103186, 0.130406, 
    0.097658, 0.288068, 0.290038, 0.289403, 0.289353, 0.292069, 0.294356, 
    0.290512, 0.288768, 0.289017, 0.283387, 0.281355, 0.280733, 0.279238, 
    0.289443, 0.290135, 0.298093, 0.297102, 0.29909, 0.307958, 0.315669, 
    0.319915, 0.316235, 0.320788, 0.319325, 0.325197, 0.323, 0.317956, 
    0.31458, 0.313007, 0.316487, 0.313326, 0.313622, 0.315717, 0.322326, 
    0.318298, 0.137221, 0.134997, 0.139953, 0.140835, 0.138568, 0.142493, 
    0.139466, 0.143175, 0.145897, 0.149418, 0.146075, 0.143665, 0.14633, 
    0.146169, 0.142245, 0.148679, 0.147957, 0.151049, 0.152426, 0.154428, 
    0.153563, 0.153769, 0.153325, 0.154748, 0.156827, 0.157742, 0.159775, 
    0.15883, 0.164541, 0.161445, 0.166441, 0.193909, 0.190262, 0.192651, 
    0.192793, 0.192731, 0.201745, 0.051257, 0.050152, 0.049086, 0.049032, 
    0.046964, 0.050344, 0.052654, 0.045503, 0.046856, 0.031792, 0.032372, 
    0.032866, 0.033081, 0.032137, 0.031951, 0.031931, 0.031228, 0.031112, 
    0.030436, 0.030745, 0.029591, 0.02972, 0.029668, 0.029095, 0.028473, 
    0.02841, 0.027976, 0.101117, 0.107477, 0.10187, 0.105015, 0.108279, 
    0.106713, 0.106942, 0.108537, 0.1075, 0.106331, _, 0.179513, 0.177574, 
    0.177567, 0.175304, 0.175458, 0.170195, 0.168894, 0.17349, 0.171338, 
    0.175229, 0.169904, 0.167895, 0.166604, 0.162671, 0.166923, 0.166494, 
    0.162551, 0.163738, 0.17293, 0.162836, 0.160187, 0.155188, 0.15594, 
    0.148824, 0.14746, 0.149829, 0.145731, 0.146172, 0.169302, 0.143517, 
    0.144299, 0.145946, 0.148199, 0.146023, 0.146506, 0.150006, 0.145794, 
    0.152663, 0.149303, 0.165987, 0.146999, 0.139905, 0.151328, 0.13864, 
    0.139531, 0.134803, 0.149908, 0.140405, 0.138759, 0.135975, 0.136032, 
    0.133669, 0.135968, 0.138389, 0.13807, 0.14549, 0.144296, 0.138371, 
    0.140486, 0.147727, 0.158896, 0.15344, 0.146066, 0.145941, 0.141321, 
    0.019105, 0.019276, 0.019903, 0.019205, 0.019164, 0.019725, 0.019731, 
    0.041777, 0.041192, 0.040454, 0.040491, 0.051104, 0.047834, 0.051896, 
    0.052351, 0.049585, 0.053001, 0.053917, 0.057283, 0.054663, 0.052625, 
    0.05843, 0.054599, 0.052757, 0.054335, 0.055049, 0.052934, 0.053366, 
    0.04813, 0.046518, 0.048113, 0.052902, 0.05642, 0.056749, 0.053534, 
    0.057631, 0.059153, 0.054769, 0.059888, 0.061888, 0.058812, 0.062245, 
    0.062711, 0.058389, 0.061728, 0.054557, _, 0.063472, 0.061925, 0.055567, 
    0.061765, 0.054771, 0.049871, 0.051857, 0.054142, 0.053853, 0.052398, 
    0.050194, 0.059078, 0.062338, 0.057883, 0.065265, 0.056634, 0.084931, 
    0.086864, 0.087802, 0.079537, 0.081329, 0.080993, 0.082826, 0.08319, 
    0.085437, 0.08511, 0.094614, 0.103869, 0.086031, 0.088162, 0.088426, 
    0.083035, 0.080616, 0.080139, 0.085352, 0.0969, 0.111574, 0.117206, 
    0.098607, 0.083478, 0.081048, 0.082888, 0.083294, 0.0883, 0.103247, 
    0.091369, 0.09479, 0.090202, 0.096473, 0.059265, 0.064313, 0.069283, 
    0.072704, 0.068405, 0.075821, 0.075418, 0.079422, 0.068114, 0.073321, 
    0.094987, 0.080925, 0.07055, 0.121412, 0.067179, 0.070955, 0.088925, 
    0.079985, 0.076896, 0.112547, 0.14926, 0.077787, 0.127168, 0.104229, 
    0.080386, _, _, _, _, _, _, 0.370928, 0.36865, 0.374759, 0.36855, 
    0.369567, 0.362067, 0.352633, 0.344221, 0.344188, 0.343136, 0.343758, 
    0.341844, 0.340527, 0.339239, 0.344612, 0.339422, 0.339623, 0.348335, 
    0.333586, 0.341893, 0.350908, 0.351951, 0.346181, 0.336139, 0.333481, 
    0.343791, 0.359841, 0.361006, 0.094361, 0.097763, 0.094852, 0.081588, 
    0.083278, 0.085712, 0.081268, 0.085096, 0.094719, 0.092152, 0.120816, 
    0.123248, 0.121401, 0.111971, 0.101943, 0.137133, 0.139772, 0.130392, 
    0.149254, 0.147588, 0.107441, 0.111487, 0.109565, 0.107642, 0.110286, 
    0.120388, 0.120747, 0.139111, 0.142145, 0.125103, 0.164722, 0.129446, 
    0.670901, 0.670192, 0.660957, 0.679615, 0.65943, 0.654549, 0.663648, 
    0.672819, 0.625083, 0.622839, 0.60237, 0.63798, 0.615982, 0.547361, 
    0.543527, 0.550639, 0.555838, 0.501653, 0.52828, 0.533695, 0.517336, 
    0.517372, 0.529798, 0.48386, 0.492382, 0.476488, 0.468926, 0.445533, 
    0.475709, 0.480797, 0.458216, 0.459712, 0.458458, 0.896494, 0.851894, 
    1.024303, 0.837704, 0.807504, 0.788162, 0.776011, 0.781039, 0.791941, 
    0.072871, 0.081047, 0.078243, 0.385423, 0.386099, 0.44187, 0.359716, 
    0.328474, 0.34049, 0.330032, 0.329573, 0.338487, 0.327202, 0.336057, 
    0.323014, 0.34602, 0.349444, 0.323152, 0.36114, 0.343257, 0.364265, 
    0.3743, 0.38654, 0.392185, 0.410347, 0.382285, 0.303536, 0.342135, 
    0.094578, 0.103887, 0.103419, 0.107471, 0.307086, 0.277913, 0.287099, 
    0.273113, 0.285715, 0.253401, 0.244859, 0.261351, 0.250101, 0.23749, 
    0.280723, 0.30412, 0.272655, 0.285991, 0.266323, 0.2711, 0.246911, 
    0.236703, 0.256072, 0.267853, 0.04977, 0.050062, 0.048958, 0.049418, 
    0.05248, 0.053191, 0.051697, 0.025436, 0.024646, 0.023817, 0.024072, 
    0.027746, 0.036294, 0.046268, 0.047578, 0.050463, 0.051037, 0.061109, 
    0.067352, 0.072687, 0.071512, 0.069794, 0.086941, 0.095795, 0.070544, 
    0.063117, 0.063307, 0.045267, 0.047749, 0.046188, 0.038876, 0.033964, 
    0.03278, 0.03065, 0.028138, 0.027404, 0.027708, 0.029342, 0.031454, 
    0.033792, 0.035724, 0.055701, 0.059027, 0.061598, 0.08559, 0.063805, 
    0.052588, 0.062867, 0.067982, 0.066714, 0.063666, 0.072174, 0.071072, 
    0.086724, 0.075506, 0.062645, 0.065017, 0.052509, 0.10154, 0.038446, 
    0.038256, 0.039248, 0.038246, 0.038802, 0.037453, 0.036905, 0.036497, 
    0.036755, 0.036219, 0.036004, 0.036241, 0.03644, 0.036168, 0.03591, 
    0.03572, 0.03563, 0.036583, 0.037068, 0.037448, 0.037471, 0.038118, 
    0.039188, 0.038483, 0.038232, 0.039035, 0.039307, 0.039502, 0.040788, 
    0.041269, 0.041591, 0.041728, 0.041769, 0.04168, 0.041559, 0.040811, 
    0.042508, 0.041641, 0.042251, 0.041695, 0.042875, 0.042537, 0.042622, 
    0.043949, 0.043804, 0.042595, 0.044328, 0.044055, 0.04265, 0.042725, 
    0.042906, 0.53877, 0.530955, 0.512449, 0.500543, 0.510671, 0.534605, 
    0.490029, 0.518033, 0.545906, 0.513308, 0.487639, 0.483986, 0.476813, 
    0.481979, 0.487778, 0.489353, 0.487037, 0.477942, 0.523784, 0.497992, 
    0.507947, 0.537825, 0.537052, 0.026038, 0.025324, 0.025873, 0.026295, 
    0.024028, 0.025165, 0.023036, 0.022528, 0.022318, 0.023939, 0.025425, 
    0.029871, 0.027484, 0.02837, 0.029534, 0.037901, 0.030781, 0.029708, 
    0.028831, 0.029046, 0.028595, 0.027334, 0.031497, 0.028863, 0.026241, 
    0.029206, 0.027376, 0.033093, 0.028517, 0.129541, 0.165937, 0.159148, 
    0.163191, 0.119285, 0.135404, 0.142557, 0.171519, 0.149676, 0.124118, 
    0.123043, 0.112949, 0.120361, 0.094944, 0.097273, 0.10773, 0.137097, 
    0.123267, 0.101063, 0.091709, 0.071671, 0.071954, 0.080723, 0.077213, 
    0.086936, 0.076587, 0.09785, 0.095976, 0.112629, 0.095323, 0.086172, 
    0.100605, 0.125158, 0.14375, 0.088197, 0.083468, 0.099003, 0.07196, 
    0.074785, 0.085675, 0.096199, 0.095413, 0.071418, 0.094629, 0.077973, 
    0.094315, 0.166493, 0.116972, 0.112133, 0.097668, 0.103068, 0.113506, 
    0.094479, 0.085836, 0.155754, 0.17469, _, _, 0.089163, 0.097973, 
    0.079667, 0.064785, 0.067086, 0.059871, 0.054364, 0.057615, 0.052764, 
    0.054718, 0.063033, 0.061954, 0.059123, 0.060582, 0.065832, 0.060892, 
    0.064595, 0.06101, 0.059999, 0.066062, 0.073601, 0.071889, 0.06948, 
    0.070755, 0.066481, 0.061981, 0.062374, 0.087159, 0.088215, 0.098733, 
    0.089906, 0.105324, 0.117228, 0.11553, 0.111013, 0.127738, 0.110704, 
    0.087206, 0.066866, 0.06763, 0.082511, 0.095306, 0.066111, 0.068809, 
    0.069709, 0.079492, 0.073862, 0.07814, 0.074199, 0.084949, 0.069124, 
    0.05961, 0.057911, 0.057516, 0.064151, 0.056792, 0.058374, 0.071901, 
    0.052055, 0.056394, 0.063074, 0.055528, 0.053704, 0.058822, 0.060303, 
    0.061413, 0.064731, 0.067054, 0.063932, 0.065036, 0.066445, 0.065961, 
    0.067282, 0.0687, 0.072394, 0.073881, 0.073749, 0.075764, 0.078503, 
    0.210069, 0.250517, 0.241867, 0.081747, 0.075893, 0.071685, 0.067266, 
    0.068311, 0.067164, 0.066948, 0.066823, 0.06857, 0.067909, 0.070275, 
    0.068537, 0.066174, 0.064968, 0.062115, 0.063789, 0.059493, 0.062392, 
    0.060125, 0.058752, 0.056167, 0.057682, 0.058195, 0.059573, 0.063541, 
    0.06286, 0.059004, 0.061585, 0.064689, 0.065288, 0.053475, 0.055115, 
    0.054014, 0.056908, 0.05521, 0.058372, 0.058407, 0.06361, 0.057129, 
    0.059723, 0.33355, 0.328372, 0.340686, 0.333986, 0.332614, 0.333874, 
    0.336815, 0.337222, 0.33494, 0.325635, 0.326983, 0.33954, 0.335446, 
    0.690173, 0.572496, 0.584876, 0.585648, 0.582512, 0.592384, 0.051657, 
    1.344193, 1.202231, 1.299426, 1.266072, 1.337993, 1.355425, 1.577346, 
    1.597554, 1.573949, 1.48606, 1.397582, 1.368309, 1.427701, 1.512692, 
    1.48591, 1.498651, 1.531242, 1.475453, 1.55946, 1.533363, 1.507497, 
    1.500845, 1.466381, 1.54757, 1.428331, 1.401791, 1.39009, _, 0.094497, 
    0.09697, 0.099441, 0.099934, 0.09148, 0.090168, 0.087144, 0.085562, 
    0.086012, 0.090088, 0.09164, 0.088523, 0.091937, 0.086799, 0.083876, 
    0.080772, 0.080971, 0.07876, 0.077304, 0.077627, 0.077029, 0.083226, 
    0.074785, 0.079368, 0.074432, 0.071612, 0.069807, 0.068765, 0.067289, 
    0.074681, 0.073077, 0.070814, 0.069615, 0.074892, 0.059418, 0.059034, 
    0.059146, 0.056818, 0.058797, 0.966995, 0.968001, 0.969938, 0.986274, 
    0.991196, 0.984873, 0.931362, 0.939373, 0.935714, 0.942998, 0.970236, 
    0.980999, 1.022157, 1.003978, 0.989271, 0.991084, 0.998306, 1.007774, 
    1.012313, 1.013738, 1.001923, 1.021025, 0.906119, 0.909799, 0.908129, 
    0.904709, 0.866339, 0.83936, 0.780829, 0.799588, 0.785444, 0.788138, 
    0.786966, 0.071581, 0.038459, 0.028839, 0.026883, 0.032145, 0.028579, 
    0.024345, 0.024025, 0.023424, 0.023624, 0.02369, 0.02328, 0.023483, 
    0.023305, 0.022853, 0.022887, 0.022953, 0.023219, 0.023199, 0.02327, 
    0.023504, 0.024745, 0.023182, 0.022841, 0.023315, 0.023735, 0.031515, 
    0.022368, 0.022874, 0.027782, 0.024137, 0.02293, 0.022635, 0.048995, 
    0.024972, 0.032937, 0.030127, 0.076055, 0.054179, 0.084161, 0.075864, 
    0.089969, 0.072765, 0.068309, 0.066468, 0.066794, 0.109627, 0.092951, 
    0.099142, 0.090319, 0.076703, 0.078561, 0.076693, 0.074473, 0.081598, 
    0.089912, 0.072757, 0.074066, 0.075311, 0.067642, 0.067178, 0.063204, 
    0.068204, 0.066913, 0.061163, 0.063331, 0.061619, 0.062216, 0.058991, 
    0.061294, 0.060276, 0.05882, 0.057439, 0.056558, 0.266162, 0.314383, 
    0.049047, 0.048499, 0.047918, 0.047987, 0.047674, 0.04634, 0.046627, 
    0.046353, 0.04705, 0.045772, 0.046047, 0.046341, 0.045325, 0.045875, 
    0.045707, 0.043944, 0.043134, 0.044179, 0.044085, 0.042375, 0.043889, 
    0.066509, 0.055344, 0.055018, 0.054701, 0.054545, 0.054685, 0.054684, 
    0.054495, 0.054511, 0.054471, 0.054031, 0.054411, 0.054005, 0.053701, 
    0.05376, 0.054341, _, _, _, _, _, _, _, _, _, _, _, _, _, _, _, _, _, _, 
    _, _, _, _, _, _, _, _, _, _, _, _, _, _, 0.029723, 0.030062, 0.030339, 
    0.0308, 0.031599, 0.032391, 0.031556, 0.094386, 0.09568, 0.094214, 
    0.097604, 0.10406, 0.104038, 0.110515, 0.11526, 0.118989, 0.12689, 
    0.128192, 0.128742, 0.13141, 0.133063, 0.134743, 0.131795, 0.138126, 
    0.141793, 0.1434, 0.142994, 0.141922, 0.14951, 0.14473, 0.150658, 
    0.144151, 0.146407, 0.145474, 0.144823, 0.144208, 0.145895, 0.147614, 
    0.148709, 0.14523, 0.319941, 0.316885, 0.319917, 0.318847, 0.147872, 
    0.135426, 0.12234, 0.122405, 0.133036, 0.139942, 0.15311, 0.176984, 
    0.16517, 0.167, 0.119568, 0.123525, 0.120253, 0.123402, 0.113716, 
    0.133907, 0.614993, 0.541145, 0.507856, 0.468365, 0.439412, 0.442779, 
    0.103543, 0.099993, 0.075534, 0.079545, 0.075842, 0.088027, 0.077156, 
    0.08485, 0.093131, 0.095148, 0.077894, 0.087472, 0.095205, 0.085436, 
    0.098397, 0.07807, 0.065001, 0.060476, 0.066598, 0.065852, 0.063746, 
    0.064868, 0.067077, 0.066225, 0.064124, 0.043046, 0.042713, 0.042652, 
    0.042385, 0.042233, 0.041927, 0.041093, 0.041214, 0.041804, 0.04267, 
    0.0429, 0.043582, 0.04364, 0.043709, 0.046131, 0.046402, 0.045685, 
    0.046287, 0.046875, 0.048543, 0.048009, 0.047501, 0.04732, 0.047538, 
    0.047559, 0.046786, 0.047021, 0.047477, 0.057269, 0.058597, 0.0592, 
    0.060074, 0.059067, 0.057716, 0.05714, 0.054264, 0.058031, 0.061799, 
    0.060712, 0.070479, 0.074204, 0.078124, 0.070599, 0.069494, 0.068165, 
    0.067916, 0.029266, 0.029122, 0.029092, 0.029106, 0.028812, 0.028141, 
    0.027783, 0.103934, 0.098931, 0.356695, 0.367647, 0.383424, 0.376886, 
    0.363336, 0.389822, 0.382013, 0.376391, 0.374968, 0.367744, 0.369277, 
    0.390924, 0.377894, 0.374298, 0.396129, 0.387278, 0.413056, 0.43409, 
    0.426378, 0.423554, 0.405204, 0.411993, 0.406453, 0.409784, 0.403852, 
    0.405134, 0.405034, 0.411151, 0.412542, 0.419773, 0.421721, 0.422486, 
    0.425979, 0.062539, 0.062943, 0.063201, 0.063133, 0.06322, 0.063524, 
    0.062044, 0.061605, 0.061393, 0.061337, 0.063007, 0.063185, 0.062895, 
    0.061823, 0.062294, 0.151495, 0.455392, 0.455798, 0.477719, 0.467468, 
    0.472114, 0.463101, 0.456779, 0.469379, 0.480134, 0.488803, 0.498318, 
    0.505094, 0.512276, 0.526608, 0.526869, 0.534523, 0.535948, 0.553063, 
    0.587782, 0.57891, 0.045045, 0.04582, 0.042967, 0.041624, 0.038679, 
    0.040441, 0.035348, 0.081294, 0.08048, 0.079992, 0.060517, 0.063848, 
    0.075244, 0.069608, 0.082479, 0.080288, 0.082376, 0.06017, 0.064743, 
    0.066152, 0.054738, 0.053051, 0.05322, 0.053498, 0.055484, 0.054706, 
    0.055248, 0.055506, 0.056803, 0.055396, 0.056059, 0.055729, 0.058456, 
    0.056975, 0.05393, 0.052742, 0.053068, 0.051504, 0.050242, 0.051166, 
    0.053575, 0.051376, 0.049639, 0.04676, 0.0432, 0.042274, 0.04016, 
    0.040586, 0.039973, 0.032946, 0.03131, 0.032829, 0.031514, 0.031892, 
    0.032737, 0.042868, 0.045369, 0.04051, 0.039565, 0.041108, 0.056177, 
    0.043783, 0.041045, 0.277377, 0.190834, 0.185986, 0.206032, 0.221675, 
    0.206853, 0.167744, 0.195739, 0.063914, 0.065385, 0.064079, 0.063853, 
    0.06418, 0.059946, 0.056926, 0.129816, 0.141376, _, _, _, _, _, _, _, _, 
    _, _, _, _, _, _, _, _, _, 0.073337, 0.070765, 0.06247, 0.062441, 
    0.061505, 0.059381, 0.057906, 0.058257, 0.060427, 0.085376, _, _, _, _, 
    _, _, _, _, _, _, _, 0.062795, 0.062785, 0.062221, 0.062198, 0.061929, 
    0.06166, 0.061849, 0.061938, 0.062382, 0.063833, 0.062867, 0.063401, 
    0.063327, 0.063713, 0.064558, 0.064998, 0.065016, 0.067681, 0.059004, 
    0.06196, _, 0.114731, 0.083597, 0.090382, 0.104426, 0.110143, 0.101492, 
    0.094251, 0.079766, 0.070959, 0.079848, 0.079075, 0.079432, 0.701885, 
    0.69717, 0.69748, 0.687303, 0.708036, 0.685899, 0.719777, 0.691038, 
    0.729886, 0.755124, 0.702724, 0.743769, 0.765637, 0.754101, 0.740319, 
    0.749701, 0.758169, 0.755058, 0.665358, 0.685439, 0.615796, 0.593591, 
    0.548638, 0.558422, 0.582862, 0.590291, 0.587213, 0.393205, 0.352412, 
    0.338025, 0.053171, 0.055233, 0.053391, 0.055596, 0.055546, 0.055685, 
    0.056189, 0.056867, 0.054335, 0.057388, 0.055627, 0.056741, 0.058638, 
    0.057551, 0.060442, 0.060704, 0.060489, 0.058, 0.058468, 0.05699, 
    0.056663, 0.057809, 0.056931, 0.057232, 0.058195, 0.056255, 0.055846, 
    0.055122, 0.056391, 0.055651, 0.055273, 0.055406, 0.055519, 0.055094, 
    0.05445, 0.054466, 0.055998, 0.054647, 0.052512, 0.054254, 0.054182, 
    0.05529, 0.055106, 0.056053, 0.054318, 0.056, 0.055474, 0.055219, 
    0.055521, 0.05478, 0.055013, 0.054624, 0.054946, 0.054498, 0.053886, 
    0.054133, 0.05296, 0.053238, 0.054529, 0.055037, 0.055542, 0.054515, 
    0.052362, 0.051246, 0.05044, 0.050014, 0.049694, 0.050201, 0.049853, 
    0.064261, 0.147871, 0.116877, 0.114506, 0.098253, 0.107382, 0.095861, 
    0.101393, 0.098907, 0.094375, 0.088872, 0.088945, 0.088468, 0.087503, 
    0.092462, 0.09442, 0.100041, 0.095821, 0.09849, 0.025667, 0.026123, 
    0.026095, 0.02602, 0.02607, 0.026266, 0.026187, 0.025627, 0.025608, 
    0.02433, 0.024447, 0.024546, 0.024663, 0.024329, 0.024598, 0.024215, 
    0.147977, 0.146208, 0.144708, 0.140106, 0.14023, 0.135984, 0.134818, 
    0.132048, 0.131096, 0.130965, 0.125061, 0.120759, 0.120759, 0.124283, 
    0.126547, 0.121317, 0.119311, 0.119132, 0.101047, 0.111482, 0.10917, 
    0.112145, 0.114164, 0.113102, 0.117075, 0.126668, 0.106036, 0.099626, 
    0.104514, 0.099153, 0.10142, 0.095824, 0.095942, 0.099456, 0.098089, 
    0.09955, 0.102123, 0.100014, 0.094126, 0.096274, 0.095424, 0.096246, 
    0.094149, 0.090605, 0.090434, 0.094913, 0.091812, 0.092723, 0.097513, 
    0.098413, 0.099016, 0.094752, 0.093659, 0.106092, 0.105298, 0.102041, 
    0.236657, 0.262407, 0.220869, 0.203472, 0.156339, 0.150362, 0.153075, 
    0.163335, 0.16023, 0.158264, 0.155391, 0.167669, 0.149768, 0.152808, 
    0.150612, 0.163351, 0.129465, 0.127547, 0.127323, 0.13123, 0.120756, 
    0.143149, 0.125264, 0.126436, 0.084602, 0.085162, 0.0994, 0.096017, 
    0.102992, 0.123078, 0.112842, 0.113306, 0.121455, 0.10988, 0.108355, 
    0.123604, 0.129068, 0.114811, 0.110982, 0.106239, 0.112882, 0.107931, 
    0.105922, 0.099951, 0.096805, 0.098585, 0.098828, 0.098604, 0.095811, 
    0.097457, 0.098947, 0.096721, 0.094435, 0.091181, 0.08915, 0.084731, 
    0.084026, 0.085196, 0.084618, 0.236558, 0.20914, 0.022166, 0.022074, 
    0.021833, 0.021902, 0.021836, 0.021537, 0.021585, 0.021773, 0.021581, 
    0.021954, 0.021917, 0.022286, 0.068989, 0.068055, 0.067543, 0.063893, 
    0.062056, 0.061817, 0.060436, 0.05938, 0.059732, 0.059485, 0.055646, 
    0.053709, 0.052954, 0.052127, 0.050418, 0.048381, 0.049664, 0.048828, 
    0.04716, 0.045198, 0.043282, 0.043769, 0.042645, 0.043744, 0.046064, 
    0.044964, 0.045233, 0.044569, 0.04463, 0.044738, 0.043703, 0.046882, 
    0.045215, 0.046023, 0.042274, 0.046088, 0.043538, 0.044405, 0.043036, 
    0.042419, 0.041279, 0.019278, 0.018807, 0.019152, 0.019033, 0.019532, 
    0.019607, 0.019294, 0.019254, 0.019288, 0.019151, 0.019156, 0.01941, 
    0.019585, 0.019882, 0.019517, 0.019791, 0.019693, 0.019522, 0.125323, 
    0.121366, 0.127288, 0.114511, 0.080756, 0.080224, 0.076694, 0.094447, 
    0.068684, 0.073854, 0.066471, 0.064098, 0.105977, 0.101035, 0.103169, 
    0.093634, 0.114726, 0.315636, 0.312244, 0.312543, 0.322036, 0.320574, 
    0.320294, 0.318503, 0.316595, 0.315029, 0.31396, 0.315618, 0.316761, 
    0.316133, 0.315222, 0.317675, 0.314571, 0.310987, 0.311117, 0.30936, 
    0.307273, 0.303642, 0.297745, 0.297833, 0.297603, 0.293517, 0.291621, 
    0.293467, 0.289183, 0.287742, 0.288538, 0.286727, 0.284105, 0.288589, 
    0.284886, 0.284458, 0.282154, 0.282504, 0.279928, 0.278633, 0.2773, 
    0.276684, 0.277146, 0.278111, 0.278034, 0.276207, 0.275757, 0.273868, 
    0.272921, 0.273228, 0.274242, 0.274233, 0.27538, 0.275109, 0.274093, 
    0.271359, 0.272835, 0.271912, 0.27331, 0.274171, 0.276027, 0.271905, 
    0.273708, 0.273303, 0.275089, 0.273, 0.272631, 0.274442, 0.275432, 
    0.278265, 0.277346, 0.277677, 0.27675, 0.277185, 0.278214, 0.283029, 
    0.284145, 0.286063, 0.289756, 0.288688, 0.288576, 0.291347, 0.293936, 
    1.021539, 0.063501, 0.06226, 0.062243, 0.061877, 0.060028, 0.05773, 
    0.057318, 0.056231, 0.054196, 0.053509, 0.053231, 0.052372, 0.051327, 
    0.048942, 0.047434, 0.045586, 0.042461, 0.043408, 0.042082, 0.04043, 
    0.039612, 0.040336, 0.040421, 0.043546, 0.044256, 0.043674, 0.130486, 
    0.134482, 0.140431, 0.135247, 0.145249, 0.147173, 0.137984, 0.138246, 
    0.142881, 0.140086, 0.142628, 0.140973, 0.144716, 0.148444, 0.150843, 
    0.160695, 0.162374, 0.164825, 0.161365, 0.176361, 0.17958, 0.184615, 
    0.207931, 0.209423, 0.215764, 0.218253, 0.226799, 0.211432, 0.42489, 
    0.405052, 0.406274, 0.388303, 0.387093, 0.380831, 0.395723, 0.412891, 
    0.415162, 0.411998, 0.423523, 0.428663, 0.432673, 0.439572, 0.456079, 
    0.471872, 0.462741, 0.45937, 0.425458, 0.440788, 0.444095, 0.423677, 
    0.432756, 0.455678, 0.432126, 0.444237, 0.460681, 0.45785, 0.441283, 
    0.447577, 0.450901, 0.466182, 0.461657, 0.468626, 0.468417, 0.451493, 
    0.460597, 0.466833, 0.502701, 0.495805, 0.499249, 0.491145, 0.507356, 
    0.279256, 0.261263, 0.265009, 0.99098, 1.077699, 1.142953, 1.225558, 
    1.038776, 1.187894, 1.034482, 1.025281, 0.066171, 0.124331, 0.119109, 
    0.123284, 0.113347, 0.117414, 0.115962, 0.116919, 0.113747, 0.104388, 
    0.104587, 0.095607, 0.118698, 0.11965, 0.115268, 0.255979, 0.376041, 
    0.420132, 0.358266, 0.205093, 0.200054, 0.197127, 0.20309, 0.20464, 
    0.207467, 0.209904, 0.212661, 0.208377, 0.20583, 0.203075, 0.202527, 
    0.19719, 0.193513, 0.19259, 0.195862, 0.19574, 0.037467, 0.037088, 
    0.036362, 0.035717, 0.035242, 0.03509, 0.03514, 0.03487, 0.034751, 
    0.034732, 0.034306, 0.034393, 0.034508, 0.034474, 0.03385, 0.035114, 
    0.430306, 0.387361, 0.376433, 0.433525, 0.451126, 0.495205, 0.497066, 
    0.049422, 0.049335, 0.049506, 0.049433, 0.04956, 0.04965, 0.049138, 
    0.049864, 0.050045, 0.049948, _, _, _, _, _, _, _, _, _, _, _, _, _, _, 
    _, _, 0.283742, 0.284803, 0.305977, 0.01405, 0.014063, 0.014045, 
    0.014276, 0.014175, 0.014503, 0.361843, 0.368749, 0.367173, 0.363755, 
    0.339469, 0.318257, 0.291288, 0.282469, 0.267328, 0.262658, 0.260154, 
    0.243797, 0.254777, 0.256771, 0.246196, 0.242928, 0.238378, 0.241432, 
    0.250451, 0.241108, 0.280714, 0.258814, 0.258155, 0.283476, 0.322806, 
    0.311527, 0.303715, 0.299989, 0.297642, 0.305101, 0.086359, 0.081437, 
    0.087773, 0.079112, 0.088788, 0.083779, 0.070698, 0.075594, 0.081215, 
    0.058341, 0.082276, 0.081116, 0.080473, 0.078565, 0.078281, 0.077682, 
    0.07629, 0.073329, 0.071908, 0.072069, 0.074908, 0.075983, 0.077411, 
    0.077513, 0.07691, 0.076756, 0.07664, 0.076877, 0.078555, 0.078924, 
    0.080445, 0.080684, 0.493154, 0.475267, 0.478343, 0.469125, 0.438468, 
    0.377172, 0.349984, 0.33843, 0.352426, 0.350839, 0.342794, 0.341638, 
    0.334073, 0.33244, 0.321231, 0.320834, 0.312216, 0.320729, 0.321407, 
    0.330724, 0.3296, 0.323426, 0.322577, 0.33151, 0.3291, 0.324931, 
    0.334128, 0.345205, 0.335223, 0.075257, 0.074375, 0.074996, 0.074771, 
    0.073448, 0.07094, 0.07209, 0.072361, 0.072443, 0.073362, 0.590684, 
    0.561797, 0.578923, 0.58037, 0.578079, 0.276, 0.250249, 0.209477, 
    0.213561, 0.231168, 0.258842, 0.257629, 0.258105, 0.240093, 0.217617, 
    0.215502, 0.270057, 0.214825, 0.23306, 0.239584, 0.24564, 0.404457, 
    0.434082, 0.420795, 0.429433, 0.432556, 0.396854, 0.414257, 0.426492, 
    0.426274, 0.412075, 0.417629, 0.459659, 0.435744, 0.46907, 0.439138, 
    0.475141, 0.475595, 0.450767, 0.482199, 0.512571, 0.522521, 0.557964, 
    0.554963, 0.57856, 0.595159, 0.627855, 0.631613, 0.650211, 0.747359, 
    0.673833, 0.68276, 0.73746, 0.702763, 0.669462, 0.654574, 0.703737, 
    0.699941, 0.705103, 0.699591, 0.774578, 0.723047, 0.699344, 0.690366, 
    0.709393, 0.713987, 0.738052, 0.791645, 0.805322, 0.1164, 0.099029, 
    0.092656, 0.096961, 0.084309, 0.099294, 0.085415, 0.088395, 0.086092, 
    0.091268, 0.086775, 0.085565, 0.084792, 0.079711, 0.082385, 0.082577, 
    0.080516, 0.076682, 0.075622, 0.074863, 0.076326, 0.075926, 0.084214, 
    0.08667, 0.081288, 0.086931, 0.100921, 0.099956, 0.094808, 0.091334, 
    0.086843, 0.092906, 0.09612, 0.094401, 0.16105, 0.153786, 0.15414, 
    0.153018, 0.155454, 0.152867, 0.156333, 0.153912, 0.152576, 0.154954, 
    0.154711, 0.153212, 0.155709, 0.161203, 0.154246, 0.151826, 0.146554, 
    0.146235, 0.157443, 0.153992, 0.157659, 0.151033, 0.151765, 0.146103, 
    0.13767, 0.139636, 0.139629, 0.140125, 0.136387, 0.136225, 0.135648, 
    0.141736, 0.141687, 0.141036, 0.145092, 0.146811, 0.14382, 0.140558, 
    0.140083, 0.141883, 0.139076, 0.137581, 0.130886, 0.120908, 0.11207, 
    0.111076, 0.109228, 0.111104, 0.113581, 0.112413, 0.111498, 0.11143, 
    0.106613, 0.104231, 0.100633, 0.100707, 0.101683, 0.069031, 0.069599, 
    0.071008, 0.075095, 0.08941, 0.086657, 0.084282, 0.09295, 0.078048, 
    0.072541, 0.077338, _, _, _, _, _, _, _, _, _, _, _, _, 0.199821, 
    0.197757, 0.191011, 0.187545, 0.191418, 0.177675, 0.181126, 0.178131, 
    0.181093, 0.178335, 0.171919, 0.171162, 0.175258, 0.18241, 0.175815, 
    0.18256, 0.179879, 0.180751, 0.185321, 0.181878, 0.184761, 0.171323, 
    0.170864, 0.174419, 0.171359, 0.1646, 0.168724, 0.166468, 0.163663, 
    0.162916, 0.162551, 0.158978, 0.15602, 0.160245, 0.161692, 0.155967, 
    0.153388, 0.154672, 0.158386, 0.156689, 0.156452, 0.154419, 0.162281, 
    0.169667, 0.162875, 0.16477, 0.164654, 0.159583, 0.159881, 0.156284, 
    0.163008, 0.163515, 0.166213, 0.167833, 0.164, 0.172899, 0.172586, 
    0.169166, 0.169287, 0.169398, 0.174747, 0.172964, 0.175795, 0.174501, 
    0.028821, 0.029183, 0.029921, 0.030308, 0.030866, 0.086214, 0.071838, 
    0.072219, 0.09446, 0.12724, 0.117568, 0.137157, 0.044913, 0.045125, 
    0.046496, 0.046845, 0.046574, 0.046887, 0.047065, 0.047044, 0.047885, 
    0.047891, 0.048021, _, _, _, _, _, _, _, _, _, _, _, _, _, _, _, _, _, _, 
    0.716763, 0.709978, 0.70323, 0.686189, 0.717061, 0.758345, 0.763354, 
    0.770927, 0.739351, 0.749622, 0.735386, 0.183639, 0.184783, 0.196593, 
    0.059377, 0.060071, 0.059432, 0.060073, 0.060531, 0.061032, 0.061089, 
    0.062223, 0.062423, 0.063687, 0.063892, 0.06383, 0.14855, 0.150122, 
    0.159112, 0.172352, 0.185421, 0.202847, 0.218158, 0.233092, 0.26693, 
    0.266138, 0.263191, 0.264718, 0.26759, 0.266006, 0.271544, 0.271645, 
    0.271431, 0.271319, 0.264126, 0.264609, 0.261189, 0.258225, 0.257262, 
    0.258249, 0.256913, 0.252595, 0.252715, 0.252092, 0.248927, 0.247143, 
    0.245967, 0.242276, 0.240009, 0.241151, 0.249153, 0.24738, 0.251445, 
    0.25338, 0.253612, 0.255129, 0.255327, 0.259661, 0.25793, 0.25844, 
    0.259444, 0.25712, 0.258753, 0.255713, 0.260016, 0.26584, 0.267879, 
    0.268046, 0.268528, 0.268617, 0.271684, 0.271555, 0.273807, 0.270612, 
    0.268182, 0.267958, 0.265896, 0.264618, 0.263846, 0.262528, 0.264205, 
    0.26649, 0.268235, 0.270579, 0.272171, 0.274882, 0.27685, _, _, _, _, _, 
    _, _, _, _, _, _, _, _, _, _, _, _, _, _, _, _, _, _, _, _, _, _, _, _, 
    _, _, _, _, _, _, 0.437168, 0.43722, 0.430635, 0.432462, 0.431889, 
    0.429283, 0.431293, 0.432351, 0.429017, 0.421178, 0.420052, 0.419388, 
    0.419342, 0.399273, 0.400979, 0.403448, 0.40431, 0.399857, 0.392576, 
    0.398444, 0.395784, 0.387438, 0.395336, 0.389473, 0.399399, 0.390001, 
    0.391919, 0.395382, 0.394213, 0.395496, 0.395799, 0.391943, 0.403718, 
    0.391148, 0.401126, 0.408194, 0.399492, 0.402438, 0.407824, 0.419319, 
    0.414095, 0.41484, 0.420503, 0.432774, 0.428722, 0.449528, 0.453539, 
    0.448103, 0.438021, 0.432833, 0.414085, 0.414798, 0.415972, 0.417531, 
    0.419324, 0.417186, 0.418848, 0.059651, 0.059797, 0.060017, 0.059908, 
    0.059341, 0.058867, 0.058051, 0.058102, 0.057743, 0.056791, 0.056674, 
    0.056738, 0.057851, 0.057649, 0.057429, 0.056884, 0.052344, 0.051704, 
    0.050879, 0.050507, 0.049268, 0.048615, 0.048626, 0.048694, 0.048683, 
    0.048197, 0.047486, 0.046922, 0.04504, 0.045241, 0.044915, 0.04491, 
    0.044883, 0.044896, 0.044859, 0.043936, 0.043406, 0.04365, 0.119249, 
    0.123046, 0.108297, 0.109572, 0.096476, 0.087519, 0.089023, 0.089581, 
    0.088443, 0.094474, 0.102047, 0.110171, 0.099095, 0.101947, 0.107284, 
    0.141001, 0.125736, 0.113834, 0.105837, 0.088565, _, 0.076859, 0.077511, 
    0.074886, 0.079083, 0.078477, 0.077248, 0.072488, 0.074497, 0.072362, 
    0.075421, 0.07759, 0.080386, 0.078035, 0.078979, 0.179603, 0.179404, 
    0.17849, 0.176486, 0.17675, 0.177686, 0.178418, 0.177308, 0.176429, 
    0.173297, 0.174507, 0.173923, 0.177377, 0.185352, 0.18677, 0.181732, 
    0.190062, 0.202937, 0.204223, 0.2058, 0.199588, 0.215299, 0.199237, 
    0.198049, 0.227415, 0.232884, 0.25325, 0.215801, 0.206529, 0.210555, 
    0.203324, 0.202731, 0.200477, 0.198578, 0.197627, 0.195963, 0.194568, 
    0.192487, 0.19216, 0.18994, 0.19247, 0.204438, 0.194833, 0.199335, 
    0.197565, 0.198497, 0.202113, 0.15765, 0.153624, 0.145969, 0.144783, 
    0.145018, 0.151032, 0.156989, 0.157067, 0.159665, 0.157226, 0.152763, 
    0.14677, 0.142944, 0.140166, 0.140345, 0.138241, 0.13416, 0.128588, 
    0.125137, 0.172998, 0.20564, 0.232398, 0.22516, 0.020838, 0.020853, 
    0.020758, 0.020238, 0.020544, 0.020676, 0.020203, 0.020334, 0.020388, 
    0.020117, 0.020235, 0.020177, 0.020169, 0.020336, 0.020216, 0.020504, 
    0.020452, 0.079211, 0.075678, 0.075287, 0.089034, 0.082643, 0.457922, 
    0.485265, 0.467794, 0.455391, 0.436308, 0.452867, 0.465314, 0.431047, 
    0.444408, 0.45076, 0.446604, 0.4389, 0.447686, 0.45127, 0.445293, 
    0.454809, 0.445703, 0.444383, 0.457634, 0.45936, 0.455437, 0.460684, 
    0.470311, 0.489359, 0.49382, 0.494733, 0.471044, 0.46014, 0.024606, 
    0.036505, 0.035481, 0.028069, 0.027152, 0.026914, 0.024251, 0.033695, 
    0.032055, 0.028883, 0.028299, 0.029578, 0.029914, 0.031678, 0.030734, 
    0.030177, 0.028209, 0.028488, 0.031, _, _, _, _, _, 0.062992, 0.061691, 
    0.061218, 0.06117, 0.061274, 0.061233, 0.060807, 0.060647, 0.060034, 
    0.058409, 0.056618, 0.056948, 0.056725, 0.055613, 0.054561, 0.054699, 
    0.054242, 0.052931, 0.052596, 0.052337, 0.05144, 0.050593, 0.050859, 
    0.051065, 0.051457, 0.053323, 0.058265, 0.05526, 0.055969, 0.057068, 
    0.056315, 0.056057, 0.055844, 0.058954, 0.062145, 0.063251, 0.097233, 
    0.095235, 0.089253, 0.08624, 0.076227, 0.0785, 0.07552, 0.071844, 
    0.071237, 0.071851, 0.084283, 0.079392, 0.071851, 0.067453, 0.067846, 
    0.0701, 0.069933, 0.075006, 0.08204, 0.088404 ;
}
