netcdf JRR-AOD_v2r3_npp_s202106161926041_e202106161927283_c202106161956380 {
dimensions:
	Columns = 3200 ;
	Rows = 768 ;
	AbiAODnchn = 11 ;
	LndLUTnchn = 4 ;
variables:
	float Latitude(Rows, Columns) ;
		Latitude:long_name = "Latitude" ;
		Latitude:units = "degrees_north" ;
		Latitude:comments = "Pixel latitude in field Latitude (degree)" ;
		Latitude:_FillValue = -999.f ;
		Latitude:valid_range = -90.f, 90.f ;
	float Longitude(Rows, Columns) ;
		Longitude:long_name = "Longitude" ;
		Longitude:units = "degrees_east" ;
		Longitude:comments = "Pixel longitude in field Longitude (degree)" ;
		Longitude:_FillValue = -999.f ;
		Longitude:valid_range = -180.f, 180.f ;
	int StartRow ;
		StartRow:long_name = "Start row index" ;
	int StartColumn ;
		StartColumn:long_name = "Start column index" ;
	byte QCExtn(Rows, Columns) ;
		QCExtn:long_name = "External flags from input masks: bit 0&1: cloud (0-confClr/1-probClr/2-probCld/3-confCld); bit 2: snow (0-No/1-Yes); bit 3: cloud shadow; bit 4: fire; bit 5: sun glint; bit 6: Heavy aerosol" ;
		QCExtn:coordinates = "Longitude Latitude" ;
		QCExtn:units = "1" ;
		QCExtn:_FillValue = -128b ;
		QCExtn:valid_range = -128b, 127b ;
	byte QCTest(Rows, Columns) ;
		QCTest:long_name = "Flags for internal tests (0-No/1-Yes): bit 0: cloudy; bit 1: cirrus; bit 2: thin cirrus; bit 3: inhomogeneous; bit 4: snow/ice; bit 5: ephemeral water; bit 6: shallow water; bit 7: heavy aerosol" ;
		QCTest:coordinates = "Longitude Latitude" ;
		QCTest:units = "1" ;
		QCTest:_FillValue = -128b ;
		QCTest:valid_range = -128b, 127b ;
	byte QCInput(Rows, Columns) ;
		QCInput:long_name = "Flags for input data (0-valid/1-invalid): bit 0: geolocation;  bit 1: geometry; bit 2: ancillary model data; bit 3: reflectance" ;
		QCInput:coordinates = "Longitude Latitude" ;
		QCInput:units = "1" ;
		QCInput:_FillValue = -128b ;
		QCInput:valid_range = 0b, 15b ;
	byte QCPath(Rows, Columns) ;
		QCPath:long_name = "Flags for retrieval path (0-No/1-Yes): bit 0: retrieval over water; bit 1: over bright land; bit 2: over glint water; bit 3: retrieval with SW scheme over land; bit 4: retrieval with SWIR scheme over land; bit 5: retrieval over bright-land algorithm" ;
		QCPath:coordinates = "Longitude Latitude" ;
		QCPath:units = "1" ;
		QCPath:_FillValue = -128b ;
		QCPath:valid_range = 0b, 31b ;
	byte QCRet(Rows, Columns) ;
		QCRet:long_name = "Flags for retrieval (0-No/1-Yes): bit 0: retrieval failed; bit 1: low sun; bit 2: dark barren land surface type; bit 3: extrapolation involved; bit 4: retrieval residula out of range; bit 5: dark land NDVI out of range; bit 6: dark land redness ratio out of range; bit 7: adjacent to cloud or snow" ;
		QCRet:coordinates = "Longitude Latitude" ;
		QCRet:units = "1" ;
		QCRet:_FillValue = -128b ;
		QCRet:valid_range = -128b, 127b ;
	byte QCAll(Rows, Columns) ;
		QCAll:long_name = "Retrieval quality:  0: high; 1: medium; 2: low; 3: no retrieval" ;
		QCAll:coordinates = "Longitude Latitude" ;
		QCAll:units = "1" ;
		QCAll:_FillValue = -128b ;
		QCAll:valid_range = 0b, 3b ;
	byte FineMdlIdx(Rows, Columns) ;
		FineMdlIdx:long_name = "Retrieved fine aerosol model index over ocean" ;
		FineMdlIdx:coordinates = "Longitude Latitude" ;
		FineMdlIdx:units = "1" ;
		FineMdlIdx:_FillValue = -1b ;
		FineMdlIdx:valid_range = 1b, 4b ;
	byte CoarseMdlIdx(Rows, Columns) ;
		CoarseMdlIdx:long_name = "Retrieved coarse aerosol model index over ocean" ;
		CoarseMdlIdx:coordinates = "Longitude Latitude" ;
		CoarseMdlIdx:units = "1" ;
		CoarseMdlIdx:_FillValue = -1b ;
		CoarseMdlIdx:valid_range = 1b, 5b ;
	float FineModWgt(Rows, Columns) ;
		FineModWgt:long_name = "Retrieved ratio of fine mode optical depth at 0.55 micron over ocean" ;
		FineModWgt:coordinates = "Longitude Latitude" ;
		FineModWgt:units = "1" ;
		FineModWgt:_FillValue = -999.999f ;
		FineModWgt:valid_range = 0.f, 1.f ;
	byte AerMdl(Rows, Columns) ;
		AerMdl:long_name = "Aerosol model: 0-oceanic, 1-dust, 2-generic, 3-urban, 4-heavy smoke" ;
		AerMdl:coordinates = "Longitude Latitude" ;
		AerMdl:units = "1" ;
		AerMdl:_FillValue = -1b ;
		AerMdl:valid_range = 0b, 4b ;
	float AOD550(Rows, Columns) ;
		AOD550:long_name = "Aerosol optical depth at 550 nm" ;
		AOD550:coordinates = "Longitude Latitude" ;
		AOD550:units = "1" ;
		AOD550:_FillValue = -999.999f ;
		AOD550:valid_range = -0.05f, 5.f ;
	float AOD_channel(Rows, Columns, AbiAODnchn) ;
		AOD_channel:long_name = "Aerosol optical depth in selected channels" ;
		AOD_channel:coordinates = "Longitude Latitude" ;
		AOD_channel:units = "1" ;
		AOD_channel:_FillValue = -999.999f ;
		AOD_channel:valid_range = 0.f, 12.f ;
	float AngsExp1(Rows, Columns) ;
		AngsExp1:long_name = "Angstrom exponent for M4 vs M7 over ocean" ;
		AngsExp1:coordinates = "Longitude Latitude" ;
		AngsExp1:units = "1" ;
		AngsExp1:_FillValue = -999.999f ;
		AngsExp1:valid_range = -1.f, 3.f ;
	float AngsExp2(Rows, Columns) ;
		AngsExp2:long_name = "Angstrom exponent for M7 vs M10 over ocean" ;
		AngsExp2:coordinates = "Longitude Latitude" ;
		AngsExp2:units = "1" ;
		AngsExp2:_FillValue = -999.999f ;
		AngsExp2:valid_range = -1.f, 3.f ;
	float SfcRefl(Rows, Columns, AbiAODnchn) ;
		SfcRefl:long_name = "surface reflectance in selected channels" ;
		SfcRefl:coordinates = "Longitude Latitude" ;
		SfcRefl:units = "1" ;
		SfcRefl:_FillValue = -999.999f ;
		SfcRefl:valid_range = 0.f, 1.f ;
	float SpaStddev(Rows, Columns) ;
		SpaStddev:long_name = "Inhomogeneity TOA reflectance standard deviation: M1 over land, M11 over ocean" ;
		SpaStddev:coordinates = "Longitude Latitude" ;
		SpaStddev:units = "1" ;
		SpaStddev:_FillValue = -999.999f ;
		SpaStddev:valid_range = 0.f, 1.f ;
	float Residual(Rows, Columns) ;
		Residual:long_name = "Retrieval residual of the best solution" ;
		Residual:coordinates = "Longitude Latitude" ;
		Residual:units = "1" ;
		Residual:_FillValue = -999.999f ;
		Residual:valid_range = 0.f, 999.f ;
	float AOD550LndMdl(Rows, Columns, LndLUTnchn) ;
		AOD550LndMdl:long_name = "Retrieval AOD550 for each land aerosol model: dust, generic, urban, smoke" ;
		AOD550LndMdl:coordinates = "Longitude Latitude" ;
		AOD550LndMdl:units = "1" ;
		AOD550LndMdl:_FillValue = -999.999f ;
		AOD550LndMdl:valid_range = -0.05f, 5.f ;
	float ResLndMdl(Rows, Columns, LndLUTnchn) ;
		ResLndMdl:long_name = "Retrieval residual for each land aerosol model: dust, generic, urban, smoke" ;
		ResLndMdl:coordinates = "Longitude Latitude" ;
		ResLndMdl:units = "1" ;
		ResLndMdl:_FillValue = -999.999f ;
		ResLndMdl:valid_range = 0.f, 999.f ;
	float HighQualityPct ;
		HighQualityPct:long_name = "Percent of high quality retrievals" ;
		HighQualityPct:units = "%" ;
		HighQualityPct:valid_range = 0.f, 100.f ;
	float RetrievalPct ;
		RetrievalPct:long_name = "Percent of AOD retrievals" ;
		RetrievalPct:units = "%" ;
		RetrievalPct:valid_range = 0.f, 100.f ;
	float MeanAOD ;
		MeanAOD:long_name = "Mean AOD at 550 nm" ;
		MeanAOD:units = "1" ;
		MeanAOD:valid_range = -0.05f, 5.f ;
	float MeanAODHighQuality ;
		MeanAODHighQuality:long_name = "Mean High Quality AOD at 550nm" ;
		MeanAODHighQuality:units = "1" ;
		MeanAODHighQuality:valid_range = -0.05f, 5.f ;

// global attributes:
		:Conventions = "CF-1.5" ;
		:Metadata_Conventions = "CF-1.5, Unidata Dataset Discovery v1.0" ;
		:standard_name_vocabulary = "CF Standard Name Table (version 17, 24 March 2011)" ;
		:project = "JPSS Risk Reduction: Enterprise Aerosol Optical Depth/Particle Size Products" ;
		:institution = "DOC/NOAA/NESDIS/NDE > S-NPP Data Exploitation, NESDIS, NOAA, U.S. Department of Commerce" ;
		:naming_authority = "gov.noaa.nesdis.nde" ;
		:satellite_name = "NPP" ;
		:instrument_name = "VIIRS" ;
		:title = "JRR-AOD" ;
		:summary = "Enterprise Aerosol Optical Depth/ Aerosol Particle Size Products" ;
		:history = "JRR-AOD v2r3" ;
		:processing_level = "NOAA Level 2" ;
		:references = "" ;
		:id = "5914318f-41a0-4261-a76c-0430d0afbc8e" ;
		:Metadata_Link = "JRR-AOD_v2r3_npp_s202106161926041_e202106161927283_c202106161956380.nc" ;
		:start_orbit_number = 49932 ;
		:end_orbit_number = 49932 ;
		:day_night_data_flag = "day" ;
		:ascend_descend_data_flag = 0 ;
		:time_coverage_start = "2021-06-16T19:26:04Z" ;
		:time_coverage_end = "2021-06-16T19:27:28Z" ;
		:date_created = "2021-06-16T19:56:43Z" ;
		:channels_used = "M1,M2,M3,M4,M5,M6,M7,M8,M9,M10,M11,M15,M16" ;
		:channel_center_wavelength = "0.412um,0.445um,0.488um,0.555um,0.672um,0.746um,0.865um,1.240um,1.378um,1.610um,2.250um,10.76um,12.01um" ;
		:resolution = "750M" ;
		:production_site = "NSOF" ;
		:production_environment = "ITE" ;
		:cdm_data_type = "swath" ;
		:geospatial_first_scanline_first_fov_lat = 71.28606f ;
		:geospatial_first_scanline_last_fov_lat = 61.05178f ;
		:geospatial_last_scanline_first_fov_lat = 76.06123f ;
		:geospatial_last_scanline_last_fov_lat = 63.91724f ;
		:geospatial_first_scanline_first_fov_lon = -72.51878f ;
		:geospatial_first_scanline_last_fov_lon = -141.2401f ;
		:geospatial_last_scanline_first_fov_lon = -67.46107f ;
		:geospatial_last_scanline_last_fov_lon = -150.5025f ;
		:geospatial_lat_units = "degrees_north" ;
		:geospatial_lon_units = "degrees_east" ;
		:geospatial_bounds = "POLYGON((-72.5188 71.2861,-141.24 61.0518,-150.503 63.9172,-67.4611 76.0612,-72.5188 71.2861))" ;
}
