
The following have been reloaded with a version change:
  1) rocoto/1.3.1 => rocoto/1.3.3

2022051406
1
+ compiler=intel
+ source ../../sorc/machine-setup.sh
+ module use ../../modulefiles
+ local __lmod_my_status
+ local __lmod_sh_dbg
+ '[' -z '' ']'
+ case "$-" in
+ __lmod_sh_dbg=x
+ '[' -n x ']'
+ set +x
Shell debugging temporarily silenced: export LMOD_SH_DBG_ON=1 for Lmod's output
Shell debugging restarted
+ return 0
+ module load build.hera.intel
+ local __lmod_my_status
+ local __lmod_sh_dbg
+ '[' -z '' ']'
+ case "$-" in
+ __lmod_sh_dbg=x
+ '[' -n x ']'
+ set +x
Shell debugging temporarily silenced: export LMOD_SH_DBG_ON=1 for Lmod's output
Shell debugging restarted
+ return 0
+ module list
+ local __lmod_my_status
+ local __lmod_sh_dbg
+ '[' -z '' ']'
+ case "$-" in
+ __lmod_sh_dbg=x
+ '[' -n x ']'
+ set +x
Shell debugging temporarily silenced: export LMOD_SH_DBG_ON=1 for Lmod's output

Currently Loaded Modules:
  1) cmake/3.16.1   4) intel/18.0.5.274       7) hpc-impi/2018.0.4  10) bacio/2.4.1   13) w3nco/2.4.1  16) wgrib2/2.0.8  19) hdf5/1.10.6    22) esmf/8_2_0
  2) hpss/hpss      5) hpc-intel/18.0.5.274   8) g2/3.4.1           11) nemsio/2.5.2  14) sfcio/1.4.1  17) zlib/1.2.11   20) netcdf/4.7.4   23) build.hera.intel
  3) hpc/1.1.0      6) impi/2018.0.4          9) ip/3.3.3           12) sp/2.3.3      15) sigio/2.3.2  18) png/1.6.35    21) nccmp/1.8.7.0

 

Shell debugging restarted
+ return 0
+ module use -a /scratch2/NCEPDEV/nwprod/NCEPLIBS/modulefiles
+ local __lmod_my_status
+ local __lmod_sh_dbg
+ '[' -z '' ']'
+ case "$-" in
+ __lmod_sh_dbg=x
+ '[' -n x ']'
+ set +x
Shell debugging temporarily silenced: export LMOD_SH_DBG_ON=1 for Lmod's output
Shell debugging restarted
+ return 0
+ module load prod_util/1.1.0
+ local __lmod_my_status
+ local __lmod_sh_dbg
+ '[' -z '' ']'
+ case "$-" in
+ __lmod_sh_dbg=x
+ '[' -n x ']'
+ set +x
Shell debugging temporarily silenced: export LMOD_SH_DBG_ON=1 for Lmod's output
Lmod has detected the following error: These module(s) or extension(s) exist but cannot be loaded as requested: "prod_util/1.1.0"
   Try: "module spider prod_util/1.1.0" to see how to load the module(s).



Shell debugging restarted
+ return 1
+ PROJECT_CODE=wrf-chem
+ QUEUE=batch
+ cdate=2022051406
+ export EXTRACT_DIR=/scratch2/BMC/gsd-fv3-dev/MAPP_2018/bhuang/JEDI-2020/JEDI-FV3/expRuns/global-workflow-CCPP2-Chem-NRT-clean/dr-data/downloadHpss//tmp1
+ EXTRACT_DIR=/scratch2/BMC/gsd-fv3-dev/MAPP_2018/bhuang/JEDI-2020/JEDI-FV3/expRuns/global-workflow-CCPP2-Chem-NRT-clean/dr-data/downloadHpss//tmp1
++ echo 2022051406
++ cut -c 1-4
+ export yy=2022
+ yy=2022
++ echo 2022051406
++ cut -c 5-6
+ export mm=05
+ mm=05
++ echo 2022051406
++ cut -c 7-8
+ export dd=14
+ dd=14
++ echo 2022051406
++ cut -c 9-10
+ export hh=06
+ hh=06
+ source config_hpssDownload
++ EXTRACT_DATA=yes
++ RUN_CHGRES=no
++ use_v16retro=no
++ LEVS=65
++ CDUMP=gdas
++ CRES_HIRES=C96
++ CRES_ENKF=C96
++ UFS_DIR=/scratch1/BMC/gsd-fv3-dev/MAPP_2018/bhuang/JEDI-2020/JEDI-FV3/expCodes/GSDChem_cycling/global-workflow-CCPP2-Chem/gsd-ccpp-chem/sorc/UFS_UTILS_20220203/UFS_UTILS/util/gdas_init/../..
++ '[' no = yes ']'
++ gfs_ver=v16
++ '[' 2022051406 -lt 2012052100 ']'
++ '[' 2022051406 -lt 2016051000 ']'
++ '[' 2022051406 -lt 2017072000 ']'
++ '[' 2022051406 -lt 2019061200 ']'
++ '[' 2022051406 -lt 2021032100 ']'
++ '[' 2022051406 -lt 2021032106 ']'
++ export UFS_DIR OUTDIR CRES_HIRES CRES_ENKF
++ export LEVS gfs_ver
+ '[' yes == yes ']'
+ rm -fr /scratch2/BMC/gsd-fv3-dev/MAPP_2018/bhuang/JEDI-2020/JEDI-FV3/expRuns/global-workflow-CCPP2-Chem-NRT-clean/dr-data/downloadHpss//tmp1
+ mkdir -p /scratch2/BMC/gsd-fv3-dev/MAPP_2018/bhuang/JEDI-2020/JEDI-FV3/expRuns/global-workflow-CCPP2-Chem-NRT-clean/dr-data/downloadHpss//tmp1
+ MEM=6000M
+ WALLT=2:00:00
+ case $gfs_ver in
++ sbatch --parsable --partition=service --ntasks=1 --mem=6000M -t 2:00:00 -A wrf-chem -q batch -J get_gdas -o log.data.gdas -e log.data.gdas ./get_v16.data.hpssDownload.sh gdas
+ DATAH=31600501
+ DEPEND='-d afterok:31600501'
+ '[' gdas = gdas ']'
++ sbatch --parsable --partition=service --ntasks=1 --mem=6000M -t 2:00:00 -A wrf-chem -q batch -J get_grp1 -o log.data.grp1 -e log.data.grp1 ./get_v16.data.hpssDownload.sh grp1
+ DATA1=31600502
++ sbatch --parsable --partition=service --ntasks=1 --mem=6000M -t 2:00:00 -A wrf-chem -q batch -J get_grp2 -o log.data.grp2 -e log.data.grp2 ./get_v16.data.hpssDownload.sh grp2
+ DATA2=31600503
+ DEPEND='-d afterok:31600501:31600502:31600503'
+ '[' no == yes ']'
2022051412
2
+ compiler=intel
+ source ../../sorc/machine-setup.sh
+ module use ../../modulefiles
+ local __lmod_my_status
+ local __lmod_sh_dbg
+ '[' -z '' ']'
+ case "$-" in
+ __lmod_sh_dbg=x
+ '[' -n x ']'
+ set +x
Shell debugging temporarily silenced: export LMOD_SH_DBG_ON=1 for Lmod's output
Shell debugging restarted
+ return 0
+ module load build.hera.intel
+ local __lmod_my_status
+ local __lmod_sh_dbg
+ '[' -z '' ']'
+ case "$-" in
+ __lmod_sh_dbg=x
+ '[' -n x ']'
+ set +x
Shell debugging temporarily silenced: export LMOD_SH_DBG_ON=1 for Lmod's output
Shell debugging restarted
+ return 0
+ module list
+ local __lmod_my_status
+ local __lmod_sh_dbg
+ '[' -z '' ']'
+ case "$-" in
+ __lmod_sh_dbg=x
+ '[' -n x ']'
+ set +x
Shell debugging temporarily silenced: export LMOD_SH_DBG_ON=1 for Lmod's output

Currently Loaded Modules:
  1) cmake/3.16.1   4) intel/18.0.5.274       7) hpc-impi/2018.0.4  10) bacio/2.4.1   13) w3nco/2.4.1  16) wgrib2/2.0.8  19) hdf5/1.10.6    22) esmf/8_2_0
  2) hpss/hpss      5) hpc-intel/18.0.5.274   8) g2/3.4.1           11) nemsio/2.5.2  14) sfcio/1.4.1  17) zlib/1.2.11   20) netcdf/4.7.4   23) build.hera.intel
  3) hpc/1.1.0      6) impi/2018.0.4          9) ip/3.3.3           12) sp/2.3.3      15) sigio/2.3.2  18) png/1.6.35    21) nccmp/1.8.7.0

 

Shell debugging restarted
+ return 0
+ module use -a /scratch2/NCEPDEV/nwprod/NCEPLIBS/modulefiles
+ local __lmod_my_status
+ local __lmod_sh_dbg
+ '[' -z '' ']'
+ case "$-" in
+ __lmod_sh_dbg=x
+ '[' -n x ']'
+ set +x
Shell debugging temporarily silenced: export LMOD_SH_DBG_ON=1 for Lmod's output
Shell debugging restarted
+ return 0
+ module load prod_util/1.1.0
+ local __lmod_my_status
+ local __lmod_sh_dbg
+ '[' -z '' ']'
+ case "$-" in
+ __lmod_sh_dbg=x
+ '[' -n x ']'
+ set +x
Shell debugging temporarily silenced: export LMOD_SH_DBG_ON=1 for Lmod's output
Lmod has detected the following error: These module(s) or extension(s) exist but cannot be loaded as requested: "prod_util/1.1.0"
   Try: "module spider prod_util/1.1.0" to see how to load the module(s).



Shell debugging restarted
+ return 1
+ PROJECT_CODE=wrf-chem
+ QUEUE=batch
+ cdate=2022051412
+ export EXTRACT_DIR=/scratch2/BMC/gsd-fv3-dev/MAPP_2018/bhuang/JEDI-2020/JEDI-FV3/expRuns/global-workflow-CCPP2-Chem-NRT-clean/dr-data/downloadHpss//tmp2
+ EXTRACT_DIR=/scratch2/BMC/gsd-fv3-dev/MAPP_2018/bhuang/JEDI-2020/JEDI-FV3/expRuns/global-workflow-CCPP2-Chem-NRT-clean/dr-data/downloadHpss//tmp2
++ echo 2022051412
++ cut -c 1-4
+ export yy=2022
+ yy=2022
++ echo 2022051412
++ cut -c 5-6
+ export mm=05
+ mm=05
++ echo 2022051412
++ cut -c 7-8
+ export dd=14
+ dd=14
++ echo 2022051412
++ cut -c 9-10
+ export hh=12
+ hh=12
+ source config_hpssDownload
++ EXTRACT_DATA=yes
++ RUN_CHGRES=no
++ use_v16retro=no
++ LEVS=65
++ CDUMP=gdas
++ CRES_HIRES=C96
++ CRES_ENKF=C96
++ UFS_DIR=/scratch1/BMC/gsd-fv3-dev/MAPP_2018/bhuang/JEDI-2020/JEDI-FV3/expCodes/GSDChem_cycling/global-workflow-CCPP2-Chem/gsd-ccpp-chem/sorc/UFS_UTILS_20220203/UFS_UTILS/util/gdas_init/../..
++ '[' no = yes ']'
++ gfs_ver=v16
++ '[' 2022051412 -lt 2012052100 ']'
++ '[' 2022051412 -lt 2016051000 ']'
++ '[' 2022051412 -lt 2017072000 ']'
++ '[' 2022051412 -lt 2019061200 ']'
++ '[' 2022051412 -lt 2021032100 ']'
++ '[' 2022051412 -lt 2021032106 ']'
++ export UFS_DIR OUTDIR CRES_HIRES CRES_ENKF
++ export LEVS gfs_ver
+ '[' yes == yes ']'
+ rm -fr /scratch2/BMC/gsd-fv3-dev/MAPP_2018/bhuang/JEDI-2020/JEDI-FV3/expRuns/global-workflow-CCPP2-Chem-NRT-clean/dr-data/downloadHpss//tmp2
+ mkdir -p /scratch2/BMC/gsd-fv3-dev/MAPP_2018/bhuang/JEDI-2020/JEDI-FV3/expRuns/global-workflow-CCPP2-Chem-NRT-clean/dr-data/downloadHpss//tmp2
+ MEM=6000M
+ WALLT=2:00:00
+ case $gfs_ver in
++ sbatch --parsable --partition=service --ntasks=1 --mem=6000M -t 2:00:00 -A wrf-chem -q batch -J get_gdas -o log.data.gdas -e log.data.gdas ./get_v16.data.hpssDownload.sh gdas
+ DATAH=31600504
+ DEPEND='-d afterok:31600504'
+ '[' gdas = gdas ']'
++ sbatch --parsable --partition=service --ntasks=1 --mem=6000M -t 2:00:00 -A wrf-chem -q batch -J get_grp1 -o log.data.grp1 -e log.data.grp1 ./get_v16.data.hpssDownload.sh grp1
+ DATA1=31600505
++ sbatch --parsable --partition=service --ntasks=1 --mem=6000M -t 2:00:00 -A wrf-chem -q batch -J get_grp2 -o log.data.grp2 -e log.data.grp2 ./get_v16.data.hpssDownload.sh grp2
+ DATA2=31600506
+ DEPEND='-d afterok:31600504:31600505:31600506'
+ '[' no == yes ']'
