+ topdir=/home/Bo.Huang/JEDI-2020/GSDChem_cycling/global-workflow-CCPP2-Chem-NRT-clean/misc/GDASfromHPSS/v16
+ ufsdir=/scratch1/BMC/gsd-fv3-dev/MAPP_2018/bhuang/JEDI-2020/JEDI-FV3/expCodes/GSDChem_cycling/global-workflow-CCPP2-Chem/gsd-ccpp-chem/sorc/UFS_UTILS_20220203/UFS_UTILS/util/gdas_init
+ tmpdir=/scratch2/BMC/gsd-fv3-dev/MAPP_2018/bhuang/JEDI-2020/JEDI-FV3/expRuns/global-workflow-CCPP2-Chem-NRT-clean/dr-data/downloadHpss/
+ gdasanaxml=/home/Bo.Huang/JEDI-2020/GSDChem_cycling/global-workflow-CCPP2-Chem-NRT-clean/dr-work/NRT-prepGdasAnalSfc.xml
+ gdasanadb=/scratch2/BMC/gsd-fv3-dev/MAPP_2018/bhuang/JEDI-2020/JEDI-FV3/expRuns/global-workflow-CCPP2-Chem-NRT-clean/dr-work/NRT-prepGdasAnalSfc.db
+ compiler=intel
+ source /scratch1/BMC/gsd-fv3-dev/MAPP_2018/bhuang/JEDI-2020/JEDI-FV3/expCodes/GSDChem_cycling/global-workflow-CCPP2-Chem/gsd-ccpp-chem/sorc/UFS_UTILS_20220203/UFS_UTILS/util/gdas_init/../../sorc/machine-setup.sh
+ module use /scratch1/BMC/gsd-fv3-dev/MAPP_2018/bhuang/JEDI-2020/JEDI-FV3/expCodes/GSDChem_cycling/global-workflow-CCPP2-Chem/gsd-ccpp-chem/sorc/UFS_UTILS_20220203/UFS_UTILS/util/gdas_init/../../modulefiles
++ /apps/lmod/8.5.2/libexec/lmod bash use /scratch1/BMC/gsd-fv3-dev/MAPP_2018/bhuang/JEDI-2020/JEDI-FV3/expCodes/GSDChem_cycling/global-workflow-CCPP2-Chem/gsd-ccpp-chem/sorc/UFS_UTILS_20220203/UFS_UTILS/util/gdas_init/../../modulefiles
+ eval '__LMOD_REF_COUNT_MODULEPATH=/scratch1/BMC/gsd-fv3-dev/MAPP_2018/bhuang/JEDI-2020/JEDI-FV3/expCodes/GSDChem_cycling/global-workflow-CCPP2-Chem/gsd-ccpp-chem/sorc/UFS_UTILS_20220203/UFS_UTILS/util/gdas_init/../../modulefiles:1;' export '__LMOD_REF_COUNT_MODULEPATH;' 'MODULEPATH=/scratch1/BMC/gsd-fv3-dev/MAPP_2018/bhuang/JEDI-2020/JEDI-FV3/expCodes/GSDChem_cycling/global-workflow-CCPP2-Chem/gsd-ccpp-chem/sorc/UFS_UTILS_20220203/UFS_UTILS/util/gdas_init/../../modulefiles;' export 'MODULEPATH;' '_ModuleTable001_=X01vZHVsZVRhYmxlXz17WyJNVHZlcnNpb24iXT0zLFsiY19yZWJ1aWxkVGltZSJdPWZhbHNlLFsiY19zaG9ydFRpbWUiXT1mYWxzZSxkZXB0aFQ9e30sZmFtaWx5PXt9LG1UPXt9LG1wYXRoQT17Ii9zY3JhdGNoMS9CTUMvZ3NkLWZ2My1kZXYvTUFQUF8yMDE4L2JodWFuZy9KRURJLTIwMjAvSkVESS1GVjMvZXhwQ29kZXMvR1NEQ2hlbV9jeWNsaW5nL2dsb2JhbC13b3JrZmxvdy1DQ1BQMi1DaGVtL2dzZC1jY3BwLWNoZW0vc29yYy9VRlNfVVRJTFNfMjAyMjAyMDMvVUZTX1VUSUxTL3V0aWwvZ2Rhc19pbml0Ly4uLy4uL21vZHVsZWZpbGVzIix9LH0=;' export '_ModuleTable001_;' '_ModuleTable_Sz_=1;' export '_ModuleTable_Sz_;'
++ __LMOD_REF_COUNT_MODULEPATH=/scratch1/BMC/gsd-fv3-dev/MAPP_2018/bhuang/JEDI-2020/JEDI-FV3/expCodes/GSDChem_cycling/global-workflow-CCPP2-Chem/gsd-ccpp-chem/sorc/UFS_UTILS_20220203/UFS_UTILS/util/gdas_init/../../modulefiles:1
++ export __LMOD_REF_COUNT_MODULEPATH
++ MODULEPATH=/scratch1/BMC/gsd-fv3-dev/MAPP_2018/bhuang/JEDI-2020/JEDI-FV3/expCodes/GSDChem_cycling/global-workflow-CCPP2-Chem/gsd-ccpp-chem/sorc/UFS_UTILS_20220203/UFS_UTILS/util/gdas_init/../../modulefiles
++ export MODULEPATH
++ _ModuleTable001_=X01vZHVsZVRhYmxlXz17WyJNVHZlcnNpb24iXT0zLFsiY19yZWJ1aWxkVGltZSJdPWZhbHNlLFsiY19zaG9ydFRpbWUiXT1mYWxzZSxkZXB0aFQ9e30sZmFtaWx5PXt9LG1UPXt9LG1wYXRoQT17Ii9zY3JhdGNoMS9CTUMvZ3NkLWZ2My1kZXYvTUFQUF8yMDE4L2JodWFuZy9KRURJLTIwMjAvSkVESS1GVjMvZXhwQ29kZXMvR1NEQ2hlbV9jeWNsaW5nL2dsb2JhbC13b3JrZmxvdy1DQ1BQMi1DaGVtL2dzZC1jY3BwLWNoZW0vc29yYy9VRlNfVVRJTFNfMjAyMjAyMDMvVUZTX1VUSUxTL3V0aWwvZ2Rhc19pbml0Ly4uLy4uL21vZHVsZWZpbGVzIix9LH0=
++ export _ModuleTable001_
++ _ModuleTable_Sz_=1
++ export _ModuleTable_Sz_
++ : -s sh
+ eval
+ module load build.hera.intel
++ /apps/lmod/8.5.2/libexec/lmod bash load build.hera.intel
Lmod has detected the following error: Cannot load module
"hpc-intel/18.0.5.274" without these module(s) loaded:
   intel/18.0.5.274

While processing the following module(s):
    Module fullname       Module Filename
    ---------------       ---------------
    hpc-intel/18.0.5.274  /scratch2/NCEPDEV/nwprod/hpc-stack/libs/hpc-stack/modulefiles/core/hpc-intel/18.0.5.274.lua
    build.hera.intel      /scratch1/BMC/gsd-fv3-dev/MAPP_2018/bhuang/JEDI-2020/JEDI-FV3/expCodes/GSDChem_cycling/global-workflow-CCPP2-Chem/gsd-ccpp-chem/sorc/UFS_UTILS_20220203/UFS_UTILS/util/gdas_init/../../modulefiles/build.hera.intel.lua

+ eval false
++ false
+ module list
++ /apps/lmod/8.5.2/libexec/lmod bash list
No modules loaded
+ eval 'MODULEPATH=/scratch1/BMC/gsd-fv3-dev/MAPP_2018/bhuang/JEDI-2020/JEDI-FV3/expCodes/GSDChem_cycling/global-workflow-CCPP2-Chem/gsd-ccpp-chem/sorc/UFS_UTILS_20220203/UFS_UTILS/util/gdas_init/../../modulefiles;' export 'MODULEPATH;' '_ModuleTable001_=X01vZHVsZVRhYmxlXz17WyJNVHZlcnNpb24iXT0zLFsiY19yZWJ1aWxkVGltZSJdPWZhbHNlLFsiY19zaG9ydFRpbWUiXT1mYWxzZSxkZXB0aFQ9e30sZmFtaWx5PXt9LG1UPXt9LG1wYXRoQT17Ii9zY3JhdGNoMS9CTUMvZ3NkLWZ2My1kZXYvTUFQUF8yMDE4L2JodWFuZy9KRURJLTIwMjAvSkVESS1GVjMvZXhwQ29kZXMvR1NEQ2hlbV9jeWNsaW5nL2dsb2JhbC13b3JrZmxvdy1DQ1BQMi1DaGVtL2dzZC1jY3BwLWNoZW0vc29yYy9VRlNfVVRJTFNfMjAyMjAyMDMvVUZTX1VUSUxTL3V0aWwvZ2Rhc19pbml0Ly4uLy4uL21vZHVsZWZpbGVzIix9LH0=;' export '_ModuleTable001_;' '_ModuleTable_Sz_=1;' export '_ModuleTable_Sz_;'
++ MODULEPATH=/scratch1/BMC/gsd-fv3-dev/MAPP_2018/bhuang/JEDI-2020/JEDI-FV3/expCodes/GSDChem_cycling/global-workflow-CCPP2-Chem/gsd-ccpp-chem/sorc/UFS_UTILS_20220203/UFS_UTILS/util/gdas_init/../../modulefiles
++ export MODULEPATH
++ _ModuleTable001_=X01vZHVsZVRhYmxlXz17WyJNVHZlcnNpb24iXT0zLFsiY19yZWJ1aWxkVGltZSJdPWZhbHNlLFsiY19zaG9ydFRpbWUiXT1mYWxzZSxkZXB0aFQ9e30sZmFtaWx5PXt9LG1UPXt9LG1wYXRoQT17Ii9zY3JhdGNoMS9CTUMvZ3NkLWZ2My1kZXYvTUFQUF8yMDE4L2JodWFuZy9KRURJLTIwMjAvSkVESS1GVjMvZXhwQ29kZXMvR1NEQ2hlbV9jeWNsaW5nL2dsb2JhbC13b3JrZmxvdy1DQ1BQMi1DaGVtL2dzZC1jY3BwLWNoZW0vc29yYy9VRlNfVVRJTFNfMjAyMjAyMDMvVUZTX1VUSUxTL3V0aWwvZ2Rhc19pbml0Ly4uLy4uL21vZHVsZWZpbGVzIix9LH0=
++ export _ModuleTable001_
++ _ModuleTable_Sz_=1
++ export _ModuleTable_Sz_
++ : -s sh
+ eval
+ module use -a /scratch2/NCEPDEV/nwprod/NCEPLIBS/modulefiles
++ /apps/lmod/8.5.2/libexec/lmod bash use -a /scratch2/NCEPDEV/nwprod/NCEPLIBS/modulefiles
+ eval '__LMOD_REF_COUNT_MODULEPATH=/scratch1/BMC/gsd-fv3-dev/MAPP_2018/bhuang/JEDI-2020/JEDI-FV3/expCodes/GSDChem_cycling/global-workflow-CCPP2-Chem/gsd-ccpp-chem/sorc/UFS_UTILS_20220203/UFS_UTILS/util/gdas_init/../../modulefiles:1\;/scratch2/NCEPDEV/nwprod/NCEPLIBS/modulefiles:1;' export '__LMOD_REF_COUNT_MODULEPATH;' 'MODULEPATH=/scratch1/BMC/gsd-fv3-dev/MAPP_2018/bhuang/JEDI-2020/JEDI-FV3/expCodes/GSDChem_cycling/global-workflow-CCPP2-Chem/gsd-ccpp-chem/sorc/UFS_UTILS_20220203/UFS_UTILS/util/gdas_init/../../modulefiles:/scratch2/NCEPDEV/nwprod/NCEPLIBS/modulefiles;' export 'MODULEPATH;' '_ModuleTable001_=X01vZHVsZVRhYmxlXz17WyJNVHZlcnNpb24iXT0zLFsiY19yZWJ1aWxkVGltZSJdPWZhbHNlLFsiY19zaG9ydFRpbWUiXT1mYWxzZSxkZXB0aFQ9e30sZmFtaWx5PXt9LG1UPXt9LG1wYXRoQT17Ii9zY3JhdGNoMS9CTUMvZ3NkLWZ2My1kZXYvTUFQUF8yMDE4L2JodWFuZy9KRURJLTIwMjAvSkVESS1GVjMvZXhwQ29kZXMvR1NEQ2hlbV9jeWNsaW5nL2dsb2JhbC13b3JrZmxvdy1DQ1BQMi1DaGVtL2dzZC1jY3BwLWNoZW0vc29yYy9VRlNfVVRJTFNfMjAyMjAyMDMvVUZTX1VUSUxTL3V0aWwvZ2Rhc19pbml0Ly4uLy4uL21vZHVsZWZpbGVzIiwiL3NjcmF0Y2gyL05DRVBERVYvbndwcm9kL05DRVBMSUJTL21vZHVsZWZpbGVzIix9LH0=;' export '_ModuleTable001_;' '_ModuleTable_Sz_=1;' export '_ModuleTable_Sz_;'
++ __LMOD_REF_COUNT_MODULEPATH='/scratch1/BMC/gsd-fv3-dev/MAPP_2018/bhuang/JEDI-2020/JEDI-FV3/expCodes/GSDChem_cycling/global-workflow-CCPP2-Chem/gsd-ccpp-chem/sorc/UFS_UTILS_20220203/UFS_UTILS/util/gdas_init/../../modulefiles:1;/scratch2/NCEPDEV/nwprod/NCEPLIBS/modulefiles:1'
++ export __LMOD_REF_COUNT_MODULEPATH
++ MODULEPATH=/scratch1/BMC/gsd-fv3-dev/MAPP_2018/bhuang/JEDI-2020/JEDI-FV3/expCodes/GSDChem_cycling/global-workflow-CCPP2-Chem/gsd-ccpp-chem/sorc/UFS_UTILS_20220203/UFS_UTILS/util/gdas_init/../../modulefiles:/scratch2/NCEPDEV/nwprod/NCEPLIBS/modulefiles
++ export MODULEPATH
++ _ModuleTable001_=X01vZHVsZVRhYmxlXz17WyJNVHZlcnNpb24iXT0zLFsiY19yZWJ1aWxkVGltZSJdPWZhbHNlLFsiY19zaG9ydFRpbWUiXT1mYWxzZSxkZXB0aFQ9e30sZmFtaWx5PXt9LG1UPXt9LG1wYXRoQT17Ii9zY3JhdGNoMS9CTUMvZ3NkLWZ2My1kZXYvTUFQUF8yMDE4L2JodWFuZy9KRURJLTIwMjAvSkVESS1GVjMvZXhwQ29kZXMvR1NEQ2hlbV9jeWNsaW5nL2dsb2JhbC13b3JrZmxvdy1DQ1BQMi1DaGVtL2dzZC1jY3BwLWNoZW0vc29yYy9VRlNfVVRJTFNfMjAyMjAyMDMvVUZTX1VUSUxTL3V0aWwvZ2Rhc19pbml0Ly4uLy4uL21vZHVsZWZpbGVzIiwiL3NjcmF0Y2gyL05DRVBERVYvbndwcm9kL05DRVBMSUJTL21vZHVsZWZpbGVzIix9LH0=
++ export _ModuleTable001_
++ _ModuleTable_Sz_=1
++ export _ModuleTable_Sz_
++ : -s sh
+ eval
+ module load prod_util/1.1.0
++ /apps/lmod/8.5.2/libexec/lmod bash load prod_util/1.1.0
+ eval 'COMDATEROOT=N/A\' 'on\' 'Hera;' export 'COMDATEROOT;' 'COMLISTROOT=/scratch2/NCEPDEV/nwprod/NCEPLIBS/utils/prod_util.v1.1.0/save/config;' export 'COMLISTROOT;' 'FSYNC=/scratch2/NCEPDEV/nwprod/NCEPLIBS/utils/prod_util.v1.1.0/exec/fsync_file;' export 'FSYNC;' '__LMOD_REF_COUNT_LOADEDMODULES=prod_util/1.1.0:1;' export '__LMOD_REF_COUNT_LOADEDMODULES;' 'LOADEDMODULES=prod_util/1.1.0;' export 'LOADEDMODULES;' 'MDATE=/scratch2/NCEPDEV/nwprod/NCEPLIBS/utils/prod_util.v1.1.0/exec/mdate;' export 'MDATE;' 'MODULEPATH=/scratch1/BMC/gsd-fv3-dev/MAPP_2018/bhuang/JEDI-2020/JEDI-FV3/expCodes/GSDChem_cycling/global-workflow-CCPP2-Chem/gsd-ccpp-chem/sorc/UFS_UTILS_20220203/UFS_UTILS/util/gdas_init/../../modulefiles:/scratch2/NCEPDEV/nwprod/NCEPLIBS/modulefiles;' export 'MODULEPATH;' 'NDATE=/scratch2/NCEPDEV/nwprod/NCEPLIBS/utils/prod_util.v1.1.0/exec/ndate;' export 'NDATE;' 'NHOUR=/scratch2/NCEPDEV/nwprod/NCEPLIBS/utils/prod_util.v1.1.0/exec/nhour;' export 'NHOUR;' '__LMOD_REF_COUNT_PATH=/scratch2/NCEPDEV/nwprod/NCEPLIBS/utils/prod_util.v1.1.0/ush:1\;/usr/bin:1\;/bin:1;' export '__LMOD_REF_COUNT_PATH;' 'PATH=/scratch2/NCEPDEV/nwprod/NCEPLIBS/utils/prod_util.v1.1.0/ush:/usr/bin:/bin;' export 'PATH;' 'PROD_UTIL_VER=v1.1.0;' export 'PROD_UTIL_VER;' '__LMOD_REF_COUNT_PYTHONPATH=/scratch2/NCEPDEV/nwprod/NCEPLIBS/utils/prod_util.v1.1.0/ush:1;' export '__LMOD_REF_COUNT_PYTHONPATH;' 'PYTHONPATH=/scratch2/NCEPDEV/nwprod/NCEPLIBS/utils/prod_util.v1.1.0/ush;' export 'PYTHONPATH;' 'UTILROOT=/scratch2/NCEPDEV/nwprod/NCEPLIBS/utils/prod_util.v1.1.0;' export 'UTILROOT;' '__LMOD_REF_COUNT__LMFILES_=/scratch2/NCEPDEV/nwprod/NCEPLIBS/modulefiles/prod_util/1.1.0:1;' export '__LMOD_REF_COUNT__LMFILES_;' '_LMFILES_=/scratch2/NCEPDEV/nwprod/NCEPLIBS/modulefiles/prod_util/1.1.0;' export '_LMFILES_;' '_ModuleTable001_=X01vZHVsZVRhYmxlXz17WyJNVHZlcnNpb24iXT0zLFsiY19yZWJ1aWxkVGltZSJdPWZhbHNlLFsiY19zaG9ydFRpbWUiXT1mYWxzZSxkZXB0aFQ9e30sZmFtaWx5PXt9LG1UPXtwcm9kX3V0aWw9e1siZm4iXT0iL3NjcmF0Y2gyL05DRVBERVYvbndwcm9kL05DRVBMSUJTL21vZHVsZWZpbGVzL3Byb2RfdXRpbC8xLjEuMCIsWyJmdWxsTmFtZSJdPSJwcm9kX3V0aWwvMS4xLjAiLFsibG9hZE9yZGVyIl09MSxwcm9wVD17fSxbInN0YWNrRGVwdGgiXT0wLFsic3RhdHVzIl09ImFjdGl2ZSIsWyJ1c2VyTmFtZSJdPSJwcm9kX3V0aWwvMS4xLjAiLFsid1YiXT0iMDAwMDAwMDAxLjAwMDAwMDAwMS4qemZpbmFsIix9LH0sbXBhdGhBPXsiL3NjcmF0Y2gxL0JNQy9nc2QtZnYzLWRldi9N;' export '_ModuleTable001_;' '_ModuleTable002_=QVBQXzIwMTgvYmh1YW5nL0pFREktMjAyMC9KRURJLUZWMy9leHBDb2Rlcy9HU0RDaGVtX2N5Y2xpbmcvZ2xvYmFsLXdvcmtmbG93LUNDUFAyLUNoZW0vZ3NkLWNjcHAtY2hlbS9zb3JjL1VGU19VVElMU18yMDIyMDIwMy9VRlNfVVRJTFMvdXRpbC9nZGFzX2luaXQvLi4vLi4vbW9kdWxlZmlsZXMiLCIvc2NyYXRjaDIvTkNFUERFVi9ud3Byb2QvTkNFUExJQlMvbW9kdWxlZmlsZXMiLH0sfQ==;' export '_ModuleTable002_;' '_ModuleTable_Sz_=2;' export '_ModuleTable_Sz_;'
++ COMDATEROOT='N/A on Hera'
++ export COMDATEROOT
++ COMLISTROOT=/scratch2/NCEPDEV/nwprod/NCEPLIBS/utils/prod_util.v1.1.0/save/config
++ export COMLISTROOT
++ FSYNC=/scratch2/NCEPDEV/nwprod/NCEPLIBS/utils/prod_util.v1.1.0/exec/fsync_file
++ export FSYNC
++ __LMOD_REF_COUNT_LOADEDMODULES=prod_util/1.1.0:1
++ export __LMOD_REF_COUNT_LOADEDMODULES
++ LOADEDMODULES=prod_util/1.1.0
++ export LOADEDMODULES
++ MDATE=/scratch2/NCEPDEV/nwprod/NCEPLIBS/utils/prod_util.v1.1.0/exec/mdate
++ export MDATE
++ MODULEPATH=/scratch1/BMC/gsd-fv3-dev/MAPP_2018/bhuang/JEDI-2020/JEDI-FV3/expCodes/GSDChem_cycling/global-workflow-CCPP2-Chem/gsd-ccpp-chem/sorc/UFS_UTILS_20220203/UFS_UTILS/util/gdas_init/../../modulefiles:/scratch2/NCEPDEV/nwprod/NCEPLIBS/modulefiles
++ export MODULEPATH
++ NDATE=/scratch2/NCEPDEV/nwprod/NCEPLIBS/utils/prod_util.v1.1.0/exec/ndate
++ export NDATE
++ NHOUR=/scratch2/NCEPDEV/nwprod/NCEPLIBS/utils/prod_util.v1.1.0/exec/nhour
++ export NHOUR
++ __LMOD_REF_COUNT_PATH='/scratch2/NCEPDEV/nwprod/NCEPLIBS/utils/prod_util.v1.1.0/ush:1;/usr/bin:1;/bin:1'
++ export __LMOD_REF_COUNT_PATH
++ PATH=/scratch2/NCEPDEV/nwprod/NCEPLIBS/utils/prod_util.v1.1.0/ush:/usr/bin:/bin
++ export PATH
++ PROD_UTIL_VER=v1.1.0
++ export PROD_UTIL_VER
++ __LMOD_REF_COUNT_PYTHONPATH=/scratch2/NCEPDEV/nwprod/NCEPLIBS/utils/prod_util.v1.1.0/ush:1
++ export __LMOD_REF_COUNT_PYTHONPATH
++ PYTHONPATH=/scratch2/NCEPDEV/nwprod/NCEPLIBS/utils/prod_util.v1.1.0/ush
++ export PYTHONPATH
++ UTILROOT=/scratch2/NCEPDEV/nwprod/NCEPLIBS/utils/prod_util.v1.1.0
++ export UTILROOT
++ __LMOD_REF_COUNT__LMFILES_=/scratch2/NCEPDEV/nwprod/NCEPLIBS/modulefiles/prod_util/1.1.0:1
++ export __LMOD_REF_COUNT__LMFILES_
++ _LMFILES_=/scratch2/NCEPDEV/nwprod/NCEPLIBS/modulefiles/prod_util/1.1.0
++ export _LMFILES_
++ _ModuleTable001_=X01vZHVsZVRhYmxlXz17WyJNVHZlcnNpb24iXT0zLFsiY19yZWJ1aWxkVGltZSJdPWZhbHNlLFsiY19zaG9ydFRpbWUiXT1mYWxzZSxkZXB0aFQ9e30sZmFtaWx5PXt9LG1UPXtwcm9kX3V0aWw9e1siZm4iXT0iL3NjcmF0Y2gyL05DRVBERVYvbndwcm9kL05DRVBMSUJTL21vZHVsZWZpbGVzL3Byb2RfdXRpbC8xLjEuMCIsWyJmdWxsTmFtZSJdPSJwcm9kX3V0aWwvMS4xLjAiLFsibG9hZE9yZGVyIl09MSxwcm9wVD17fSxbInN0YWNrRGVwdGgiXT0wLFsic3RhdHVzIl09ImFjdGl2ZSIsWyJ1c2VyTmFtZSJdPSJwcm9kX3V0aWwvMS4xLjAiLFsid1YiXT0iMDAwMDAwMDAxLjAwMDAwMDAwMS4qemZpbmFsIix9LH0sbXBhdGhBPXsiL3NjcmF0Y2gxL0JNQy9nc2QtZnYzLWRldi9N
++ export _ModuleTable001_
++ _ModuleTable002_=QVBQXzIwMTgvYmh1YW5nL0pFREktMjAyMC9KRURJLUZWMy9leHBDb2Rlcy9HU0RDaGVtX2N5Y2xpbmcvZ2xvYmFsLXdvcmtmbG93LUNDUFAyLUNoZW0vZ3NkLWNjcHAtY2hlbS9zb3JjL1VGU19VVElMU18yMDIyMDIwMy9VRlNfVVRJTFMvdXRpbC9nZGFzX2luaXQvLi4vLi4vbW9kdWxlZmlsZXMiLCIvc2NyYXRjaDIvTkNFUERFVi9ud3Byb2QvTkNFUExJQlMvbW9kdWxlZmlsZXMiLH0sfQ==
++ export _ModuleTable002_
++ _ModuleTable_Sz_=2
++ export _ModuleTable_Sz_
++ : -s sh
+ eval
+ module load rocoto
++ /apps/lmod/8.5.2/libexec/lmod bash load rocoto
Lmod has detected the following error: The following module(s) are unknown:
"rocoto"

Please check the spelling or version number. Also try "module spider ..."
It is also possible your cache file is out-of-date; it may help to try:
  $ module --ignore_cache load "rocoto"

Also make sure that all modulefiles written in TCL start with the string
#%Module



+ eval false
++ false
+ module load hpss
++ /apps/lmod/8.5.2/libexec/lmod bash load hpss
Lmod has detected the following error: The following module(s) are unknown:
"hpss"

Please check the spelling or version number. Also try "module spider ..."
It is also possible your cache file is out-of-date; it may help to try:
  $ module --ignore_cache load "hpss"

Also make sure that all modulefiles written in TCL start with the string
#%Module



+ eval false
++ false
+ incdate=/scratch2/NCEPDEV/nwprod/NCEPLIBS/utils/prod_util.v1.1.0/exec/ndate
+ cd /home/Bo.Huang/JEDI-2020/GSDChem_cycling/global-workflow-CCPP2-Chem-NRT-clean/misc/GDASfromHPSS/v16
++ cat /home/Bo.Huang/JEDI-2020/GSDChem_cycling/global-workflow-CCPP2-Chem-NRT-clean/misc/GDASfromHPSS/v16/record_sdate.txt
+ sdate_old=2023052900
++ /scratch2/NCEPDEV/nwprod/NCEPLIBS/utils/prod_util.v1.1.0/exec/ndate 18 2023052900
+ edate_old=2023052918
+ rstat=/home/Bo.Huang/JEDI-2020/GSDChem_cycling/global-workflow-CCPP2-Chem-NRT-clean/misc/GDASfromHPSS/v16/record_rocotostat.txt
+ '[' -e /home/Bo.Huang/JEDI-2020/GSDChem_cycling/global-workflow-CCPP2-Chem-NRT-clean/misc/GDASfromHPSS/v16/record_rocotostat.txt ']'
+ rm -rf /home/Bo.Huang/JEDI-2020/GSDChem_cycling/global-workflow-CCPP2-Chem-NRT-clean/misc/GDASfromHPSS/v16/record_rocotostat.txt
+ cdate_old=2023052900
+ icount=0
+ '[' 2023052900 -le 2023052918 ']'
+ /apps/rocoto/1.3.3/bin/rocotostat -w /home/Bo.Huang/JEDI-2020/GSDChem_cycling/global-workflow-CCPP2-Chem-NRT-clean/dr-work/NRT-prepGdasAnalSfc.xml -d /scratch2/BMC/gsd-fv3-dev/MAPP_2018/bhuang/JEDI-2020/JEDI-FV3/expRuns/global-workflow-CCPP2-Chem-NRT-clean/dr-work/NRT-prepGdasAnalSfc.db -c 202305290000 -t gdasprepmet
+ /apps/rocoto/1.3.3/bin/rocotostat -w /home/Bo.Huang/JEDI-2020/GSDChem_cycling/global-workflow-CCPP2-Chem-NRT-clean/dr-work/NRT-prepGdasAnalSfc.xml -d /scratch2/BMC/gsd-fv3-dev/MAPP_2018/bhuang/JEDI-2020/JEDI-FV3/expRuns/global-workflow-CCPP2-Chem-NRT-clean/dr-work/NRT-prepGdasAnalSfc.db -c 202305290000 -m gdasensprepmet
+ icount=6
++ /scratch2/NCEPDEV/nwprod/NCEPLIBS/utils/prod_util.v1.1.0/exec/ndate 6 2023052900
+ cdate_old=2023052906
+ '[' 2023052906 -le 2023052918 ']'
+ /apps/rocoto/1.3.3/bin/rocotostat -w /home/Bo.Huang/JEDI-2020/GSDChem_cycling/global-workflow-CCPP2-Chem-NRT-clean/dr-work/NRT-prepGdasAnalSfc.xml -d /scratch2/BMC/gsd-fv3-dev/MAPP_2018/bhuang/JEDI-2020/JEDI-FV3/expRuns/global-workflow-CCPP2-Chem-NRT-clean/dr-work/NRT-prepGdasAnalSfc.db -c 202305290600 -t gdasprepmet
+ /apps/rocoto/1.3.3/bin/rocotostat -w /home/Bo.Huang/JEDI-2020/GSDChem_cycling/global-workflow-CCPP2-Chem-NRT-clean/dr-work/NRT-prepGdasAnalSfc.xml -d /scratch2/BMC/gsd-fv3-dev/MAPP_2018/bhuang/JEDI-2020/JEDI-FV3/expRuns/global-workflow-CCPP2-Chem-NRT-clean/dr-work/NRT-prepGdasAnalSfc.db -c 202305290600 -m gdasensprepmet
+ icount=12
++ /scratch2/NCEPDEV/nwprod/NCEPLIBS/utils/prod_util.v1.1.0/exec/ndate 6 2023052906
+ cdate_old=2023052912
+ '[' 2023052912 -le 2023052918 ']'
+ /apps/rocoto/1.3.3/bin/rocotostat -w /home/Bo.Huang/JEDI-2020/GSDChem_cycling/global-workflow-CCPP2-Chem-NRT-clean/dr-work/NRT-prepGdasAnalSfc.xml -d /scratch2/BMC/gsd-fv3-dev/MAPP_2018/bhuang/JEDI-2020/JEDI-FV3/expRuns/global-workflow-CCPP2-Chem-NRT-clean/dr-work/NRT-prepGdasAnalSfc.db -c 202305291200 -t gdasprepmet
+ /apps/rocoto/1.3.3/bin/rocotostat -w /home/Bo.Huang/JEDI-2020/GSDChem_cycling/global-workflow-CCPP2-Chem-NRT-clean/dr-work/NRT-prepGdasAnalSfc.xml -d /scratch2/BMC/gsd-fv3-dev/MAPP_2018/bhuang/JEDI-2020/JEDI-FV3/expRuns/global-workflow-CCPP2-Chem-NRT-clean/dr-work/NRT-prepGdasAnalSfc.db -c 202305291200 -m gdasensprepmet
+ icount=18
++ /scratch2/NCEPDEV/nwprod/NCEPLIBS/utils/prod_util.v1.1.0/exec/ndate 6 2023052912
+ cdate_old=2023052918
+ '[' 2023052918 -le 2023052918 ']'
+ /apps/rocoto/1.3.3/bin/rocotostat -w /home/Bo.Huang/JEDI-2020/GSDChem_cycling/global-workflow-CCPP2-Chem-NRT-clean/dr-work/NRT-prepGdasAnalSfc.xml -d /scratch2/BMC/gsd-fv3-dev/MAPP_2018/bhuang/JEDI-2020/JEDI-FV3/expRuns/global-workflow-CCPP2-Chem-NRT-clean/dr-work/NRT-prepGdasAnalSfc.db -c 202305291800 -t gdasprepmet
+ /apps/rocoto/1.3.3/bin/rocotostat -w /home/Bo.Huang/JEDI-2020/GSDChem_cycling/global-workflow-CCPP2-Chem-NRT-clean/dr-work/NRT-prepGdasAnalSfc.xml -d /scratch2/BMC/gsd-fv3-dev/MAPP_2018/bhuang/JEDI-2020/JEDI-FV3/expRuns/global-workflow-CCPP2-Chem-NRT-clean/dr-work/NRT-prepGdasAnalSfc.db -c 202305291800 -m gdasensprepmet
+ icount=24
++ /scratch2/NCEPDEV/nwprod/NCEPLIBS/utils/prod_util.v1.1.0/exec/ndate 6 2023052918
+ cdate_old=2023053000
+ '[' 2023053000 -le 2023052918 ']'
++ grep SUCCEEDED /home/Bo.Huang/JEDI-2020/GSDChem_cycling/global-workflow-CCPP2-Chem-NRT-clean/misc/GDASfromHPSS/v16/record_rocotostat.txt
++ wc -l
+ isuccess=24
+ '[' 24 '!=' 24 ']'
+ echo 'Contine to next cycle...'
Contine to next cycle...
+ rm -rf /scratch2/BMC/gsd-fv3-dev/MAPP_2018/bhuang/JEDI-2020/JEDI-FV3/expRuns/global-workflow-CCPP2-Chem-NRT-clean/dr-data/downloadHpss//enkfgdas.20230528 /scratch2/BMC/gsd-fv3-dev/MAPP_2018/bhuang/JEDI-2020/JEDI-FV3/expRuns/global-workflow-CCPP2-Chem-NRT-clean/dr-data/downloadHpss//enkfgdas.20230529
+ rm -rf /scratch2/BMC/gsd-fv3-dev/MAPP_2018/bhuang/JEDI-2020/JEDI-FV3/expRuns/global-workflow-CCPP2-Chem-NRT-clean/dr-data/downloadHpss//gdas.20230529 /scratch2/BMC/gsd-fv3-dev/MAPP_2018/bhuang/JEDI-2020/JEDI-FV3/expRuns/global-workflow-CCPP2-Chem-NRT-clean/dr-data/downloadHpss//gdas.20230530
+ rm -rf /scratch2/BMC/gsd-fv3-dev/MAPP_2018/bhuang/JEDI-2020/JEDI-FV3/expRuns/global-workflow-CCPP2-Chem-NRT-clean/dr-data/downloadHpss//tmp_2023052900 /scratch2/BMC/gsd-fv3-dev/MAPP_2018/bhuang/JEDI-2020/JEDI-FV3/expRuns/global-workflow-CCPP2-Chem-NRT-clean/dr-data/downloadHpss//tmp_2023052906 /scratch2/BMC/gsd-fv3-dev/MAPP_2018/bhuang/JEDI-2020/JEDI-FV3/expRuns/global-workflow-CCPP2-Chem-NRT-clean/dr-data/downloadHpss//tmp_2023052912 /scratch2/BMC/gsd-fv3-dev/MAPP_2018/bhuang/JEDI-2020/JEDI-FV3/expRuns/global-workflow-CCPP2-Chem-NRT-clean/dr-data/downloadHpss//tmp_2023052918 /scratch2/BMC/gsd-fv3-dev/MAPP_2018/bhuang/JEDI-2020/JEDI-FV3/expRuns/global-workflow-CCPP2-Chem-NRT-clean/dr-data/downloadHpss//tmp_2023053000
++ /scratch2/NCEPDEV/nwprod/NCEPLIBS/utils/prod_util.v1.1.0/exec/ndate 24 2023052900
+ sdate=2023053000
++ /scratch2/NCEPDEV/nwprod/NCEPLIBS/utils/prod_util.v1.1.0/exec/ndate 24 2023053000
+ edate=2023053100
+ echo 2023053000
+ echo 2023053100
+ PROJECT_CODE=wrf-chem
+ QUEUE=batch
+ EXTRACT_DATA=yes
+ LEVS=65
+ CDUMP=gdas
+ gfs_ver=v16
+ CRES_HIRES=C96
+ CRES_ENKF=C96
+ UFS_DIR=/scratch1/BMC/gsd-fv3-dev/MAPP_2018/bhuang/JEDI-2020/JEDI-FV3/expCodes/GSDChem_cycling/global-workflow-CCPP2-Chem/gsd-ccpp-chem/sorc/UFS_UTILS_20220203/UFS_UTILS/util/gdas_init/../..
+ export UFS_DIR CRES_HIRES CRES_ENKF
+ export LEVS gfs_ver
+ cdate=2023053000
+ DEPEND='-d afterok'
+ '[' 2023053000 -le 2023053100 ']'
+ export EXTRACT_DIR=/scratch2/BMC/gsd-fv3-dev/MAPP_2018/bhuang/JEDI-2020/JEDI-FV3/expRuns/global-workflow-CCPP2-Chem-NRT-clean/dr-data/downloadHpss//tmp_2023053000
+ EXTRACT_DIR=/scratch2/BMC/gsd-fv3-dev/MAPP_2018/bhuang/JEDI-2020/JEDI-FV3/expRuns/global-workflow-CCPP2-Chem-NRT-clean/dr-data/downloadHpss//tmp_2023053000
++ echo 2023053000
++ cut -c 1-4
+ export yy=2023
+ yy=2023
++ echo 2023053000
++ cut -c 5-6
+ export mm=05
+ mm=05
++ echo 2023053000
++ cut -c 7-8
+ export dd=30
+ dd=30
++ echo 2023053000
++ cut -c 9-10
+ export hh=00
+ hh=00
+ '[' yes == yes ']'
+ rm -fr /scratch2/BMC/gsd-fv3-dev/MAPP_2018/bhuang/JEDI-2020/JEDI-FV3/expRuns/global-workflow-CCPP2-Chem-NRT-clean/dr-data/downloadHpss//tmp_2023053000
+ mkdir -p /scratch2/BMC/gsd-fv3-dev/MAPP_2018/bhuang/JEDI-2020/JEDI-FV3/expRuns/global-workflow-CCPP2-Chem-NRT-clean/dr-data/downloadHpss//tmp_2023053000
+ MEM=6000M
+ WALLT=2:00:00
++ /apps/slurm/default/bin/sbatch --parsable --partition=service --ntasks=1 --mem=6000M -t 2:00:00 -A wrf-chem -q batch -J get_gdas -o /home/Bo.Huang/JEDI-2020/GSDChem_cycling/global-workflow-CCPP2-Chem-NRT-clean/misc/GDASfromHPSS/v16/log.data.gdas -e /home/Bo.Huang/JEDI-2020/GSDChem_cycling/global-workflow-CCPP2-Chem-NRT-clean/misc/GDASfromHPSS/v16/log.data.gdas /home/Bo.Huang/JEDI-2020/GSDChem_cycling/global-workflow-CCPP2-Chem-NRT-clean/misc/GDASfromHPSS/v16/get_v16.data.hpssDownload.sh gdas
+ DATAH=46322648
+ DEPEND='-d afterok:46322648'
+ '[' gdas = gdas ']'
++ /apps/slurm/default/bin/sbatch --parsable --partition=service --ntasks=1 --mem=6000M -t 2:00:00 -A wrf-chem -q batch -J get_grp1 -o /home/Bo.Huang/JEDI-2020/GSDChem_cycling/global-workflow-CCPP2-Chem-NRT-clean/misc/GDASfromHPSS/v16/log.data.grp1 -e /home/Bo.Huang/JEDI-2020/GSDChem_cycling/global-workflow-CCPP2-Chem-NRT-clean/misc/GDASfromHPSS/v16/log.data.grp1 /home/Bo.Huang/JEDI-2020/GSDChem_cycling/global-workflow-CCPP2-Chem-NRT-clean/misc/GDASfromHPSS/v16/get_v16.data.hpssDownload.sh grp1
+ DATA1=46322649
++ /apps/slurm/default/bin/sbatch --parsable --partition=service --ntasks=1 --mem=6000M -t 2:00:00 -A wrf-chem -q batch -J get_grp2 -o /home/Bo.Huang/JEDI-2020/GSDChem_cycling/global-workflow-CCPP2-Chem-NRT-clean/misc/GDASfromHPSS/v16/log.data.grp2 -e /home/Bo.Huang/JEDI-2020/GSDChem_cycling/global-workflow-CCPP2-Chem-NRT-clean/misc/GDASfromHPSS/v16/log.data.grp2 /home/Bo.Huang/JEDI-2020/GSDChem_cycling/global-workflow-CCPP2-Chem-NRT-clean/misc/GDASfromHPSS/v16/get_v16.data.hpssDownload.sh grp2
+ DATA2=46322650
+ DEPEND='-d afterok:46322648:46322649:46322650'
++ /scratch2/NCEPDEV/nwprod/NCEPLIBS/utils/prod_util.v1.1.0/exec/ndate 6 2023053000
+ cdate=2023053006
+ '[' 2023053006 -le 2023053100 ']'
+ export EXTRACT_DIR=/scratch2/BMC/gsd-fv3-dev/MAPP_2018/bhuang/JEDI-2020/JEDI-FV3/expRuns/global-workflow-CCPP2-Chem-NRT-clean/dr-data/downloadHpss//tmp_2023053006
+ EXTRACT_DIR=/scratch2/BMC/gsd-fv3-dev/MAPP_2018/bhuang/JEDI-2020/JEDI-FV3/expRuns/global-workflow-CCPP2-Chem-NRT-clean/dr-data/downloadHpss//tmp_2023053006
++ cut -c 1-4
++ echo 2023053006
+ export yy=2023
+ yy=2023
++ cut -c 5-6
++ echo 2023053006
+ export mm=05
+ mm=05
++ echo 2023053006
++ cut -c 7-8
+ export dd=30
+ dd=30
++ cut -c 9-10
++ echo 2023053006
+ export hh=06
+ hh=06
+ '[' yes == yes ']'
+ rm -fr /scratch2/BMC/gsd-fv3-dev/MAPP_2018/bhuang/JEDI-2020/JEDI-FV3/expRuns/global-workflow-CCPP2-Chem-NRT-clean/dr-data/downloadHpss//tmp_2023053006
+ mkdir -p /scratch2/BMC/gsd-fv3-dev/MAPP_2018/bhuang/JEDI-2020/JEDI-FV3/expRuns/global-workflow-CCPP2-Chem-NRT-clean/dr-data/downloadHpss//tmp_2023053006
+ MEM=6000M
+ WALLT=2:00:00
++ /apps/slurm/default/bin/sbatch --parsable --partition=service --ntasks=1 --mem=6000M -t 2:00:00 -A wrf-chem -q batch -J get_gdas -o /home/Bo.Huang/JEDI-2020/GSDChem_cycling/global-workflow-CCPP2-Chem-NRT-clean/misc/GDASfromHPSS/v16/log.data.gdas -e /home/Bo.Huang/JEDI-2020/GSDChem_cycling/global-workflow-CCPP2-Chem-NRT-clean/misc/GDASfromHPSS/v16/log.data.gdas /home/Bo.Huang/JEDI-2020/GSDChem_cycling/global-workflow-CCPP2-Chem-NRT-clean/misc/GDASfromHPSS/v16/get_v16.data.hpssDownload.sh gdas
+ DATAH=46322651
+ DEPEND='-d afterok:46322648:46322649:46322650:46322651'
+ '[' gdas = gdas ']'
++ /apps/slurm/default/bin/sbatch --parsable --partition=service --ntasks=1 --mem=6000M -t 2:00:00 -A wrf-chem -q batch -J get_grp1 -o /home/Bo.Huang/JEDI-2020/GSDChem_cycling/global-workflow-CCPP2-Chem-NRT-clean/misc/GDASfromHPSS/v16/log.data.grp1 -e /home/Bo.Huang/JEDI-2020/GSDChem_cycling/global-workflow-CCPP2-Chem-NRT-clean/misc/GDASfromHPSS/v16/log.data.grp1 /home/Bo.Huang/JEDI-2020/GSDChem_cycling/global-workflow-CCPP2-Chem-NRT-clean/misc/GDASfromHPSS/v16/get_v16.data.hpssDownload.sh grp1
+ DATA1=46322652
++ /apps/slurm/default/bin/sbatch --parsable --partition=service --ntasks=1 --mem=6000M -t 2:00:00 -A wrf-chem -q batch -J get_grp2 -o /home/Bo.Huang/JEDI-2020/GSDChem_cycling/global-workflow-CCPP2-Chem-NRT-clean/misc/GDASfromHPSS/v16/log.data.grp2 -e /home/Bo.Huang/JEDI-2020/GSDChem_cycling/global-workflow-CCPP2-Chem-NRT-clean/misc/GDASfromHPSS/v16/log.data.grp2 /home/Bo.Huang/JEDI-2020/GSDChem_cycling/global-workflow-CCPP2-Chem-NRT-clean/misc/GDASfromHPSS/v16/get_v16.data.hpssDownload.sh grp2
+ DATA2=46322653
+ DEPEND='-d afterok:46322648:46322649:46322650:46322651:46322652:46322653'
++ /scratch2/NCEPDEV/nwprod/NCEPLIBS/utils/prod_util.v1.1.0/exec/ndate 6 2023053006
+ cdate=2023053012
+ '[' 2023053012 -le 2023053100 ']'
+ export EXTRACT_DIR=/scratch2/BMC/gsd-fv3-dev/MAPP_2018/bhuang/JEDI-2020/JEDI-FV3/expRuns/global-workflow-CCPP2-Chem-NRT-clean/dr-data/downloadHpss//tmp_2023053012
+ EXTRACT_DIR=/scratch2/BMC/gsd-fv3-dev/MAPP_2018/bhuang/JEDI-2020/JEDI-FV3/expRuns/global-workflow-CCPP2-Chem-NRT-clean/dr-data/downloadHpss//tmp_2023053012
++ echo 2023053012
++ cut -c 1-4
+ export yy=2023
+ yy=2023
++ echo 2023053012
++ cut -c 5-6
+ export mm=05
+ mm=05
++ echo 2023053012
++ cut -c 7-8
+ export dd=30
+ dd=30
++ echo 2023053012
++ cut -c 9-10
+ export hh=12
+ hh=12
+ '[' yes == yes ']'
+ rm -fr /scratch2/BMC/gsd-fv3-dev/MAPP_2018/bhuang/JEDI-2020/JEDI-FV3/expRuns/global-workflow-CCPP2-Chem-NRT-clean/dr-data/downloadHpss//tmp_2023053012
+ mkdir -p /scratch2/BMC/gsd-fv3-dev/MAPP_2018/bhuang/JEDI-2020/JEDI-FV3/expRuns/global-workflow-CCPP2-Chem-NRT-clean/dr-data/downloadHpss//tmp_2023053012
+ MEM=6000M
+ WALLT=2:00:00
++ /apps/slurm/default/bin/sbatch --parsable --partition=service --ntasks=1 --mem=6000M -t 2:00:00 -A wrf-chem -q batch -J get_gdas -o /home/Bo.Huang/JEDI-2020/GSDChem_cycling/global-workflow-CCPP2-Chem-NRT-clean/misc/GDASfromHPSS/v16/log.data.gdas -e /home/Bo.Huang/JEDI-2020/GSDChem_cycling/global-workflow-CCPP2-Chem-NRT-clean/misc/GDASfromHPSS/v16/log.data.gdas /home/Bo.Huang/JEDI-2020/GSDChem_cycling/global-workflow-CCPP2-Chem-NRT-clean/misc/GDASfromHPSS/v16/get_v16.data.hpssDownload.sh gdas
+ DATAH=46322654
+ DEPEND='-d afterok:46322648:46322649:46322650:46322651:46322652:46322653:46322654'
+ '[' gdas = gdas ']'
++ /apps/slurm/default/bin/sbatch --parsable --partition=service --ntasks=1 --mem=6000M -t 2:00:00 -A wrf-chem -q batch -J get_grp1 -o /home/Bo.Huang/JEDI-2020/GSDChem_cycling/global-workflow-CCPP2-Chem-NRT-clean/misc/GDASfromHPSS/v16/log.data.grp1 -e /home/Bo.Huang/JEDI-2020/GSDChem_cycling/global-workflow-CCPP2-Chem-NRT-clean/misc/GDASfromHPSS/v16/log.data.grp1 /home/Bo.Huang/JEDI-2020/GSDChem_cycling/global-workflow-CCPP2-Chem-NRT-clean/misc/GDASfromHPSS/v16/get_v16.data.hpssDownload.sh grp1
+ DATA1=46322655
++ /apps/slurm/default/bin/sbatch --parsable --partition=service --ntasks=1 --mem=6000M -t 2:00:00 -A wrf-chem -q batch -J get_grp2 -o /home/Bo.Huang/JEDI-2020/GSDChem_cycling/global-workflow-CCPP2-Chem-NRT-clean/misc/GDASfromHPSS/v16/log.data.grp2 -e /home/Bo.Huang/JEDI-2020/GSDChem_cycling/global-workflow-CCPP2-Chem-NRT-clean/misc/GDASfromHPSS/v16/log.data.grp2 /home/Bo.Huang/JEDI-2020/GSDChem_cycling/global-workflow-CCPP2-Chem-NRT-clean/misc/GDASfromHPSS/v16/get_v16.data.hpssDownload.sh grp2
+ DATA2=46322656
+ DEPEND='-d afterok:46322648:46322649:46322650:46322651:46322652:46322653:46322654:46322655:46322656'
++ /scratch2/NCEPDEV/nwprod/NCEPLIBS/utils/prod_util.v1.1.0/exec/ndate 6 2023053012
+ cdate=2023053018
+ '[' 2023053018 -le 2023053100 ']'
+ export EXTRACT_DIR=/scratch2/BMC/gsd-fv3-dev/MAPP_2018/bhuang/JEDI-2020/JEDI-FV3/expRuns/global-workflow-CCPP2-Chem-NRT-clean/dr-data/downloadHpss//tmp_2023053018
+ EXTRACT_DIR=/scratch2/BMC/gsd-fv3-dev/MAPP_2018/bhuang/JEDI-2020/JEDI-FV3/expRuns/global-workflow-CCPP2-Chem-NRT-clean/dr-data/downloadHpss//tmp_2023053018
++ echo 2023053018
++ cut -c 1-4
+ export yy=2023
+ yy=2023
++ echo 2023053018
++ cut -c 5-6
+ export mm=05
+ mm=05
++ echo 2023053018
++ cut -c 7-8
+ export dd=30
+ dd=30
++ echo 2023053018
++ cut -c 9-10
+ export hh=18
+ hh=18
+ '[' yes == yes ']'
+ rm -fr /scratch2/BMC/gsd-fv3-dev/MAPP_2018/bhuang/JEDI-2020/JEDI-FV3/expRuns/global-workflow-CCPP2-Chem-NRT-clean/dr-data/downloadHpss//tmp_2023053018
+ mkdir -p /scratch2/BMC/gsd-fv3-dev/MAPP_2018/bhuang/JEDI-2020/JEDI-FV3/expRuns/global-workflow-CCPP2-Chem-NRT-clean/dr-data/downloadHpss//tmp_2023053018
+ MEM=6000M
+ WALLT=2:00:00
++ /apps/slurm/default/bin/sbatch --parsable --partition=service --ntasks=1 --mem=6000M -t 2:00:00 -A wrf-chem -q batch -J get_gdas -o /home/Bo.Huang/JEDI-2020/GSDChem_cycling/global-workflow-CCPP2-Chem-NRT-clean/misc/GDASfromHPSS/v16/log.data.gdas -e /home/Bo.Huang/JEDI-2020/GSDChem_cycling/global-workflow-CCPP2-Chem-NRT-clean/misc/GDASfromHPSS/v16/log.data.gdas /home/Bo.Huang/JEDI-2020/GSDChem_cycling/global-workflow-CCPP2-Chem-NRT-clean/misc/GDASfromHPSS/v16/get_v16.data.hpssDownload.sh gdas
+ DATAH=46322657
+ DEPEND='-d afterok:46322648:46322649:46322650:46322651:46322652:46322653:46322654:46322655:46322656:46322657'
+ '[' gdas = gdas ']'
++ /apps/slurm/default/bin/sbatch --parsable --partition=service --ntasks=1 --mem=6000M -t 2:00:00 -A wrf-chem -q batch -J get_grp1 -o /home/Bo.Huang/JEDI-2020/GSDChem_cycling/global-workflow-CCPP2-Chem-NRT-clean/misc/GDASfromHPSS/v16/log.data.grp1 -e /home/Bo.Huang/JEDI-2020/GSDChem_cycling/global-workflow-CCPP2-Chem-NRT-clean/misc/GDASfromHPSS/v16/log.data.grp1 /home/Bo.Huang/JEDI-2020/GSDChem_cycling/global-workflow-CCPP2-Chem-NRT-clean/misc/GDASfromHPSS/v16/get_v16.data.hpssDownload.sh grp1
+ DATA1=46322658
++ /apps/slurm/default/bin/sbatch --parsable --partition=service --ntasks=1 --mem=6000M -t 2:00:00 -A wrf-chem -q batch -J get_grp2 -o /home/Bo.Huang/JEDI-2020/GSDChem_cycling/global-workflow-CCPP2-Chem-NRT-clean/misc/GDASfromHPSS/v16/log.data.grp2 -e /home/Bo.Huang/JEDI-2020/GSDChem_cycling/global-workflow-CCPP2-Chem-NRT-clean/misc/GDASfromHPSS/v16/log.data.grp2 /home/Bo.Huang/JEDI-2020/GSDChem_cycling/global-workflow-CCPP2-Chem-NRT-clean/misc/GDASfromHPSS/v16/get_v16.data.hpssDownload.sh grp2
+ DATA2=46322659
+ DEPEND='-d afterok:46322648:46322649:46322650:46322651:46322652:46322653:46322654:46322655:46322656:46322657:46322658:46322659'
++ /scratch2/NCEPDEV/nwprod/NCEPLIBS/utils/prod_util.v1.1.0/exec/ndate 6 2023053018
+ cdate=2023053100
+ '[' 2023053100 -le 2023053100 ']'
+ export EXTRACT_DIR=/scratch2/BMC/gsd-fv3-dev/MAPP_2018/bhuang/JEDI-2020/JEDI-FV3/expRuns/global-workflow-CCPP2-Chem-NRT-clean/dr-data/downloadHpss//tmp_2023053100
+ EXTRACT_DIR=/scratch2/BMC/gsd-fv3-dev/MAPP_2018/bhuang/JEDI-2020/JEDI-FV3/expRuns/global-workflow-CCPP2-Chem-NRT-clean/dr-data/downloadHpss//tmp_2023053100
++ echo 2023053100
++ cut -c 1-4
+ export yy=2023
+ yy=2023
++ echo 2023053100
++ cut -c 5-6
+ export mm=05
+ mm=05
++ echo 2023053100
++ cut -c 7-8
+ export dd=31
+ dd=31
++ echo 2023053100
++ cut -c 9-10
+ export hh=00
+ hh=00
+ '[' yes == yes ']'
+ rm -fr /scratch2/BMC/gsd-fv3-dev/MAPP_2018/bhuang/JEDI-2020/JEDI-FV3/expRuns/global-workflow-CCPP2-Chem-NRT-clean/dr-data/downloadHpss//tmp_2023053100
+ mkdir -p /scratch2/BMC/gsd-fv3-dev/MAPP_2018/bhuang/JEDI-2020/JEDI-FV3/expRuns/global-workflow-CCPP2-Chem-NRT-clean/dr-data/downloadHpss//tmp_2023053100
+ MEM=6000M
+ WALLT=2:00:00
++ /apps/slurm/default/bin/sbatch --parsable --partition=service --ntasks=1 --mem=6000M -t 2:00:00 -A wrf-chem -q batch -J get_gdas -o /home/Bo.Huang/JEDI-2020/GSDChem_cycling/global-workflow-CCPP2-Chem-NRT-clean/misc/GDASfromHPSS/v16/log.data.gdas -e /home/Bo.Huang/JEDI-2020/GSDChem_cycling/global-workflow-CCPP2-Chem-NRT-clean/misc/GDASfromHPSS/v16/log.data.gdas /home/Bo.Huang/JEDI-2020/GSDChem_cycling/global-workflow-CCPP2-Chem-NRT-clean/misc/GDASfromHPSS/v16/get_v16.data.hpssDownload.sh gdas
+ DATAH=46322660
+ DEPEND='-d afterok:46322648:46322649:46322650:46322651:46322652:46322653:46322654:46322655:46322656:46322657:46322658:46322659:46322660'
+ '[' gdas = gdas ']'
++ /apps/slurm/default/bin/sbatch --parsable --partition=service --ntasks=1 --mem=6000M -t 2:00:00 -A wrf-chem -q batch -J get_grp1 -o /home/Bo.Huang/JEDI-2020/GSDChem_cycling/global-workflow-CCPP2-Chem-NRT-clean/misc/GDASfromHPSS/v16/log.data.grp1 -e /home/Bo.Huang/JEDI-2020/GSDChem_cycling/global-workflow-CCPP2-Chem-NRT-clean/misc/GDASfromHPSS/v16/log.data.grp1 /home/Bo.Huang/JEDI-2020/GSDChem_cycling/global-workflow-CCPP2-Chem-NRT-clean/misc/GDASfromHPSS/v16/get_v16.data.hpssDownload.sh grp1
+ DATA1=46322661
++ /apps/slurm/default/bin/sbatch --parsable --partition=service --ntasks=1 --mem=6000M -t 2:00:00 -A wrf-chem -q batch -J get_grp2 -o /home/Bo.Huang/JEDI-2020/GSDChem_cycling/global-workflow-CCPP2-Chem-NRT-clean/misc/GDASfromHPSS/v16/log.data.grp2 -e /home/Bo.Huang/JEDI-2020/GSDChem_cycling/global-workflow-CCPP2-Chem-NRT-clean/misc/GDASfromHPSS/v16/log.data.grp2 /home/Bo.Huang/JEDI-2020/GSDChem_cycling/global-workflow-CCPP2-Chem-NRT-clean/misc/GDASfromHPSS/v16/get_v16.data.hpssDownload.sh grp2
+ DATA2=46322662
+ DEPEND='-d afterok:46322648:46322649:46322650:46322651:46322652:46322653:46322654:46322655:46322656:46322657:46322658:46322659:46322660:46322661:46322662'
++ /scratch2/NCEPDEV/nwprod/NCEPLIBS/utils/prod_util.v1.1.0/exec/ndate 6 2023053100
+ cdate=2023053106
+ '[' 2023053106 -le 2023053100 ']'
+ echo 'DEPEND=-d afterok:46322648:46322649:46322650:46322651:46322652:46322653:46322654:46322655:46322656:46322657:46322658:46322659:46322660:46322661:46322662'
DEPEND=-d afterok:46322648:46322649:46322650:46322651:46322652:46322653:46322654:46322655:46322656:46322657:46322658:46322659:46322660:46322661:46322662
+ WALLT=0:30:00
+ /apps/slurm/default/bin/sbatch --parsable --partition=service --ntasks=1 -t 0:30:00 -A wrf-chem -q batch -J move_gdas_2023053000_2023053100 -o /scratch2/BMC/gsd-fv3-dev/MAPP_2018/bhuang/JEDI-2020/JEDI-FV3/expRuns/global-workflow-CCPP2-Chem-NRT-clean/dr-data/downloadHpss//log.move_gdas_2023053000_2023053100 -e /scratch2/BMC/gsd-fv3-dev/MAPP_2018/bhuang/JEDI-2020/JEDI-FV3/expRuns/global-workflow-CCPP2-Chem-NRT-clean/dr-data/downloadHpss//log.move_gdas_2023053000_2023053100 -d afterok:46322648:46322649:46322650:46322651:46322652:46322653:46322654:46322655:46322656:46322657:46322658:46322659:46322660:46322661:46322662 /home/Bo.Huang/JEDI-2020/GSDChem_cycling/global-workflow-CCPP2-Chem-NRT-clean/misc/GDASfromHPSS/v16/mv_files_rocotoboot_jobs.sh
46322663
+ err=0
+ '[' 0 '!=' 0 ']'
+ exit 0
