2021-06-29 01:10:12 +0000 :: hfe03 :: Submitting gdasprepmet
2021-06-29 01:10:12 +0000 :: hfe03 :: Submission of gdasprepmet succeeded, jobid=20223023
2021-06-29 01:15:16 +0000 :: hfe03 :: Task gdasprepmet, jobid=20223023, in state SUCCEEDED (COMPLETED), ran for 194.0 seconds, exit status=0, try=1 (of 2)
2021-06-29 02:30:11 +0000 :: hfe03 :: Submitting gdasensprepmet01
2021-06-29 02:30:11 +0000 :: hfe03 :: Submitting gdasensprepmet02
2021-06-29 02:30:11 +0000 :: hfe03 :: Submitting gdasensprepmet03
2021-06-29 02:30:11 +0000 :: hfe03 :: Submitting gdasensprepmet04
2021-06-29 02:30:11 +0000 :: hfe03 :: Submitting gdasensprepmet05
2021-06-29 02:30:11 +0000 :: hfe03 :: Submission of gdasensprepmet01 succeeded, jobid=20224768
2021-06-29 02:30:12 +0000 :: hfe03 :: Submission of gdasensprepmet02 succeeded, jobid=20224769
2021-06-29 02:30:12 +0000 :: hfe03 :: Submission of gdasensprepmet03 succeeded, jobid=20224770
2021-06-29 02:30:12 +0000 :: hfe03 :: Submission of gdasensprepmet04 succeeded, jobid=20224771
2021-06-29 02:30:12 +0000 :: hfe03 :: Submission of gdasensprepmet05 succeeded, jobid=20224772
2021-06-29 02:35:16 +0000 :: hfe03 :: Task gdasensprepmet01, jobid=20224768, in state RUNNING (RUNNING)
2021-06-29 02:35:16 +0000 :: hfe03 :: Task gdasensprepmet02, jobid=20224769, in state RUNNING (RUNNING)
2021-06-29 02:35:16 +0000 :: hfe03 :: Task gdasensprepmet03, jobid=20224770, in state RUNNING (RUNNING)
2021-06-29 02:35:16 +0000 :: hfe03 :: Task gdasensprepmet04, jobid=20224771, in state RUNNING (RUNNING)
2021-06-29 02:35:16 +0000 :: hfe03 :: Task gdasensprepmet05, jobid=20224772, in state RUNNING (RUNNING)
2021-06-29 02:40:10 +0000 :: hfe03 :: Task gdasensprepmet01, jobid=20224768, in state RUNNING (RUNNING)
2021-06-29 02:40:10 +0000 :: hfe03 :: Task gdasensprepmet02, jobid=20224769, in state RUNNING (RUNNING)
2021-06-29 02:40:10 +0000 :: hfe03 :: Task gdasensprepmet03, jobid=20224770, in state RUNNING (RUNNING)
2021-06-29 02:40:10 +0000 :: hfe03 :: Task gdasensprepmet04, jobid=20224771, in state RUNNING (RUNNING)
2021-06-29 02:40:10 +0000 :: hfe03 :: Task gdasensprepmet05, jobid=20224772, in state RUNNING (RUNNING)
2021-06-29 02:45:41 +0000 :: hfe03 :: Task gdasensprepmet01, jobid=20224768, in state SUCCEEDED (COMPLETED), ran for 459.0 seconds, exit status=0, try=1 (of 2)
2021-06-29 02:45:41 +0000 :: hfe03 :: Task gdasensprepmet02, jobid=20224769, in state SUCCEEDED (COMPLETED), ran for 435.0 seconds, exit status=0, try=1 (of 2)
2021-06-29 02:45:41 +0000 :: hfe03 :: Task gdasensprepmet03, jobid=20224770, in state SUCCEEDED (COMPLETED), ran for 439.0 seconds, exit status=0, try=1 (of 2)
2021-06-29 02:45:41 +0000 :: hfe03 :: Task gdasensprepmet04, jobid=20224771, in state SUCCEEDED (COMPLETED), ran for 429.0 seconds, exit status=0, try=1 (of 2)
2021-06-29 02:45:41 +0000 :: hfe03 :: Task gdasensprepmet05, jobid=20224772, in state SUCCEEDED (COMPLETED), ran for 429.0 seconds, exit status=0, try=1 (of 2)
2021-06-29 02:45:41 +0000 :: hfe03 :: This cycle is complete: Success
