2021-06-29 20:20:39 +0000 :: hfe03 :: Submitting gdasprepmet
2021-06-29 20:20:39 +0000 :: hfe03 :: Submission status of gdasprepmet is pending at druby://hfe03:36124
2021-06-29 20:25:09 +0000 :: hfe03 :: Submission status of previously pending gdasprepmet is success, jobid=20249163
2021-06-29 20:25:09 +0000 :: hfe03 :: Task gdasprepmet, jobid=20249163, in state SUCCEEDED (COMPLETED), ran for 175.0 seconds, exit status=0, try=1 (of 2)
2021-06-30 05:25:13 +0000 :: hfe03 :: Submitting gdasensprepmet01
2021-06-30 05:25:13 +0000 :: hfe03 :: Submitting gdasensprepmet02
2021-06-30 05:25:13 +0000 :: hfe03 :: Submitting gdasensprepmet03
2021-06-30 05:25:13 +0000 :: hfe03 :: Submitting gdasensprepmet04
2021-06-30 05:25:13 +0000 :: hfe03 :: Submitting gdasensprepmet05
2021-06-30 05:25:13 +0000 :: hfe03 :: Submission of gdasensprepmet01 succeeded, jobid=20262382
2021-06-30 05:25:13 +0000 :: hfe03 :: Submission of gdasensprepmet02 succeeded, jobid=20262383
2021-06-30 05:25:13 +0000 :: hfe03 :: Submission of gdasensprepmet03 succeeded, jobid=20262384
2021-06-30 05:25:13 +0000 :: hfe03 :: Submission of gdasensprepmet04 succeeded, jobid=20262385
2021-06-30 05:25:13 +0000 :: hfe03 :: Submission of gdasensprepmet05 succeeded, jobid=20262386
2021-06-30 05:30:39 +0000 :: hfe03 :: Task gdasensprepmet01, jobid=20262382, in state RUNNING (RUNNING)
2021-06-30 05:30:39 +0000 :: hfe03 :: Task gdasensprepmet02, jobid=20262383, in state RUNNING (RUNNING)
2021-06-30 05:30:39 +0000 :: hfe03 :: Task gdasensprepmet03, jobid=20262384, in state RUNNING (RUNNING)
2021-06-30 05:30:39 +0000 :: hfe03 :: Task gdasensprepmet04, jobid=20262385, in state RUNNING (RUNNING)
2021-06-30 05:30:39 +0000 :: hfe03 :: Task gdasensprepmet05, jobid=20262386, in state RUNNING (RUNNING)
2021-06-30 05:35:10 +0000 :: hfe03 :: Task gdasensprepmet01, jobid=20262382, in state SUCCEEDED (COMPLETED), ran for 383.0 seconds, exit status=0, try=1 (of 2)
2021-06-30 05:35:10 +0000 :: hfe03 :: Task gdasensprepmet02, jobid=20262383, in state SUCCEEDED (COMPLETED), ran for 378.0 seconds, exit status=0, try=1 (of 2)
2021-06-30 05:35:10 +0000 :: hfe03 :: Task gdasensprepmet03, jobid=20262384, in state SUCCEEDED (COMPLETED), ran for 378.0 seconds, exit status=0, try=1 (of 2)
2021-06-30 05:35:10 +0000 :: hfe03 :: Task gdasensprepmet04, jobid=20262385, in state SUCCEEDED (COMPLETED), ran for 378.0 seconds, exit status=0, try=1 (of 2)
2021-06-30 05:35:10 +0000 :: hfe03 :: Task gdasensprepmet05, jobid=20262386, in state SUCCEEDED (COMPLETED), ran for 385.0 seconds, exit status=0, try=1 (of 2)
2021-06-30 05:35:10 +0000 :: hfe03 :: This cycle is complete: Success
