2021-06-28 19:35:12 +0000 :: hfe03 :: Submitting gdasprepmet
2021-06-28 19:35:12 +0000 :: hfe03 :: Submission status of gdasprepmet is pending at druby://hfe03:35288
2021-06-28 19:40:39 +0000 :: hfe03 :: Submission status of previously pending gdasprepmet is success, jobid=20215726
2021-06-28 19:40:39 +0000 :: hfe03 :: Task gdasprepmet, jobid=20215726, in state SUCCEEDED (COMPLETED), ran for 199.0 seconds, exit status=0, try=1 (of 2)
2021-06-28 20:10:09 +0000 :: hfe03 :: Submitting gdasensprepmet01
2021-06-28 20:10:09 +0000 :: hfe03 :: Submitting gdasensprepmet02
2021-06-28 20:10:09 +0000 :: hfe03 :: Submitting gdasensprepmet03
2021-06-28 20:10:09 +0000 :: hfe03 :: Submitting gdasensprepmet04
2021-06-28 20:10:09 +0000 :: hfe03 :: Submitting gdasensprepmet05
2021-06-28 20:10:09 +0000 :: hfe03 :: Submission of gdasensprepmet01 succeeded, jobid=20216738
2021-06-28 20:10:09 +0000 :: hfe03 :: Submission status of gdasensprepmet02 is pending at druby://hfe03:37348
2021-06-28 20:10:09 +0000 :: hfe03 :: Submission status of gdasensprepmet03 is pending at druby://hfe03:37348
2021-06-28 20:10:09 +0000 :: hfe03 :: Submission status of gdasensprepmet04 is pending at druby://hfe03:37348
2021-06-28 20:10:09 +0000 :: hfe03 :: Submission status of gdasensprepmet05 is pending at druby://hfe03:37348
2021-06-28 20:15:14 +0000 :: hfe03 :: Submission status of previously pending gdasensprepmet02 is success, jobid=20216739
2021-06-28 20:15:14 +0000 :: hfe03 :: Submission status of previously pending gdasensprepmet03 is success, jobid=20216740
2021-06-28 20:15:14 +0000 :: hfe03 :: Submission status of previously pending gdasensprepmet04 is success, jobid=20216741
2021-06-28 20:15:14 +0000 :: hfe03 :: Submission status of previously pending gdasensprepmet05 is success, jobid=20216742
2021-06-28 20:15:14 +0000 :: hfe03 :: Task gdasensprepmet01, jobid=20216738, in state RUNNING (RUNNING)
2021-06-28 20:15:14 +0000 :: hfe03 :: Task gdasensprepmet02, jobid=20216739, in state RUNNING (RUNNING)
2021-06-28 20:15:14 +0000 :: hfe03 :: Task gdasensprepmet03, jobid=20216740, in state RUNNING (RUNNING)
2021-06-28 20:15:14 +0000 :: hfe03 :: Task gdasensprepmet04, jobid=20216741, in state RUNNING (RUNNING)
2021-06-28 20:15:14 +0000 :: hfe03 :: Task gdasensprepmet05, jobid=20216742, in state RUNNING (RUNNING)
2021-06-28 20:20:07 +0000 :: hfe03 :: Task gdasensprepmet01, jobid=20216738, in state SUCCEEDED (COMPLETED), ran for 329.0 seconds, exit status=0, try=1 (of 2)
2021-06-28 20:20:07 +0000 :: hfe03 :: Task gdasensprepmet02, jobid=20216739, in state FAILED (FAILED), ran for 358.0 seconds, exit status=256, try=1 (of 2)
2021-06-28 20:20:07 +0000 :: hfe03 :: Task gdasensprepmet03, jobid=20216740, in state SUCCEEDED (COMPLETED), ran for 402.0 seconds, exit status=0, try=1 (of 2)
2021-06-28 20:20:07 +0000 :: hfe03 :: Task gdasensprepmet04, jobid=20216741, in state SUCCEEDED (COMPLETED), ran for 392.0 seconds, exit status=0, try=1 (of 2)
2021-06-28 20:20:07 +0000 :: hfe03 :: Task gdasensprepmet05, jobid=20216742, in state SUCCEEDED (COMPLETED), ran for 389.0 seconds, exit status=0, try=1 (of 2)
2021-06-28 20:20:07 +0000 :: hfe03 :: Submitting gdasensprepmet02
2021-06-28 20:20:07 +0000 :: hfe03 :: Submission status of gdasensprepmet02 is pending at druby://hfe03:38881
2021-06-28 20:25:12 +0000 :: hfe03 :: Submission status of previously pending gdasensprepmet02 is success, jobid=20216879
2021-06-28 20:25:12 +0000 :: hfe03 :: Task gdasensprepmet02, jobid=20216879, in state RUNNING (RUNNING)
2021-06-28 20:30:45 +0000 :: hfe03 :: Task gdasensprepmet02, jobid=20216879, in state DEAD (FAILED), ran for 380.0 seconds, exit status=256, try=2 (of 2)
2021-06-28 20:41:16 +0000 :: hfe08 :: Forcibly submitting gdasensprepmet01
2021-06-28 20:41:16 +0000 :: hfe08 :: Submission status of gdasensprepmet01 is pending at druby://hfe08:42420
2021-06-28 20:41:16 +0000 :: hfe08 :: Forcibly submitting gdasensprepmet02
2021-06-28 20:41:16 +0000 :: hfe08 :: Submission status of gdasensprepmet02 is pending at druby://hfe08:42420
2021-06-28 20:41:16 +0000 :: hfe08 :: Forcibly submitting gdasensprepmet03
2021-06-28 20:41:16 +0000 :: hfe08 :: Submission status of gdasensprepmet03 is pending at druby://hfe08:42420
2021-06-28 20:41:16 +0000 :: hfe08 :: Forcibly submitting gdasensprepmet04
2021-06-28 20:41:16 +0000 :: hfe08 :: Submission status of gdasensprepmet04 is pending at druby://hfe08:42420
2021-06-28 20:41:16 +0000 :: hfe08 :: Forcibly submitting gdasensprepmet05
2021-06-28 20:41:16 +0000 :: hfe08 :: Submission status of gdasensprepmet05 is pending at druby://hfe08:42420
2021-06-28 20:45:08 +0000 :: hfe03 :: Submission status of previously pending gdasensprepmet01 is success, jobid=20217294
2021-06-28 20:45:08 +0000 :: hfe03 :: Submission status of previously pending gdasensprepmet02 is success, jobid=20217295
2021-06-28 20:45:08 +0000 :: hfe03 :: Submission status of previously pending gdasensprepmet03 is success, jobid=20217296
2021-06-28 20:45:08 +0000 :: hfe03 :: Submission status of previously pending gdasensprepmet04 is success, jobid=20217297
2021-06-28 20:45:08 +0000 :: hfe03 :: Submission status of previously pending gdasensprepmet05 is success, jobid=20217298
2021-06-28 20:45:08 +0000 :: hfe03 :: Task gdasensprepmet01, jobid=20217294, in state RUNNING (RUNNING)
2021-06-28 20:45:08 +0000 :: hfe03 :: Task gdasensprepmet02, jobid=20217295, in state RUNNING (RUNNING)
2021-06-28 20:45:08 +0000 :: hfe03 :: Task gdasensprepmet03, jobid=20217296, in state RUNNING (RUNNING)
2021-06-28 20:45:08 +0000 :: hfe03 :: Task gdasensprepmet04, jobid=20217297, in state RUNNING (RUNNING)
2021-06-28 20:45:08 +0000 :: hfe03 :: Task gdasensprepmet05, jobid=20217298, in state RUNNING (RUNNING)
2021-06-28 20:50:08 +0000 :: hfe03 :: Task gdasensprepmet01, jobid=20217294, in state SUCCEEDED (COMPLETED), ran for 445.0 seconds, exit status=0, try=3 (of 2)
2021-06-28 20:50:08 +0000 :: hfe03 :: Task gdasensprepmet02, jobid=20217295, in state SUCCEEDED (COMPLETED), ran for 491.0 seconds, exit status=0, try=4 (of 2)
2021-06-28 20:50:08 +0000 :: hfe03 :: Task gdasensprepmet03, jobid=20217296, in state SUCCEEDED (COMPLETED), ran for 476.0 seconds, exit status=0, try=3 (of 2)
2021-06-28 20:50:08 +0000 :: hfe03 :: Task gdasensprepmet04, jobid=20217297, in state SUCCEEDED (COMPLETED), ran for 491.0 seconds, exit status=0, try=3 (of 2)
2021-06-28 20:50:08 +0000 :: hfe03 :: Task gdasensprepmet05, jobid=20217298, in state RUNNING (RUNNING)
2021-06-28 20:55:08 +0000 :: hfe03 :: Task gdasensprepmet05, jobid=20217298, in state SUCCEEDED (COMPLETED), ran for 642.0 seconds, exit status=0, try=3 (of 2)
2021-06-28 20:55:08 +0000 :: hfe03 :: This cycle is complete: Success
2021-06-28 23:35:35 +0000 :: hfe04 :: Forcibly submitting gdasensprepmet01
2021-06-28 23:35:35 +0000 :: hfe04 :: Submission status of gdasensprepmet01 is pending at druby://hfe04:37947
2021-06-28 23:35:35 +0000 :: hfe04 :: Forcibly submitting gdasensprepmet02
2021-06-28 23:35:35 +0000 :: hfe04 :: Submission status of gdasensprepmet02 is pending at druby://hfe04:37947
2021-06-28 23:35:35 +0000 :: hfe04 :: Forcibly submitting gdasensprepmet03
2021-06-28 23:35:35 +0000 :: hfe04 :: Submission status of gdasensprepmet03 is pending at druby://hfe04:37947
2021-06-28 23:35:35 +0000 :: hfe04 :: Forcibly submitting gdasensprepmet04
2021-06-28 23:35:35 +0000 :: hfe04 :: Submission status of gdasensprepmet04 is pending at druby://hfe04:37947
2021-06-28 23:35:35 +0000 :: hfe04 :: Forcibly submitting gdasensprepmet05
2021-06-28 23:35:35 +0000 :: hfe04 :: Submission status of gdasensprepmet05 is pending at druby://hfe04:37947
2021-06-28 23:40:15 +0000 :: hfe03 :: Submission status of previously pending gdasensprepmet01 is success, jobid=20221132
2021-06-28 23:40:15 +0000 :: hfe03 :: Submission status of previously pending gdasensprepmet02 is success, jobid=20221133
2021-06-28 23:40:15 +0000 :: hfe03 :: Submission status of previously pending gdasensprepmet03 is success, jobid=20221134
2021-06-28 23:40:15 +0000 :: hfe03 :: Submission status of previously pending gdasensprepmet04 is success, jobid=20221135
2021-06-28 23:40:15 +0000 :: hfe03 :: Submission status of previously pending gdasensprepmet05 is success, jobid=20221136
2021-06-28 23:40:15 +0000 :: hfe03 :: Task gdasensprepmet01, jobid=20221132, in state RUNNING (RUNNING)
2021-06-28 23:40:15 +0000 :: hfe03 :: Task gdasensprepmet02, jobid=20221133, in state RUNNING (RUNNING)
2021-06-28 23:40:15 +0000 :: hfe03 :: Task gdasensprepmet03, jobid=20221134, in state RUNNING (RUNNING)
2021-06-28 23:40:15 +0000 :: hfe03 :: Task gdasensprepmet04, jobid=20221135, in state RUNNING (RUNNING)
2021-06-28 23:40:15 +0000 :: hfe03 :: Task gdasensprepmet05, jobid=20221136, in state RUNNING (RUNNING)
2021-06-28 23:45:09 +0000 :: hfe03 :: Task gdasensprepmet01, jobid=20221132, in state DEAD (FAILED), ran for 293.0 seconds, exit status=256, try=5 (of 2)
2021-06-28 23:45:09 +0000 :: hfe03 :: Task gdasensprepmet02, jobid=20221133, in state DEAD (FAILED), ran for 339.0 seconds, exit status=256, try=6 (of 2)
2021-06-28 23:45:09 +0000 :: hfe03 :: Task gdasensprepmet03, jobid=20221134, in state DEAD (FAILED), ran for 352.0 seconds, exit status=256, try=5 (of 2)
2021-06-28 23:45:09 +0000 :: hfe03 :: Task gdasensprepmet04, jobid=20221135, in state DEAD (FAILED), ran for 355.0 seconds, exit status=256, try=5 (of 2)
2021-06-28 23:45:09 +0000 :: hfe03 :: Task gdasensprepmet05, jobid=20221136, in state DEAD (FAILED), ran for 332.0 seconds, exit status=256, try=5 (of 2)
2021-06-28 23:53:08 +0000 :: hfe04 :: Forcibly submitting gdasensprepmet01
2021-06-28 23:53:08 +0000 :: hfe04 :: Submission of gdasensprepmet01 succeeded, jobid=20221484
2021-06-28 23:53:08 +0000 :: hfe04 :: Forcibly submitting gdasensprepmet02
2021-06-28 23:53:08 +0000 :: hfe04 :: Submission status of gdasensprepmet02 is pending at druby://hfe04:39466
2021-06-28 23:53:08 +0000 :: hfe04 :: Forcibly submitting gdasensprepmet03
2021-06-28 23:53:08 +0000 :: hfe04 :: Submission status of gdasensprepmet03 is pending at druby://hfe04:39466
2021-06-28 23:53:08 +0000 :: hfe04 :: Forcibly submitting gdasensprepmet04
2021-06-28 23:53:08 +0000 :: hfe04 :: Submission status of gdasensprepmet04 is pending at druby://hfe04:39466
2021-06-28 23:53:08 +0000 :: hfe04 :: Forcibly submitting gdasensprepmet05
2021-06-28 23:53:08 +0000 :: hfe04 :: Submission status of gdasensprepmet05 is pending at druby://hfe04:39466
2021-06-28 23:55:25 +0000 :: hfe03 :: Submission status of previously pending gdasensprepmet02 is success, jobid=20221485
2021-06-28 23:55:25 +0000 :: hfe03 :: Submission status of previously pending gdasensprepmet03 is success, jobid=20221486
2021-06-28 23:55:25 +0000 :: hfe03 :: Submission status of previously pending gdasensprepmet04 is success, jobid=20221487
2021-06-28 23:55:25 +0000 :: hfe03 :: Submission status of previously pending gdasensprepmet05 is success, jobid=20221488
2021-06-28 23:55:25 +0000 :: hfe03 :: Task gdasensprepmet01, jobid=20221484, in state RUNNING (RUNNING)
2021-06-28 23:55:25 +0000 :: hfe03 :: Task gdasensprepmet02, jobid=20221485, in state RUNNING (RUNNING)
2021-06-28 23:55:25 +0000 :: hfe03 :: Task gdasensprepmet03, jobid=20221486, in state RUNNING (RUNNING)
2021-06-28 23:55:25 +0000 :: hfe03 :: Task gdasensprepmet04, jobid=20221487, in state RUNNING (RUNNING)
2021-06-28 23:55:25 +0000 :: hfe03 :: Task gdasensprepmet05, jobid=20221488, in state RUNNING (RUNNING)
2021-06-28 23:58:37 +0000 :: hfe04 :: Task gdasensprepmet01, jobid=20221484, in state DEAD (CANCELLED), ran for 241.0 seconds, exit status=15, try=7 (of 2)
2021-06-28 23:58:37 +0000 :: hfe04 :: Task gdasensprepmet02, jobid=20221485, in state DEAD (CANCELLED), ran for 241.0 seconds, exit status=15, try=8 (of 2)
2021-06-28 23:58:37 +0000 :: hfe04 :: Task gdasensprepmet03, jobid=20221486, in state DEAD (CANCELLED), ran for 241.0 seconds, exit status=15, try=7 (of 2)
2021-06-28 23:58:37 +0000 :: hfe04 :: Task gdasensprepmet04, jobid=20221487, in state DEAD (CANCELLED), ran for 241.0 seconds, exit status=15, try=7 (of 2)
2021-06-28 23:58:37 +0000 :: hfe04 :: Task gdasensprepmet05, jobid=20221488, in state DEAD (CANCELLED), ran for 241.0 seconds, exit status=15, try=7 (of 2)
2021-06-28 23:58:37 +0000 :: hfe04 :: Forcibly submitting gdasensprepmet01
2021-06-28 23:58:37 +0000 :: hfe04 :: Submission status of gdasensprepmet01 is pending at druby://hfe04:43876
2021-06-28 23:58:37 +0000 :: hfe04 :: Forcibly submitting gdasensprepmet02
2021-06-28 23:58:37 +0000 :: hfe04 :: Submission status of gdasensprepmet02 is pending at druby://hfe04:43876
2021-06-28 23:58:37 +0000 :: hfe04 :: Forcibly submitting gdasensprepmet03
2021-06-28 23:58:37 +0000 :: hfe04 :: Submission status of gdasensprepmet03 is pending at druby://hfe04:43876
2021-06-28 23:58:37 +0000 :: hfe04 :: Forcibly submitting gdasensprepmet04
2021-06-28 23:58:37 +0000 :: hfe04 :: Submission status of gdasensprepmet04 is pending at druby://hfe04:43876
2021-06-28 23:58:37 +0000 :: hfe04 :: Forcibly submitting gdasensprepmet05
2021-06-28 23:58:37 +0000 :: hfe04 :: Submission status of gdasensprepmet05 is pending at druby://hfe04:43876
2021-06-29 00:00:37 +0000 :: hfe03 :: Submission status of previously pending gdasensprepmet01 is success, jobid=20221670
2021-06-29 00:00:37 +0000 :: hfe03 :: Submission status of previously pending gdasensprepmet02 is success, jobid=20221671
2021-06-29 00:00:37 +0000 :: hfe03 :: Submission status of previously pending gdasensprepmet03 is success, jobid=20221672
2021-06-29 00:00:37 +0000 :: hfe03 :: Submission status of previously pending gdasensprepmet04 is success, jobid=20221674
2021-06-29 00:00:37 +0000 :: hfe03 :: Submission status of previously pending gdasensprepmet05 is success, jobid=20221673
2021-06-29 00:00:37 +0000 :: hfe03 :: Task gdasensprepmet01, jobid=20221670, in state RUNNING (RUNNING)
2021-06-29 00:00:37 +0000 :: hfe03 :: Task gdasensprepmet02, jobid=20221671, in state RUNNING (RUNNING)
2021-06-29 00:00:37 +0000 :: hfe03 :: Task gdasensprepmet03, jobid=20221672, in state RUNNING (RUNNING)
2021-06-29 00:00:37 +0000 :: hfe03 :: Task gdasensprepmet04, jobid=20221674, in state RUNNING (RUNNING)
2021-06-29 00:00:37 +0000 :: hfe03 :: Task gdasensprepmet05, jobid=20221673, in state RUNNING (RUNNING)
2021-06-29 00:05:03 +0000 :: hfe04 :: Task gdasensprepmet01, jobid=20221670, in state DEAD (FAILED), ran for 267.0 seconds, exit status=256, try=9 (of 2)
2021-06-29 00:05:03 +0000 :: hfe04 :: Task gdasensprepmet02, jobid=20221671, in state DEAD (FAILED), ran for 310.0 seconds, exit status=256, try=10 (of 2)
2021-06-29 00:05:03 +0000 :: hfe04 :: Task gdasensprepmet03, jobid=20221672, in state DEAD (FAILED), ran for 307.0 seconds, exit status=256, try=9 (of 2)
2021-06-29 00:05:03 +0000 :: hfe04 :: Task gdasensprepmet04, jobid=20221674, in state DEAD (FAILED), ran for 307.0 seconds, exit status=256, try=9 (of 2)
2021-06-29 00:05:03 +0000 :: hfe04 :: Task gdasensprepmet05, jobid=20221673, in state DEAD (FAILED), ran for 302.0 seconds, exit status=256, try=9 (of 2)
2021-06-29 00:05:03 +0000 :: hfe04 :: Forcibly submitting gdasensprepmet01
2021-06-29 00:05:03 +0000 :: hfe04 :: Submission status of gdasensprepmet01 is pending at druby://hfe04:36447
2021-06-29 00:05:03 +0000 :: hfe04 :: Forcibly submitting gdasensprepmet02
2021-06-29 00:05:03 +0000 :: hfe04 :: Submission status of gdasensprepmet02 is pending at druby://hfe04:36447
2021-06-29 00:05:03 +0000 :: hfe04 :: Forcibly submitting gdasensprepmet03
2021-06-29 00:05:03 +0000 :: hfe04 :: Submission status of gdasensprepmet03 is pending at druby://hfe04:36447
2021-06-29 00:05:03 +0000 :: hfe04 :: Forcibly submitting gdasensprepmet04
2021-06-29 00:05:03 +0000 :: hfe04 :: Submission status of gdasensprepmet04 is pending at druby://hfe04:36447
2021-06-29 00:05:03 +0000 :: hfe04 :: Forcibly submitting gdasensprepmet05
2021-06-29 00:05:03 +0000 :: hfe04 :: Submission status of gdasensprepmet05 is pending at druby://hfe04:36447
2021-06-29 00:05:15 +0000 :: hfe03 :: Submission status of previously pending gdasensprepmet01 is success, jobid=20221829
2021-06-29 00:05:15 +0000 :: hfe03 :: Submission status of previously pending gdasensprepmet02 is success, jobid=20221830
2021-06-29 00:05:15 +0000 :: hfe03 :: Submission status of previously pending gdasensprepmet03 is success, jobid=20221832
2021-06-29 00:05:15 +0000 :: hfe03 :: Submission status of previously pending gdasensprepmet04 is success, jobid=20221831
2021-06-29 00:05:15 +0000 :: hfe03 :: Submission status of previously pending gdasensprepmet05 is success, jobid=20221833
2021-06-29 00:05:15 +0000 :: hfe03 :: Task gdasensprepmet01, jobid=20221829, in state RUNNING (RUNNING)
2021-06-29 00:05:15 +0000 :: hfe03 :: Task gdasensprepmet02, jobid=20221830, in state QUEUED (PENDING)
2021-06-29 00:05:15 +0000 :: hfe03 :: Task gdasensprepmet03, jobid=20221832, in state QUEUED (PENDING)
2021-06-29 00:05:15 +0000 :: hfe03 :: Task gdasensprepmet04, jobid=20221831, in state QUEUED (PENDING)
2021-06-29 00:05:15 +0000 :: hfe03 :: Task gdasensprepmet05, jobid=20221833, in state QUEUED (PENDING)
2021-06-29 00:06:31 +0000 :: hfe04 :: Task gdasensprepmet01, jobid=20221829, in state DEAD (CANCELLED), ran for 55.0 seconds, exit status=15, try=11 (of 2)
2021-06-29 00:06:31 +0000 :: hfe04 :: Task gdasensprepmet02, jobid=20221830, in state DEAD (CANCELLED), ran for 28.0 seconds, exit status=15, try=12 (of 2)
2021-06-29 00:06:31 +0000 :: hfe04 :: Task gdasensprepmet03, jobid=20221832, in state DEAD (CANCELLED), ran for 28.0 seconds, exit status=15, try=11 (of 2)
2021-06-29 00:06:31 +0000 :: hfe04 :: Task gdasensprepmet04, jobid=20221831, in state DEAD (CANCELLED), ran for 28.0 seconds, exit status=15, try=11 (of 2)
2021-06-29 00:06:31 +0000 :: hfe04 :: Task gdasensprepmet05, jobid=20221833, in state DEAD (CANCELLED), ran for 28.0 seconds, exit status=15, try=11 (of 2)
2021-06-29 00:06:31 +0000 :: hfe04 :: Forcibly submitting gdasensprepmet01
2021-06-29 00:06:31 +0000 :: hfe04 :: Submission status of gdasensprepmet01 is pending at druby://hfe04:44181
2021-06-29 00:06:31 +0000 :: hfe04 :: Forcibly submitting gdasensprepmet02
2021-06-29 00:06:31 +0000 :: hfe04 :: Submission status of gdasensprepmet02 is pending at druby://hfe04:44181
2021-06-29 00:06:31 +0000 :: hfe04 :: Forcibly submitting gdasensprepmet03
2021-06-29 00:06:31 +0000 :: hfe04 :: Submission status of gdasensprepmet03 is pending at druby://hfe04:44181
2021-06-29 00:06:31 +0000 :: hfe04 :: Forcibly submitting gdasensprepmet04
2021-06-29 00:06:31 +0000 :: hfe04 :: Submission status of gdasensprepmet04 is pending at druby://hfe04:44181
2021-06-29 00:06:31 +0000 :: hfe04 :: Forcibly submitting gdasensprepmet05
2021-06-29 00:06:31 +0000 :: hfe04 :: Submission status of gdasensprepmet05 is pending at druby://hfe04:44181
2021-06-29 00:10:15 +0000 :: hfe03 :: Submission status of previously pending gdasensprepmet01 is success, jobid=20221877
2021-06-29 00:10:15 +0000 :: hfe03 :: Submission status of previously pending gdasensprepmet02 is success, jobid=20221878
2021-06-29 00:10:15 +0000 :: hfe03 :: Submission status of previously pending gdasensprepmet03 is success, jobid=20221879
2021-06-29 00:10:15 +0000 :: hfe03 :: Submission status of previously pending gdasensprepmet04 is success, jobid=20221880
2021-06-29 00:10:15 +0000 :: hfe03 :: Submission status of previously pending gdasensprepmet05 is success, jobid=20221881
2021-06-29 00:10:15 +0000 :: hfe03 :: Task gdasensprepmet01, jobid=20221877, in state RUNNING (RUNNING)
2021-06-29 00:10:15 +0000 :: hfe03 :: Task gdasensprepmet02, jobid=20221878, in state RUNNING (RUNNING)
2021-06-29 00:10:15 +0000 :: hfe03 :: Task gdasensprepmet03, jobid=20221879, in state RUNNING (RUNNING)
2021-06-29 00:10:15 +0000 :: hfe03 :: Task gdasensprepmet04, jobid=20221880, in state RUNNING (RUNNING)
2021-06-29 00:10:15 +0000 :: hfe03 :: Task gdasensprepmet05, jobid=20221881, in state RUNNING (RUNNING)
2021-06-29 00:15:08 +0000 :: hfe03 :: Task gdasensprepmet01, jobid=20221877, in state SUCCEEDED (COMPLETED), ran for 341.0 seconds, exit status=0, try=13 (of 2)
2021-06-29 00:15:08 +0000 :: hfe03 :: Task gdasensprepmet02, jobid=20221878, in state SUCCEEDED (COMPLETED), ran for 392.0 seconds, exit status=0, try=14 (of 2)
2021-06-29 00:15:08 +0000 :: hfe03 :: Task gdasensprepmet03, jobid=20221879, in state SUCCEEDED (COMPLETED), ran for 386.0 seconds, exit status=0, try=13 (of 2)
2021-06-29 00:15:08 +0000 :: hfe03 :: Task gdasensprepmet04, jobid=20221880, in state SUCCEEDED (COMPLETED), ran for 399.0 seconds, exit status=0, try=13 (of 2)
2021-06-29 00:15:08 +0000 :: hfe03 :: Task gdasensprepmet05, jobid=20221881, in state SUCCEEDED (COMPLETED), ran for 404.0 seconds, exit status=0, try=13 (of 2)
2021-06-29 00:15:08 +0000 :: hfe03 :: This cycle is complete: Success
