2021-06-29 13:20:15 +0000 :: hfe03 :: Submitting gdasprepmet
2021-06-29 13:20:15 +0000 :: hfe03 :: Submission status of gdasprepmet is pending at druby://hfe03:34791
2021-06-29 13:25:14 +0000 :: hfe03 :: Submission status of previously pending gdasprepmet is success, jobid=20236886
2021-06-29 13:25:14 +0000 :: hfe03 :: Task gdasprepmet, jobid=20236886, in state RUNNING (RUNNING)
2021-06-29 13:30:42 +0000 :: hfe03 :: Task gdasprepmet, jobid=20236886, in state SUCCEEDED (COMPLETED), ran for 181.0 seconds, exit status=0, try=1 (of 2)
2021-06-29 14:35:13 +0000 :: hfe03 :: Submitting gdasensprepmet01
2021-06-29 14:35:13 +0000 :: hfe03 :: Submitting gdasensprepmet02
2021-06-29 14:35:13 +0000 :: hfe03 :: Submitting gdasensprepmet03
2021-06-29 14:35:13 +0000 :: hfe03 :: Submitting gdasensprepmet04
2021-06-29 14:35:13 +0000 :: hfe03 :: Submitting gdasensprepmet05
2021-06-29 14:35:13 +0000 :: hfe03 :: Submission of gdasensprepmet01 succeeded, jobid=20238798
2021-06-29 14:35:13 +0000 :: hfe03 :: Submission of gdasensprepmet02 succeeded, jobid=20238799
2021-06-29 14:35:13 +0000 :: hfe03 :: Submission of gdasensprepmet03 succeeded, jobid=20238800
2021-06-29 14:35:13 +0000 :: hfe03 :: Submission of gdasensprepmet04 succeeded, jobid=20238801
2021-06-29 14:35:13 +0000 :: hfe03 :: Submission of gdasensprepmet05 succeeded, jobid=20238802
2021-06-29 14:40:10 +0000 :: hfe03 :: Task gdasensprepmet01, jobid=20238798, in state RUNNING (RUNNING)
2021-06-29 14:40:10 +0000 :: hfe03 :: Task gdasensprepmet02, jobid=20238799, in state RUNNING (RUNNING)
2021-06-29 14:40:10 +0000 :: hfe03 :: Task gdasensprepmet03, jobid=20238800, in state RUNNING (RUNNING)
2021-06-29 14:40:10 +0000 :: hfe03 :: Task gdasensprepmet04, jobid=20238801, in state RUNNING (RUNNING)
2021-06-29 14:40:10 +0000 :: hfe03 :: Task gdasensprepmet05, jobid=20238802, in state RUNNING (RUNNING)
2021-06-29 14:45:16 +0000 :: hfe03 :: Task gdasensprepmet01, jobid=20238798, in state SUCCEEDED (COMPLETED), ran for 457.0 seconds, exit status=0, try=1 (of 2)
2021-06-29 14:45:16 +0000 :: hfe03 :: Task gdasensprepmet02, jobid=20238799, in state SUCCEEDED (COMPLETED), ran for 436.0 seconds, exit status=0, try=1 (of 2)
2021-06-29 14:45:16 +0000 :: hfe03 :: Task gdasensprepmet03, jobid=20238800, in state SUCCEEDED (COMPLETED), ran for 439.0 seconds, exit status=0, try=1 (of 2)
2021-06-29 14:45:16 +0000 :: hfe03 :: Task gdasensprepmet04, jobid=20238801, in state SUCCEEDED (COMPLETED), ran for 399.0 seconds, exit status=0, try=1 (of 2)
2021-06-29 14:45:16 +0000 :: hfe03 :: Task gdasensprepmet05, jobid=20238802, in state SUCCEEDED (COMPLETED), ran for 393.0 seconds, exit status=0, try=1 (of 2)
2021-06-29 14:45:16 +0000 :: hfe03 :: This cycle is complete: Success
2021-06-29 16:30:00 +0000 :: hfe03 :: Forcibly submitting gdasensprepmet01
2021-06-29 16:30:00 +0000 :: hfe03 :: Submission status of gdasensprepmet01 is pending at druby://hfe03:40472
2021-06-29 16:30:00 +0000 :: hfe03 :: Forcibly submitting gdasensprepmet02
2021-06-29 16:30:00 +0000 :: hfe03 :: Submission status of gdasensprepmet02 is pending at druby://hfe03:40472
2021-06-29 16:30:00 +0000 :: hfe03 :: Forcibly submitting gdasensprepmet03
2021-06-29 16:30:00 +0000 :: hfe03 :: Submission status of gdasensprepmet03 is pending at druby://hfe03:40472
2021-06-29 16:30:00 +0000 :: hfe03 :: Forcibly submitting gdasensprepmet04
2021-06-29 16:30:00 +0000 :: hfe03 :: Submission status of gdasensprepmet04 is pending at druby://hfe03:40472
2021-06-29 16:30:00 +0000 :: hfe03 :: Forcibly submitting gdasensprepmet05
2021-06-29 16:30:00 +0000 :: hfe03 :: Submission status of gdasensprepmet05 is pending at druby://hfe03:40472
2021-06-29 16:30:43 +0000 :: hfe03 :: Submission status of previously pending gdasensprepmet01 is success, jobid=20243299
2021-06-29 16:30:43 +0000 :: hfe03 :: Submission status of previously pending gdasensprepmet02 is success, jobid=20243300
2021-06-29 16:30:43 +0000 :: hfe03 :: Submission status of previously pending gdasensprepmet03 is success, jobid=20243301
2021-06-29 16:30:43 +0000 :: hfe03 :: Submission status of previously pending gdasensprepmet04 is success, jobid=20243302
2021-06-29 16:30:43 +0000 :: hfe03 :: Submission status of previously pending gdasensprepmet05 is success, jobid=20243303
2021-06-29 16:30:43 +0000 :: hfe03 :: Task gdasensprepmet01, jobid=20243299, in state RUNNING (RUNNING)
2021-06-29 16:30:43 +0000 :: hfe03 :: Task gdasensprepmet02, jobid=20243300, in state RUNNING (RUNNING)
2021-06-29 16:30:43 +0000 :: hfe03 :: Task gdasensprepmet03, jobid=20243301, in state RUNNING (RUNNING)
2021-06-29 16:30:43 +0000 :: hfe03 :: Task gdasensprepmet04, jobid=20243302, in state QUEUED (PENDING)
2021-06-29 16:30:43 +0000 :: hfe03 :: Task gdasensprepmet05, jobid=20243303, in state QUEUED (PENDING)
2021-06-29 16:35:17 +0000 :: hfe03 :: Task gdasensprepmet01, jobid=20243299, in state RUNNING (RUNNING)
2021-06-29 16:35:17 +0000 :: hfe03 :: Task gdasensprepmet02, jobid=20243300, in state RUNNING (RUNNING)
2021-06-29 16:35:17 +0000 :: hfe03 :: Task gdasensprepmet03, jobid=20243301, in state RUNNING (RUNNING)
2021-06-29 16:35:17 +0000 :: hfe03 :: Task gdasensprepmet04, jobid=20243302, in state RUNNING (RUNNING)
2021-06-29 16:35:17 +0000 :: hfe03 :: Task gdasensprepmet05, jobid=20243303, in state RUNNING (RUNNING)
2021-06-29 16:40:15 +0000 :: hfe03 :: Task gdasensprepmet01, jobid=20243299, in state SUCCEEDED (COMPLETED), ran for 451.0 seconds, exit status=0, try=3 (of 2)
2021-06-29 16:40:15 +0000 :: hfe03 :: Task gdasensprepmet02, jobid=20243300, in state SUCCEEDED (COMPLETED), ran for 397.0 seconds, exit status=0, try=3 (of 2)
2021-06-29 16:40:15 +0000 :: hfe03 :: Task gdasensprepmet03, jobid=20243301, in state SUCCEEDED (COMPLETED), ran for 406.0 seconds, exit status=0, try=3 (of 2)
2021-06-29 16:40:15 +0000 :: hfe03 :: Task gdasensprepmet04, jobid=20243302, in state SUCCEEDED (COMPLETED), ran for 388.0 seconds, exit status=0, try=3 (of 2)
2021-06-29 16:40:15 +0000 :: hfe03 :: Task gdasensprepmet05, jobid=20243303, in state SUCCEEDED (COMPLETED), ran for 387.0 seconds, exit status=0, try=3 (of 2)
2021-06-29 16:40:15 +0000 :: hfe03 :: This cycle is complete: Success
2021-06-29 22:21:51 +0000 :: hfe10 :: Forcibly submitting gdasprepmet
2021-06-29 22:21:51 +0000 :: hfe10 :: Submission status of gdasprepmet is pending at druby://hfe10:46064
2021-06-29 22:21:59 +0000 :: hfe10 :: Submission status of previously pending gdasprepmet is success, jobid=20252763
2021-06-29 22:21:59 +0000 :: hfe10 :: Task gdasprepmet, jobid=20252763, in state QUEUED (PENDING)
2021-06-29 22:22:00 +0000 :: hfe10 :: Forcibly submitting gdasensprepmet01
2021-06-29 22:22:00 +0000 :: hfe10 :: Submission status of gdasensprepmet01 is pending at druby://hfe10:39255
2021-06-29 22:22:00 +0000 :: hfe10 :: Forcibly submitting gdasensprepmet02
2021-06-29 22:22:00 +0000 :: hfe10 :: Submission status of gdasensprepmet02 is pending at druby://hfe10:39255
2021-06-29 22:22:00 +0000 :: hfe10 :: Forcibly submitting gdasensprepmet03
2021-06-29 22:22:00 +0000 :: hfe10 :: Submission status of gdasensprepmet03 is pending at druby://hfe10:39255
2021-06-29 22:22:00 +0000 :: hfe10 :: Forcibly submitting gdasensprepmet04
2021-06-29 22:22:00 +0000 :: hfe10 :: Submission status of gdasensprepmet04 is pending at druby://hfe10:39255
2021-06-29 22:22:00 +0000 :: hfe10 :: Forcibly submitting gdasensprepmet05
2021-06-29 22:22:00 +0000 :: hfe10 :: Submission status of gdasensprepmet05 is pending at druby://hfe10:39255
2021-06-29 22:25:07 +0000 :: hfe03 :: Submission status of previously pending gdasensprepmet01 is success, jobid=20252765
2021-06-29 22:25:07 +0000 :: hfe03 :: Submission status of previously pending gdasensprepmet02 is success, jobid=20252764
2021-06-29 22:25:07 +0000 :: hfe03 :: Submission status of previously pending gdasensprepmet03 is success, jobid=20252766
2021-06-29 22:25:07 +0000 :: hfe03 :: Submission status of previously pending gdasensprepmet04 is success, jobid=20252767
2021-06-29 22:25:07 +0000 :: hfe03 :: Submission status of previously pending gdasensprepmet05 is success, jobid=20252768
2021-06-29 22:25:08 +0000 :: hfe03 :: Task gdasprepmet, jobid=20252763, in state RUNNING (RUNNING)
2021-06-29 22:25:08 +0000 :: hfe03 :: Task gdasensprepmet01, jobid=20252765, in state RUNNING (RUNNING)
2021-06-29 22:25:08 +0000 :: hfe03 :: Task gdasensprepmet02, jobid=20252764, in state RUNNING (RUNNING)
2021-06-29 22:25:08 +0000 :: hfe03 :: Task gdasensprepmet03, jobid=20252766, in state RUNNING (RUNNING)
2021-06-29 22:25:08 +0000 :: hfe03 :: Task gdasensprepmet04, jobid=20252767, in state RUNNING (RUNNING)
2021-06-29 22:25:08 +0000 :: hfe03 :: Task gdasensprepmet05, jobid=20252768, in state RUNNING (RUNNING)
2021-06-29 22:30:40 +0000 :: hfe03 :: Task gdasprepmet, jobid=20252763, in state SUCCEEDED (COMPLETED), ran for 175.0 seconds, exit status=0, try=3 (of 2)
2021-06-29 22:30:40 +0000 :: hfe03 :: Task gdasensprepmet01, jobid=20252765, in state RUNNING (COMPLETING)
2021-06-29 22:30:40 +0000 :: hfe03 :: Task gdasensprepmet02, jobid=20252764, in state RUNNING (RUNNING)
2021-06-29 22:30:40 +0000 :: hfe03 :: Task gdasensprepmet03, jobid=20252766, in state RUNNING (RUNNING)
2021-06-29 22:30:40 +0000 :: hfe03 :: Task gdasensprepmet04, jobid=20252767, in state RUNNING (COMPLETING)
2021-06-29 22:30:40 +0000 :: hfe03 :: Task gdasensprepmet05, jobid=20252768, in state RUNNING (RUNNING)
2021-06-29 22:35:15 +0000 :: hfe03 :: Task gdasensprepmet01, jobid=20252765, in state SUCCEEDED (COMPLETED), ran for 389.0 seconds, exit status=0, try=5 (of 2)
2021-06-29 22:35:15 +0000 :: hfe03 :: Task gdasensprepmet02, jobid=20252764, in state SUCCEEDED (COMPLETED), ran for 400.0 seconds, exit status=0, try=5 (of 2)
2021-06-29 22:35:15 +0000 :: hfe03 :: Task gdasensprepmet03, jobid=20252766, in state SUCCEEDED (COMPLETED), ran for 408.0 seconds, exit status=0, try=5 (of 2)
2021-06-29 22:35:15 +0000 :: hfe03 :: Task gdasensprepmet04, jobid=20252767, in state SUCCEEDED (COMPLETED), ran for 388.0 seconds, exit status=0, try=5 (of 2)
2021-06-29 22:35:15 +0000 :: hfe03 :: Task gdasensprepmet05, jobid=20252768, in state SUCCEEDED (COMPLETED), ran for 396.0 seconds, exit status=0, try=5 (of 2)
2021-06-29 22:35:15 +0000 :: hfe03 :: This cycle is complete: Success
