2021-06-15 23:14:18 +0000 :: hfe08 :: Submitting gdasprepmet
2021-06-15 23:14:18 +0000 :: hfe08 :: Submission status of gdasprepmet is pending at druby://hfe08:46143
2021-06-15 23:17:01 +0000 :: hfe08 :: Submitting gdasprepmet
2021-06-15 23:17:01 +0000 :: hfe08 :: Submission status of gdasprepmet is pending at druby://hfe08:33578
2021-06-15 23:18:24 +0000 :: hfe08 :: Submitting gdasprepmet
2021-06-15 23:18:24 +0000 :: hfe08 :: Submission status of gdasprepmet is pending at druby://hfe08:42631
2021-06-15 23:20:59 +0000 :: hfe08 :: Submitting gdasprepmet
2021-06-15 23:20:59 +0000 :: hfe08 :: Submission status of gdasprepmet is pending at druby://hfe08:41959
2021-06-15 23:26:50 +0000 :: hfe08 :: Submitting gdasprepmet
2021-06-15 23:26:50 +0000 :: hfe08 :: Submission status of gdasprepmet is pending at druby://hfe08:41047
2021-06-15 23:33:22 +0000 :: hfe08 :: Forcibly submitting gdasprepmet
2021-06-15 23:33:22 +0000 :: hfe08 :: Submission status of gdasprepmet is pending at druby://hfe08:38231
2021-06-15 23:35:47 +0000 :: hfe08 :: Submission status of previously pending gdasprepmet is success, jobid=19817491
2021-06-15 23:35:48 +0000 :: hfe08 :: Task gdasprepmet, jobid=19817491, in state FAILED (FAILED), ran for 4.0 seconds, exit status=256, try=1 (of 2)
2021-06-15 23:35:48 +0000 :: hfe08 :: Forcibly submitting gdasprepmet
2021-06-15 23:35:48 +0000 :: hfe08 :: Submission status of gdasprepmet is pending at druby://hfe08:36382
2021-06-15 23:37:12 +0000 :: hfe08 :: Submission status of previously pending gdasprepmet is success, jobid=19817544
2021-06-15 23:37:12 +0000 :: hfe08 :: Task gdasprepmet, jobid=19817544, in state DEAD (FAILED), ran for 6.0 seconds, exit status=256, try=3 (of 2)
2021-06-15 23:37:12 +0000 :: hfe08 :: Forcibly submitting gdasprepmet
2021-06-15 23:37:12 +0000 :: hfe08 :: Submission status of gdasprepmet is pending at druby://hfe08:39552
2021-06-15 23:41:09 +0000 :: hfe08 :: Submission status of previously pending gdasprepmet is success, jobid=19817607
2021-06-15 23:41:09 +0000 :: hfe08 :: Task gdasprepmet, jobid=19817607, in state DEAD (FAILED), ran for 7.0 seconds, exit status=256, try=5 (of 2)
2021-06-15 23:41:09 +0000 :: hfe08 :: Forcibly submitting gdasprepmet
2021-06-15 23:41:09 +0000 :: hfe08 :: Submission status of gdasprepmet is pending at druby://hfe08:36642
2021-06-16 15:08:55 +0000 :: hfe02 :: Submission status of previously pending gdasprepmet is success, jobid=19817702
2021-06-16 15:08:55 +0000 :: hfe02 :: Task gdasprepmet, jobid=19817702, in state UNAVAILABLE (Unavailable)
2021-06-16 15:08:55 +0000 :: hfe02 :: This cycle is complete: Success
