2021-06-30 21:18:34 +0000 :: hfe08 :: Forcibly submitting gdasprepmet
2021-06-30 21:18:34 +0000 :: hfe08 :: Submission status of gdasprepmet is pending at druby://hfe08:35212
2021-06-30 21:18:46 +0000 :: hfe08 :: Submission status of previously pending gdasprepmet is success, jobid=20284538
2021-06-30 21:18:46 +0000 :: hfe08 :: Task gdasprepmet, jobid=20284538, in state QUEUED (PENDING)
2021-06-30 21:18:46 +0000 :: hfe08 :: Forcibly submitting gdasensprepmet01
2021-06-30 21:18:46 +0000 :: hfe08 :: Submission status of gdasensprepmet01 is pending at druby://hfe08:34482
2021-06-30 21:18:46 +0000 :: hfe08 :: Forcibly submitting gdasensprepmet02
2021-06-30 21:18:46 +0000 :: hfe08 :: Submission status of gdasensprepmet02 is pending at druby://hfe08:34482
2021-06-30 21:18:46 +0000 :: hfe08 :: Forcibly submitting gdasensprepmet03
2021-06-30 21:18:46 +0000 :: hfe08 :: Submission status of gdasensprepmet03 is pending at druby://hfe08:34482
2021-06-30 21:18:46 +0000 :: hfe08 :: Forcibly submitting gdasensprepmet04
2021-06-30 21:18:46 +0000 :: hfe08 :: Submission status of gdasensprepmet04 is pending at druby://hfe08:34482
2021-06-30 21:18:46 +0000 :: hfe08 :: Forcibly submitting gdasensprepmet05
2021-06-30 21:18:46 +0000 :: hfe08 :: Submission status of gdasensprepmet05 is pending at druby://hfe08:34482
2021-06-30 21:33:30 +0000 :: hfe08 :: Submission status of previously pending gdasensprepmet01 is success, jobid=20284542
2021-06-30 21:33:30 +0000 :: hfe08 :: Submission status of previously pending gdasensprepmet02 is success, jobid=20284540
2021-06-30 21:33:30 +0000 :: hfe08 :: Submission status of previously pending gdasensprepmet03 is success, jobid=20284539
2021-06-30 21:33:30 +0000 :: hfe08 :: Submission status of previously pending gdasensprepmet04 is success, jobid=20284541
2021-06-30 21:33:30 +0000 :: hfe08 :: Submission status of previously pending gdasensprepmet05 is success, jobid=20284543
2021-06-30 21:33:31 +0000 :: hfe08 :: Task gdasprepmet, jobid=20284538, in state SUCCEEDED (COMPLETED), ran for 180.0 seconds, exit status=0, try=3 (of 2)
2021-06-30 21:33:31 +0000 :: hfe08 :: Task gdasensprepmet01, jobid=20284542, in state FAILED (FAILED), ran for 6.0 seconds, exit status=1, try=1 (of 2)
2021-06-30 21:33:31 +0000 :: hfe08 :: Task gdasensprepmet02, jobid=20284540, in state FAILED (FAILED), ran for 6.0 seconds, exit status=1, try=1 (of 2)
2021-06-30 21:33:31 +0000 :: hfe08 :: Task gdasensprepmet03, jobid=20284539, in state FAILED (FAILED), ran for 10.0 seconds, exit status=1, try=1 (of 2)
2021-06-30 21:33:31 +0000 :: hfe08 :: Task gdasensprepmet04, jobid=20284541, in state FAILED (FAILED), ran for 9.0 seconds, exit status=1, try=1 (of 2)
2021-06-30 21:33:31 +0000 :: hfe08 :: Task gdasensprepmet05, jobid=20284543, in state FAILED (FAILED), ran for 6.0 seconds, exit status=1, try=1 (of 2)
2021-06-30 21:33:31 +0000 :: hfe08 :: Forcibly submitting gdasprepmet
2021-06-30 21:33:31 +0000 :: hfe08 :: Submission status of gdasprepmet is pending at druby://hfe08:40778
2021-06-30 21:33:35 +0000 :: hfe08 :: Submission status of previously pending gdasprepmet is success, jobid=20285047
2021-06-30 21:33:35 +0000 :: hfe08 :: Task gdasprepmet, jobid=20285047, in state QUEUED (PENDING)
2021-06-30 21:33:35 +0000 :: hfe08 :: Forcibly submitting gdasensprepmet01
2021-06-30 21:33:35 +0000 :: hfe08 :: Submission status of gdasensprepmet01 is pending at druby://hfe08:36902
2021-06-30 21:33:35 +0000 :: hfe08 :: Forcibly submitting gdasensprepmet02
2021-06-30 21:33:35 +0000 :: hfe08 :: Submission status of gdasensprepmet02 is pending at druby://hfe08:36902
2021-06-30 21:33:35 +0000 :: hfe08 :: Forcibly submitting gdasensprepmet03
2021-06-30 21:33:35 +0000 :: hfe08 :: Submission status of gdasensprepmet03 is pending at druby://hfe08:36902
2021-06-30 21:33:35 +0000 :: hfe08 :: Forcibly submitting gdasensprepmet04
2021-06-30 21:33:35 +0000 :: hfe08 :: Submission status of gdasensprepmet04 is pending at druby://hfe08:36902
2021-06-30 21:33:35 +0000 :: hfe08 :: Forcibly submitting gdasensprepmet05
2021-06-30 21:33:35 +0000 :: hfe08 :: Submission status of gdasensprepmet05 is pending at druby://hfe08:36902
2021-06-30 21:55:23 +0000 :: hfe08 :: Submission status of previously pending gdasensprepmet01 is success, jobid=20285050
2021-06-30 21:55:23 +0000 :: hfe08 :: Submission status of previously pending gdasensprepmet02 is success, jobid=20285051
2021-06-30 21:55:23 +0000 :: hfe08 :: Submission status of previously pending gdasensprepmet03 is success, jobid=20285052
2021-06-30 21:55:23 +0000 :: hfe08 :: Submission status of previously pending gdasensprepmet04 is success, jobid=20285053
2021-06-30 21:55:23 +0000 :: hfe08 :: Submission status of previously pending gdasensprepmet05 is success, jobid=20285054
2021-06-30 21:55:23 +0000 :: hfe08 :: Task gdasprepmet, jobid=20285047, in state SUCCEEDED (COMPLETED), ran for 180.0 seconds, exit status=0, try=5 (of 2)
2021-06-30 21:55:23 +0000 :: hfe08 :: Task gdasensprepmet01, jobid=20285050, in state DEAD (FAILED), ran for 354.0 seconds, exit status=256, try=3 (of 2)
2021-06-30 21:55:23 +0000 :: hfe08 :: Task gdasensprepmet02, jobid=20285051, in state DEAD (FAILED), ran for 358.0 seconds, exit status=256, try=3 (of 2)
2021-06-30 21:55:23 +0000 :: hfe08 :: Task gdasensprepmet03, jobid=20285052, in state DEAD (FAILED), ran for 354.0 seconds, exit status=256, try=3 (of 2)
2021-06-30 21:55:23 +0000 :: hfe08 :: Task gdasensprepmet04, jobid=20285053, in state DEAD (FAILED), ran for 356.0 seconds, exit status=256, try=3 (of 2)
2021-06-30 21:55:23 +0000 :: hfe08 :: Task gdasensprepmet05, jobid=20285054, in state DEAD (FAILED), ran for 363.0 seconds, exit status=256, try=3 (of 2)
2021-06-30 21:59:53 +0000 :: hfe08 :: Forcibly submitting gdasensprepmet01
2021-06-30 21:59:53 +0000 :: hfe08 :: Submission status of gdasensprepmet01 is pending at druby://hfe08:37207
2021-06-30 21:59:53 +0000 :: hfe08 :: Forcibly submitting gdasensprepmet02
2021-06-30 21:59:53 +0000 :: hfe08 :: Submission status of gdasensprepmet02 is pending at druby://hfe08:37207
2021-06-30 21:59:53 +0000 :: hfe08 :: Forcibly submitting gdasensprepmet03
2021-06-30 21:59:53 +0000 :: hfe08 :: Submission status of gdasensprepmet03 is pending at druby://hfe08:37207
2021-06-30 21:59:53 +0000 :: hfe08 :: Forcibly submitting gdasensprepmet04
2021-06-30 21:59:53 +0000 :: hfe08 :: Submission status of gdasensprepmet04 is pending at druby://hfe08:37207
2021-06-30 21:59:53 +0000 :: hfe08 :: Forcibly submitting gdasensprepmet05
2021-06-30 21:59:53 +0000 :: hfe08 :: Submission status of gdasensprepmet05 is pending at druby://hfe08:37207
2021-06-30 22:06:55 +0000 :: hfe08 :: Submission status of previously pending gdasensprepmet01 is success, jobid=20285670
2021-06-30 22:06:55 +0000 :: hfe08 :: Submission status of previously pending gdasensprepmet02 is success, jobid=20285671
2021-06-30 22:06:55 +0000 :: hfe08 :: Submission status of previously pending gdasensprepmet03 is success, jobid=20285672
2021-06-30 22:06:55 +0000 :: hfe08 :: Submission status of previously pending gdasensprepmet04 is success, jobid=20285673
2021-06-30 22:06:55 +0000 :: hfe08 :: Submission status of previously pending gdasensprepmet05 is success, jobid=20285674
2021-06-30 22:06:55 +0000 :: hfe08 :: Task gdasensprepmet01, jobid=20285670, in state SUCCEEDED (COMPLETED), ran for 358.0 seconds, exit status=0, try=1 (of 2)
2021-06-30 22:06:55 +0000 :: hfe08 :: Task gdasensprepmet02, jobid=20285671, in state SUCCEEDED (COMPLETED), ran for 323.0 seconds, exit status=0, try=1 (of 2)
2021-06-30 22:06:55 +0000 :: hfe08 :: Task gdasensprepmet03, jobid=20285672, in state SUCCEEDED (COMPLETED), ran for 345.0 seconds, exit status=0, try=1 (of 2)
2021-06-30 22:06:55 +0000 :: hfe08 :: Task gdasensprepmet04, jobid=20285673, in state SUCCEEDED (COMPLETED), ran for 355.0 seconds, exit status=0, try=1 (of 2)
2021-06-30 22:06:55 +0000 :: hfe08 :: Task gdasensprepmet05, jobid=20285674, in state SUCCEEDED (COMPLETED), ran for 391.0 seconds, exit status=0, try=1 (of 2)
2021-06-30 22:06:55 +0000 :: hfe08 :: This cycle is complete: Success
2021-06-30 22:28:28 +0000 :: hfe08 :: Submitting gdasprepmet
2021-06-30 22:28:28 +0000 :: hfe08 :: Submitting gdasensprepmet01
2021-06-30 22:28:28 +0000 :: hfe08 :: Submitting gdasensprepmet02
2021-06-30 22:28:28 +0000 :: hfe08 :: Submitting gdasensprepmet03
2021-06-30 22:28:28 +0000 :: hfe08 :: Submitting gdasensprepmet04
2021-06-30 22:28:29 +0000 :: hfe08 :: Submitting gdasensprepmet05
2021-06-30 22:28:29 +0000 :: hfe08 :: Submission of gdasprepmet succeeded, jobid=20286811
2021-06-30 22:28:29 +0000 :: hfe08 :: Submission of gdasensprepmet01 succeeded, jobid=20286812
2021-06-30 22:28:29 +0000 :: hfe08 :: Submission of gdasensprepmet02 succeeded, jobid=20286814
2021-06-30 22:28:29 +0000 :: hfe08 :: Submission of gdasensprepmet03 succeeded, jobid=20286815
2021-06-30 22:28:29 +0000 :: hfe08 :: Submission of gdasensprepmet04 succeeded, jobid=20286816
2021-06-30 22:28:29 +0000 :: hfe08 :: Submission of gdasensprepmet05 succeeded, jobid=20286817
2021-06-30 22:30:41 +0000 :: hfe03 :: Task gdasprepmet, jobid=20286811, in state QUEUED (PENDING)
2021-06-30 22:30:41 +0000 :: hfe03 :: Task gdasensprepmet01, jobid=20286812, in state QUEUED (PENDING)
2021-06-30 22:30:41 +0000 :: hfe03 :: Task gdasensprepmet02, jobid=20286814, in state QUEUED (PENDING)
2021-06-30 22:30:41 +0000 :: hfe03 :: Task gdasensprepmet03, jobid=20286815, in state QUEUED (PENDING)
2021-06-30 22:30:41 +0000 :: hfe03 :: Task gdasensprepmet04, jobid=20286816, in state QUEUED (PENDING)
2021-06-30 22:30:41 +0000 :: hfe03 :: Task gdasensprepmet05, jobid=20286817, in state QUEUED (PENDING)
2021-06-30 22:35:13 +0000 :: hfe03 :: Task gdasprepmet, jobid=20286811, in state RUNNING (RUNNING)
2021-06-30 22:35:13 +0000 :: hfe03 :: Task gdasensprepmet01, jobid=20286812, in state RUNNING (RUNNING)
2021-06-30 22:35:13 +0000 :: hfe03 :: Task gdasensprepmet02, jobid=20286814, in state RUNNING (RUNNING)
2021-06-30 22:35:13 +0000 :: hfe03 :: Task gdasensprepmet03, jobid=20286815, in state RUNNING (RUNNING)
2021-06-30 22:35:13 +0000 :: hfe03 :: Task gdasensprepmet04, jobid=20286816, in state QUEUED (PENDING)
2021-06-30 22:35:13 +0000 :: hfe03 :: Task gdasensprepmet05, jobid=20286817, in state QUEUED (PENDING)
2021-06-30 22:40:11 +0000 :: hfe03 :: Task gdasprepmet, jobid=20286811, in state SUCCEEDED (COMPLETED), ran for 174.0 seconds, exit status=0, try=1 (of 2)
2021-06-30 22:40:11 +0000 :: hfe03 :: Task gdasensprepmet01, jobid=20286812, in state RUNNING (RUNNING)
2021-06-30 22:40:11 +0000 :: hfe03 :: Task gdasensprepmet02, jobid=20286814, in state RUNNING (RUNNING)
2021-06-30 22:40:11 +0000 :: hfe03 :: Task gdasensprepmet03, jobid=20286815, in state RUNNING (RUNNING)
2021-06-30 22:40:11 +0000 :: hfe03 :: Task gdasensprepmet04, jobid=20286816, in state RUNNING (RUNNING)
2021-06-30 22:40:11 +0000 :: hfe03 :: Task gdasensprepmet05, jobid=20286817, in state RUNNING (RUNNING)
2021-06-30 22:45:10 +0000 :: hfe03 :: Task gdasensprepmet01, jobid=20286812, in state SUCCEEDED (COMPLETED), ran for 430.0 seconds, exit status=0, try=1 (of 2)
2021-06-30 22:45:10 +0000 :: hfe03 :: Task gdasensprepmet02, jobid=20286814, in state SUCCEEDED (COMPLETED), ran for 425.0 seconds, exit status=0, try=1 (of 2)
2021-06-30 22:45:10 +0000 :: hfe03 :: Task gdasensprepmet03, jobid=20286815, in state SUCCEEDED (COMPLETED), ran for 423.0 seconds, exit status=0, try=1 (of 2)
2021-06-30 22:45:10 +0000 :: hfe03 :: Task gdasensprepmet04, jobid=20286816, in state SUCCEEDED (COMPLETED), ran for 408.0 seconds, exit status=0, try=1 (of 2)
2021-06-30 22:45:10 +0000 :: hfe03 :: Task gdasensprepmet05, jobid=20286817, in state SUCCEEDED (COMPLETED), ran for 409.0 seconds, exit status=0, try=1 (of 2)
2021-06-30 22:45:10 +0000 :: hfe03 :: This cycle is complete: Success
