2021-06-30 21:55:23 +0000 :: hfe08 :: Forcibly submitting gdasprepmet
2021-06-30 21:55:23 +0000 :: hfe08 :: Submission status of gdasprepmet is pending at druby://hfe08:34215
2021-06-30 21:59:00 +0000 :: hfe08 :: Submission status of previously pending gdasprepmet is success, jobid=20285620
2021-06-30 21:59:00 +0000 :: hfe08 :: Task gdasprepmet, jobid=20285620, in state DEAD (CANCELLED), ran for 3.0 seconds, exit status=-1, try=3 (of 2)
2021-06-30 22:06:55 +0000 :: hfe08 :: Forcibly submitting gdasensprepmet01
2021-06-30 22:06:55 +0000 :: hfe08 :: Submission status of gdasensprepmet01 is pending at druby://hfe08:40448
2021-06-30 22:06:55 +0000 :: hfe08 :: Forcibly submitting gdasensprepmet02
2021-06-30 22:06:55 +0000 :: hfe08 :: Submission status of gdasensprepmet02 is pending at druby://hfe08:40448
2021-06-30 22:06:55 +0000 :: hfe08 :: Forcibly submitting gdasensprepmet03
2021-06-30 22:06:55 +0000 :: hfe08 :: Submission status of gdasensprepmet03 is pending at druby://hfe08:40448
2021-06-30 22:06:55 +0000 :: hfe08 :: Forcibly submitting gdasensprepmet04
2021-06-30 22:06:55 +0000 :: hfe08 :: Submission status of gdasensprepmet04 is pending at druby://hfe08:40448
2021-06-30 22:06:55 +0000 :: hfe08 :: Forcibly submitting gdasensprepmet05
2021-06-30 22:06:55 +0000 :: hfe08 :: Submission status of gdasensprepmet05 is pending at druby://hfe08:40448
2021-06-30 22:07:02 +0000 :: hfe08 :: Submission status of previously pending gdasensprepmet01 is success, jobid=20285943
2021-06-30 22:07:02 +0000 :: hfe08 :: Submission status of previously pending gdasensprepmet02 is success, jobid=20285944
2021-06-30 22:07:02 +0000 :: hfe08 :: Submission status of previously pending gdasensprepmet03 is success, jobid=20285945
2021-06-30 22:07:02 +0000 :: hfe08 :: Submission status of previously pending gdasensprepmet04 is success, jobid=20285946
2021-06-30 22:07:02 +0000 :: hfe08 :: Submission status of previously pending gdasensprepmet05 is success, jobid=20285947
2021-06-30 22:07:02 +0000 :: hfe08 :: Task gdasensprepmet01, jobid=20285943, in state RUNNING (RUNNING)
2021-06-30 22:07:02 +0000 :: hfe08 :: Task gdasensprepmet02, jobid=20285944, in state RUNNING (RUNNING)
2021-06-30 22:07:02 +0000 :: hfe08 :: Task gdasensprepmet03, jobid=20285945, in state RUNNING (RUNNING)
2021-06-30 22:07:02 +0000 :: hfe08 :: Task gdasensprepmet04, jobid=20285946, in state RUNNING (RUNNING)
2021-06-30 22:07:02 +0000 :: hfe08 :: Task gdasensprepmet05, jobid=20285947, in state RUNNING (RUNNING)
2021-06-30 22:07:02 +0000 :: hfe08 :: Forcibly submitting gdasprepmet
2021-06-30 22:07:02 +0000 :: hfe08 :: Submission status of gdasprepmet is pending at druby://hfe08:38157
2021-06-30 22:13:34 +0000 :: hfe08 :: Submission status of previously pending gdasprepmet is success, jobid=20285949
2021-06-30 22:13:34 +0000 :: hfe08 :: Task gdasprepmet, jobid=20285949, in state SUCCEEDED (COMPLETED), ran for 179.0 seconds, exit status=0, try=5 (of 2)
2021-06-30 22:13:34 +0000 :: hfe08 :: Task gdasensprepmet01, jobid=20285943, in state SUCCEEDED (COMPLETED), ran for 316.0 seconds, exit status=0, try=1 (of 2)
2021-06-30 22:13:34 +0000 :: hfe08 :: Task gdasensprepmet02, jobid=20285944, in state SUCCEEDED (COMPLETED), ran for 309.0 seconds, exit status=0, try=1 (of 2)
2021-06-30 22:13:34 +0000 :: hfe08 :: Task gdasensprepmet03, jobid=20285945, in state SUCCEEDED (COMPLETED), ran for 322.0 seconds, exit status=0, try=1 (of 2)
2021-06-30 22:13:34 +0000 :: hfe08 :: Task gdasensprepmet04, jobid=20285946, in state SUCCEEDED (COMPLETED), ran for 305.0 seconds, exit status=0, try=1 (of 2)
2021-06-30 22:13:34 +0000 :: hfe08 :: Task gdasensprepmet05, jobid=20285947, in state SUCCEEDED (COMPLETED), ran for 305.0 seconds, exit status=0, try=1 (of 2)
2021-06-30 22:13:34 +0000 :: hfe08 :: This cycle is complete: Success
2021-06-30 22:28:29 +0000 :: hfe08 :: Submitting gdasprepmet
2021-06-30 22:28:29 +0000 :: hfe08 :: Submitting gdasensprepmet01
2021-06-30 22:28:29 +0000 :: hfe08 :: Submitting gdasensprepmet02
2021-06-30 22:28:29 +0000 :: hfe08 :: Submitting gdasensprepmet03
2021-06-30 22:28:29 +0000 :: hfe08 :: Submitting gdasensprepmet04
2021-06-30 22:28:29 +0000 :: hfe08 :: Submitting gdasensprepmet05
2021-06-30 22:28:29 +0000 :: hfe08 :: Submission of gdasprepmet succeeded, jobid=20286818
2021-06-30 22:28:29 +0000 :: hfe08 :: Submission of gdasensprepmet01 succeeded, jobid=20286819
2021-06-30 22:28:29 +0000 :: hfe08 :: Submission of gdasensprepmet02 succeeded, jobid=20286820
2021-06-30 22:28:29 +0000 :: hfe08 :: Submission of gdasensprepmet03 succeeded, jobid=20286821
2021-06-30 22:28:29 +0000 :: hfe08 :: Submission of gdasensprepmet04 succeeded, jobid=20286822
2021-06-30 22:28:29 +0000 :: hfe08 :: Submission of gdasensprepmet05 succeeded, jobid=20286823
2021-06-30 22:30:41 +0000 :: hfe03 :: Task gdasprepmet, jobid=20286818, in state QUEUED (PENDING)
2021-06-30 22:30:41 +0000 :: hfe03 :: Task gdasensprepmet01, jobid=20286819, in state QUEUED (PENDING)
2021-06-30 22:30:41 +0000 :: hfe03 :: Task gdasensprepmet02, jobid=20286820, in state QUEUED (PENDING)
2021-06-30 22:30:41 +0000 :: hfe03 :: Task gdasensprepmet03, jobid=20286821, in state QUEUED (PENDING)
2021-06-30 22:30:41 +0000 :: hfe03 :: Task gdasensprepmet04, jobid=20286822, in state QUEUED (PENDING)
2021-06-30 22:30:41 +0000 :: hfe03 :: Task gdasensprepmet05, jobid=20286823, in state QUEUED (PENDING)
2021-06-30 22:35:13 +0000 :: hfe03 :: Task gdasprepmet, jobid=20286818, in state QUEUED (PENDING)
2021-06-30 22:35:13 +0000 :: hfe03 :: Task gdasensprepmet01, jobid=20286819, in state QUEUED (PENDING)
2021-06-30 22:35:13 +0000 :: hfe03 :: Task gdasensprepmet02, jobid=20286820, in state QUEUED (PENDING)
2021-06-30 22:35:13 +0000 :: hfe03 :: Task gdasensprepmet03, jobid=20286821, in state QUEUED (PENDING)
2021-06-30 22:35:13 +0000 :: hfe03 :: Task gdasensprepmet04, jobid=20286822, in state QUEUED (PENDING)
2021-06-30 22:35:13 +0000 :: hfe03 :: Task gdasensprepmet05, jobid=20286823, in state QUEUED (PENDING)
2021-06-30 22:40:11 +0000 :: hfe03 :: Task gdasprepmet, jobid=20286818, in state SUCCEEDED (COMPLETED), ran for 182.0 seconds, exit status=0, try=1 (of 2)
2021-06-30 22:40:11 +0000 :: hfe03 :: Task gdasensprepmet01, jobid=20286819, in state RUNNING (RUNNING)
2021-06-30 22:40:11 +0000 :: hfe03 :: Task gdasensprepmet02, jobid=20286820, in state RUNNING (RUNNING)
2021-06-30 22:40:11 +0000 :: hfe03 :: Task gdasensprepmet03, jobid=20286821, in state RUNNING (RUNNING)
2021-06-30 22:40:11 +0000 :: hfe03 :: Task gdasensprepmet04, jobid=20286822, in state RUNNING (RUNNING)
2021-06-30 22:40:11 +0000 :: hfe03 :: Task gdasensprepmet05, jobid=20286823, in state RUNNING (RUNNING)
2021-06-30 22:45:10 +0000 :: hfe03 :: Task gdasensprepmet01, jobid=20286819, in state SUCCEEDED (COMPLETED), ran for 415.0 seconds, exit status=0, try=1 (of 2)
2021-06-30 22:45:10 +0000 :: hfe03 :: Task gdasensprepmet02, jobid=20286820, in state SUCCEEDED (COMPLETED), ran for 411.0 seconds, exit status=0, try=1 (of 2)
2021-06-30 22:45:10 +0000 :: hfe03 :: Task gdasensprepmet03, jobid=20286821, in state SUCCEEDED (COMPLETED), ran for 417.0 seconds, exit status=0, try=1 (of 2)
2021-06-30 22:45:10 +0000 :: hfe03 :: Task gdasensprepmet04, jobid=20286822, in state SUCCEEDED (COMPLETED), ran for 414.0 seconds, exit status=0, try=1 (of 2)
2021-06-30 22:45:10 +0000 :: hfe03 :: Task gdasensprepmet05, jobid=20286823, in state SUCCEEDED (COMPLETED), ran for 401.0 seconds, exit status=0, try=1 (of 2)
2021-06-30 22:45:10 +0000 :: hfe03 :: This cycle is complete: Success
