2021-06-30 22:13:35 +0000 :: hfe08 :: Submitting gdasensprepmet01
2021-06-30 22:13:35 +0000 :: hfe08 :: Submitting gdasensprepmet02
2021-06-30 22:13:35 +0000 :: hfe08 :: Submitting gdasensprepmet03
2021-06-30 22:13:35 +0000 :: hfe08 :: Submitting gdasensprepmet04
2021-06-30 22:13:35 +0000 :: hfe08 :: Submitting gdasensprepmet05
2021-06-30 22:13:35 +0000 :: hfe08 :: Submission status of gdasensprepmet01 is pending at druby://hfe08:44706
2021-06-30 22:13:35 +0000 :: hfe08 :: Submission status of gdasensprepmet02 is pending at druby://hfe08:44706
2021-06-30 22:13:35 +0000 :: hfe08 :: Submission status of gdasensprepmet03 is pending at druby://hfe08:44706
2021-06-30 22:13:35 +0000 :: hfe08 :: Submission status of gdasensprepmet04 is pending at druby://hfe08:44706
2021-06-30 22:13:35 +0000 :: hfe08 :: Submission status of gdasensprepmet05 is pending at druby://hfe08:44706
2021-06-30 22:18:29 +0000 :: hfe08 :: Submission status of previously pending gdasensprepmet01 is success, jobid=20286138
2021-06-30 22:18:29 +0000 :: hfe08 :: Submission status of previously pending gdasensprepmet02 is success, jobid=20286142
2021-06-30 22:18:29 +0000 :: hfe08 :: Submission status of previously pending gdasensprepmet03 is success, jobid=20286140
2021-06-30 22:18:29 +0000 :: hfe08 :: Submission status of previously pending gdasensprepmet04 is success, jobid=20286141
2021-06-30 22:18:29 +0000 :: hfe08 :: Submission status of previously pending gdasensprepmet05 is success, jobid=20286139
2021-06-30 22:18:29 +0000 :: hfe08 :: Task gdasensprepmet01, jobid=20286138, in state RUNNING (RUNNING)
2021-06-30 22:18:29 +0000 :: hfe08 :: Task gdasensprepmet02, jobid=20286142, in state RUNNING (RUNNING)
2021-06-30 22:18:29 +0000 :: hfe08 :: Task gdasensprepmet03, jobid=20286140, in state RUNNING (RUNNING)
2021-06-30 22:18:29 +0000 :: hfe08 :: Task gdasensprepmet04, jobid=20286141, in state RUNNING (RUNNING)
2021-06-30 22:18:29 +0000 :: hfe08 :: Task gdasensprepmet05, jobid=20286139, in state RUNNING (RUNNING)
2021-06-30 22:18:29 +0000 :: hfe08 :: Forcibly submitting gdasprepmet
2021-06-30 22:18:29 +0000 :: hfe08 :: Submission status of gdasprepmet is pending at druby://hfe08:32980
2021-06-30 22:22:50 +0000 :: hfe08 :: Submission status of previously pending gdasprepmet is success, jobid=20286497
2021-06-30 22:22:50 +0000 :: hfe08 :: Task gdasprepmet, jobid=20286497, in state SUCCEEDED (COMPLETED), ran for 205.0 seconds, exit status=0, try=3 (of 2)
2021-06-30 22:22:50 +0000 :: hfe08 :: Task gdasensprepmet01, jobid=20286138, in state SUCCEEDED (COMPLETED), ran for 305.0 seconds, exit status=0, try=1 (of 2)
2021-06-30 22:22:50 +0000 :: hfe08 :: Task gdasensprepmet02, jobid=20286142, in state SUCCEEDED (COMPLETED), ran for 313.0 seconds, exit status=0, try=1 (of 2)
2021-06-30 22:22:50 +0000 :: hfe08 :: Task gdasensprepmet03, jobid=20286140, in state SUCCEEDED (COMPLETED), ran for 297.0 seconds, exit status=0, try=1 (of 2)
2021-06-30 22:22:50 +0000 :: hfe08 :: Task gdasensprepmet04, jobid=20286141, in state SUCCEEDED (COMPLETED), ran for 302.0 seconds, exit status=0, try=1 (of 2)
2021-06-30 22:22:50 +0000 :: hfe08 :: Task gdasensprepmet05, jobid=20286139, in state SUCCEEDED (COMPLETED), ran for 302.0 seconds, exit status=0, try=1 (of 2)
2021-06-30 22:22:50 +0000 :: hfe08 :: This cycle is complete: Success
2021-06-30 22:28:29 +0000 :: hfe08 :: Submitting gdasprepmet
2021-06-30 22:28:29 +0000 :: hfe08 :: Submitting gdasensprepmet01
2021-06-30 22:28:29 +0000 :: hfe08 :: Submitting gdasensprepmet02
2021-06-30 22:28:29 +0000 :: hfe08 :: Submitting gdasensprepmet03
2021-06-30 22:28:29 +0000 :: hfe08 :: Submitting gdasensprepmet04
2021-06-30 22:28:29 +0000 :: hfe08 :: Submitting gdasensprepmet05
2021-06-30 22:28:29 +0000 :: hfe08 :: Submission of gdasprepmet succeeded, jobid=20286824
2021-06-30 22:28:29 +0000 :: hfe08 :: Submission of gdasensprepmet01 succeeded, jobid=20286825
2021-06-30 22:28:29 +0000 :: hfe08 :: Submission of gdasensprepmet02 succeeded, jobid=20286826
2021-06-30 22:28:29 +0000 :: hfe08 :: Submission of gdasensprepmet03 succeeded, jobid=20286827
2021-06-30 22:28:29 +0000 :: hfe08 :: Submission of gdasensprepmet04 succeeded, jobid=20286828
2021-06-30 22:28:29 +0000 :: hfe08 :: Submission of gdasensprepmet05 succeeded, jobid=20286829
2021-06-30 22:30:41 +0000 :: hfe03 :: Task gdasprepmet, jobid=20286824, in state QUEUED (PENDING)
2021-06-30 22:30:41 +0000 :: hfe03 :: Task gdasensprepmet01, jobid=20286825, in state QUEUED (PENDING)
2021-06-30 22:30:41 +0000 :: hfe03 :: Task gdasensprepmet02, jobid=20286826, in state QUEUED (PENDING)
2021-06-30 22:30:41 +0000 :: hfe03 :: Task gdasensprepmet03, jobid=20286827, in state QUEUED (PENDING)
2021-06-30 22:30:41 +0000 :: hfe03 :: Task gdasensprepmet04, jobid=20286828, in state QUEUED (PENDING)
2021-06-30 22:30:41 +0000 :: hfe03 :: Task gdasensprepmet05, jobid=20286829, in state QUEUED (PENDING)
2021-06-30 22:35:13 +0000 :: hfe03 :: Task gdasprepmet, jobid=20286824, in state QUEUED (PENDING)
2021-06-30 22:35:13 +0000 :: hfe03 :: Task gdasensprepmet01, jobid=20286825, in state QUEUED (PENDING)
2021-06-30 22:35:13 +0000 :: hfe03 :: Task gdasensprepmet02, jobid=20286826, in state QUEUED (PENDING)
2021-06-30 22:35:13 +0000 :: hfe03 :: Task gdasensprepmet03, jobid=20286827, in state QUEUED (PENDING)
2021-06-30 22:35:13 +0000 :: hfe03 :: Task gdasensprepmet04, jobid=20286828, in state QUEUED (PENDING)
2021-06-30 22:35:13 +0000 :: hfe03 :: Task gdasensprepmet05, jobid=20286829, in state QUEUED (PENDING)
2021-06-30 22:40:11 +0000 :: hfe03 :: Task gdasprepmet, jobid=20286824, in state SUCCEEDED (COMPLETED), ran for 183.0 seconds, exit status=0, try=1 (of 2)
2021-06-30 22:40:11 +0000 :: hfe03 :: Task gdasensprepmet01, jobid=20286825, in state RUNNING (RUNNING)
2021-06-30 22:40:11 +0000 :: hfe03 :: Task gdasensprepmet02, jobid=20286826, in state RUNNING (RUNNING)
2021-06-30 22:40:11 +0000 :: hfe03 :: Task gdasensprepmet03, jobid=20286827, in state RUNNING (RUNNING)
2021-06-30 22:40:11 +0000 :: hfe03 :: Task gdasensprepmet04, jobid=20286828, in state RUNNING (RUNNING)
2021-06-30 22:40:11 +0000 :: hfe03 :: Task gdasensprepmet05, jobid=20286829, in state RUNNING (RUNNING)
2021-06-30 22:45:10 +0000 :: hfe03 :: Task gdasensprepmet01, jobid=20286825, in state SUCCEEDED (COMPLETED), ran for 413.0 seconds, exit status=0, try=1 (of 2)
2021-06-30 22:45:10 +0000 :: hfe03 :: Task gdasensprepmet02, jobid=20286826, in state SUCCEEDED (COMPLETED), ran for 406.0 seconds, exit status=0, try=1 (of 2)
2021-06-30 22:45:10 +0000 :: hfe03 :: Task gdasensprepmet03, jobid=20286827, in state SUCCEEDED (COMPLETED), ran for 415.0 seconds, exit status=0, try=1 (of 2)
2021-06-30 22:45:10 +0000 :: hfe03 :: Task gdasensprepmet04, jobid=20286828, in state SUCCEEDED (COMPLETED), ran for 406.0 seconds, exit status=0, try=1 (of 2)
2021-06-30 22:45:10 +0000 :: hfe03 :: Task gdasensprepmet05, jobid=20286829, in state SUCCEEDED (COMPLETED), ran for 394.0 seconds, exit status=0, try=1 (of 2)
2021-06-30 22:45:10 +0000 :: hfe03 :: This cycle is complete: Success
